ARM GAS  C:\Users\NATHAN~1\AppData\Local\Temp\ccPKIJbd.s 			page 1


   1              		.cpu cortex-m4
   2              		.arch armv7e-m
   3              		.fpu softvfp
   4              		.eabi_attribute 20, 1
   5              		.eabi_attribute 21, 1
   6              		.eabi_attribute 23, 3
   7              		.eabi_attribute 24, 1
   8              		.eabi_attribute 25, 1
   9              		.eabi_attribute 26, 1
  10              		.eabi_attribute 30, 1
  11              		.eabi_attribute 34, 1
  12              		.eabi_attribute 18, 4
  13              		.file	"dma.c"
  14              		.text
  15              	.Ltext0:
  16              		.cfi_sections	.debug_frame
  17              		.section	.text.MX_DMA_Init,"ax",%progbits
  18              		.align	1
  19              		.global	MX_DMA_Init
  20              		.syntax unified
  21              		.thumb
  22              		.thumb_func
  24              	MX_DMA_Init:
  25              	.LFB968:
  26              		.file 1 "Core/Src/dma.c"
   1:Core/Src/dma.c **** /* USER CODE BEGIN Header */
   2:Core/Src/dma.c **** /**
   3:Core/Src/dma.c ****   ******************************************************************************
   4:Core/Src/dma.c ****   * @file    dma.c
   5:Core/Src/dma.c ****   * @brief   This file provides code for the configuration
   6:Core/Src/dma.c ****   *          of all the requested memory to memory DMA transfers.
   7:Core/Src/dma.c ****   ******************************************************************************
   8:Core/Src/dma.c ****   * @attention
   9:Core/Src/dma.c ****   *
  10:Core/Src/dma.c ****   * Copyright (c) 2022 STMicroelectronics.
  11:Core/Src/dma.c ****   * All rights reserved.
  12:Core/Src/dma.c ****   *
  13:Core/Src/dma.c ****   * This software is licensed under terms that can be found in the LICENSE file
  14:Core/Src/dma.c ****   * in the root directory of this software component.
  15:Core/Src/dma.c ****   * If no LICENSE file comes with this software, it is provided AS-IS.
  16:Core/Src/dma.c ****   *
  17:Core/Src/dma.c ****   ******************************************************************************
  18:Core/Src/dma.c ****   */
  19:Core/Src/dma.c **** /* USER CODE END Header */
  20:Core/Src/dma.c **** 
  21:Core/Src/dma.c **** /* Includes ------------------------------------------------------------------*/
  22:Core/Src/dma.c **** #include "dma.h"
  23:Core/Src/dma.c **** 
  24:Core/Src/dma.c **** /* USER CODE BEGIN 0 */
  25:Core/Src/dma.c **** 
  26:Core/Src/dma.c **** /* USER CODE END 0 */
  27:Core/Src/dma.c **** 
  28:Core/Src/dma.c **** /*----------------------------------------------------------------------------*/
  29:Core/Src/dma.c **** /* Configure DMA                                                              */
  30:Core/Src/dma.c **** /*----------------------------------------------------------------------------*/
  31:Core/Src/dma.c **** 
  32:Core/Src/dma.c **** /* USER CODE BEGIN 1 */
ARM GAS  C:\Users\NATHAN~1\AppData\Local\Temp\ccPKIJbd.s 			page 2


  33:Core/Src/dma.c **** 
  34:Core/Src/dma.c **** /* USER CODE END 1 */
  35:Core/Src/dma.c **** 
  36:Core/Src/dma.c **** /**
  37:Core/Src/dma.c ****   * Enable DMA controller clock
  38:Core/Src/dma.c ****   */
  39:Core/Src/dma.c **** void MX_DMA_Init(void)
  40:Core/Src/dma.c **** {
  27              		.loc 1 40 1 view -0
  28              		.cfi_startproc
  29              		@ args = 0, pretend = 0, frame = 8
  30              		@ frame_needed = 0, uses_anonymous_args = 0
  31 0000 00B5     		push	{lr}
  32              	.LCFI0:
  33              		.cfi_def_cfa_offset 4
  34              		.cfi_offset 14, -4
  35 0002 83B0     		sub	sp, sp, #12
  36              	.LCFI1:
  37              		.cfi_def_cfa_offset 16
  41:Core/Src/dma.c **** 
  42:Core/Src/dma.c ****   /* DMA controller clock enable */
  43:Core/Src/dma.c ****   __HAL_RCC_DMAMUX1_CLK_ENABLE();
  38              		.loc 1 43 3 view .LVU1
  39              	.LVL0:
  40              	.LBB6:
  41              	.LBI6:
  42              		.file 2 "Drivers/STM32WLxx_HAL_Driver/Inc/stm32wlxx_ll_bus.h"
   1:Drivers/STM32WLxx_HAL_Driver/Inc/stm32wlxx_ll_bus.h **** /**
   2:Drivers/STM32WLxx_HAL_Driver/Inc/stm32wlxx_ll_bus.h ****   ******************************************************************************
   3:Drivers/STM32WLxx_HAL_Driver/Inc/stm32wlxx_ll_bus.h ****   * @file    stm32wlxx_ll_bus.h
   4:Drivers/STM32WLxx_HAL_Driver/Inc/stm32wlxx_ll_bus.h ****   * @author  MCD Application Team
   5:Drivers/STM32WLxx_HAL_Driver/Inc/stm32wlxx_ll_bus.h ****   * @brief   Header file of BUS LL module.
   6:Drivers/STM32WLxx_HAL_Driver/Inc/stm32wlxx_ll_bus.h ****   @verbatim
   7:Drivers/STM32WLxx_HAL_Driver/Inc/stm32wlxx_ll_bus.h ****                       ##### RCC Limitations #####
   8:Drivers/STM32WLxx_HAL_Driver/Inc/stm32wlxx_ll_bus.h ****   ==============================================================================
   9:Drivers/STM32WLxx_HAL_Driver/Inc/stm32wlxx_ll_bus.h ****     [..]
  10:Drivers/STM32WLxx_HAL_Driver/Inc/stm32wlxx_ll_bus.h ****       A delay between an RCC peripheral clock enable and the effective peripheral
  11:Drivers/STM32WLxx_HAL_Driver/Inc/stm32wlxx_ll_bus.h ****       enabling should be taken into account in order to manage the peripheral read/write
  12:Drivers/STM32WLxx_HAL_Driver/Inc/stm32wlxx_ll_bus.h ****       from/to registers.w<
  13:Drivers/STM32WLxx_HAL_Driver/Inc/stm32wlxx_ll_bus.h ****       (+) This delay depends on the peripheral mapping.
  14:Drivers/STM32WLxx_HAL_Driver/Inc/stm32wlxx_ll_bus.h ****         (++) AHB & APB peripherals, 1 dummy read is necessary
  15:Drivers/STM32WLxx_HAL_Driver/Inc/stm32wlxx_ll_bus.h **** 
  16:Drivers/STM32WLxx_HAL_Driver/Inc/stm32wlxx_ll_bus.h ****     [..]
  17:Drivers/STM32WLxx_HAL_Driver/Inc/stm32wlxx_ll_bus.h ****       Workarounds:
  18:Drivers/STM32WLxx_HAL_Driver/Inc/stm32wlxx_ll_bus.h ****       (#) For AHB & APB peripherals, a dummy read to the peripheral register has been
  19:Drivers/STM32WLxx_HAL_Driver/Inc/stm32wlxx_ll_bus.h ****           inserted in each LL_{BUS}_GRP{x}_EnableClock() function.
  20:Drivers/STM32WLxx_HAL_Driver/Inc/stm32wlxx_ll_bus.h **** 
  21:Drivers/STM32WLxx_HAL_Driver/Inc/stm32wlxx_ll_bus.h ****   @endverbatim
  22:Drivers/STM32WLxx_HAL_Driver/Inc/stm32wlxx_ll_bus.h ****   ******************************************************************************
  23:Drivers/STM32WLxx_HAL_Driver/Inc/stm32wlxx_ll_bus.h ****   * @attention
  24:Drivers/STM32WLxx_HAL_Driver/Inc/stm32wlxx_ll_bus.h ****   *
  25:Drivers/STM32WLxx_HAL_Driver/Inc/stm32wlxx_ll_bus.h ****   * <h2><center>&copy; Copyright (c) 2020 STMicroelectronics.
  26:Drivers/STM32WLxx_HAL_Driver/Inc/stm32wlxx_ll_bus.h ****   * All rights reserved.</center></h2>
  27:Drivers/STM32WLxx_HAL_Driver/Inc/stm32wlxx_ll_bus.h ****   *
  28:Drivers/STM32WLxx_HAL_Driver/Inc/stm32wlxx_ll_bus.h ****   * This software component is licensed by ST under BSD 3-Clause license,
  29:Drivers/STM32WLxx_HAL_Driver/Inc/stm32wlxx_ll_bus.h ****   * the "License"; You may not use this file except in compliance with the
  30:Drivers/STM32WLxx_HAL_Driver/Inc/stm32wlxx_ll_bus.h ****   * License. You may obtain a copy of the License at:
ARM GAS  C:\Users\NATHAN~1\AppData\Local\Temp\ccPKIJbd.s 			page 3


  31:Drivers/STM32WLxx_HAL_Driver/Inc/stm32wlxx_ll_bus.h ****   *                       opensource.org/licenses/BSD-3-Clause
  32:Drivers/STM32WLxx_HAL_Driver/Inc/stm32wlxx_ll_bus.h ****   *
  33:Drivers/STM32WLxx_HAL_Driver/Inc/stm32wlxx_ll_bus.h ****   ******************************************************************************
  34:Drivers/STM32WLxx_HAL_Driver/Inc/stm32wlxx_ll_bus.h ****   */
  35:Drivers/STM32WLxx_HAL_Driver/Inc/stm32wlxx_ll_bus.h **** 
  36:Drivers/STM32WLxx_HAL_Driver/Inc/stm32wlxx_ll_bus.h **** /* Define to prevent recursive inclusion -------------------------------------*/
  37:Drivers/STM32WLxx_HAL_Driver/Inc/stm32wlxx_ll_bus.h **** #ifndef __STM32WLxx_LL_BUS_H
  38:Drivers/STM32WLxx_HAL_Driver/Inc/stm32wlxx_ll_bus.h **** #define __STM32WLxx_LL_BUS_H
  39:Drivers/STM32WLxx_HAL_Driver/Inc/stm32wlxx_ll_bus.h **** 
  40:Drivers/STM32WLxx_HAL_Driver/Inc/stm32wlxx_ll_bus.h **** #ifdef __cplusplus
  41:Drivers/STM32WLxx_HAL_Driver/Inc/stm32wlxx_ll_bus.h **** extern "C" {
  42:Drivers/STM32WLxx_HAL_Driver/Inc/stm32wlxx_ll_bus.h **** #endif
  43:Drivers/STM32WLxx_HAL_Driver/Inc/stm32wlxx_ll_bus.h **** 
  44:Drivers/STM32WLxx_HAL_Driver/Inc/stm32wlxx_ll_bus.h **** /* Includes ------------------------------------------------------------------*/
  45:Drivers/STM32WLxx_HAL_Driver/Inc/stm32wlxx_ll_bus.h **** #include "stm32wlxx.h"
  46:Drivers/STM32WLxx_HAL_Driver/Inc/stm32wlxx_ll_bus.h **** 
  47:Drivers/STM32WLxx_HAL_Driver/Inc/stm32wlxx_ll_bus.h **** /** @addtogroup STM32WLxx_LL_Driver
  48:Drivers/STM32WLxx_HAL_Driver/Inc/stm32wlxx_ll_bus.h ****   * @{
  49:Drivers/STM32WLxx_HAL_Driver/Inc/stm32wlxx_ll_bus.h ****   */
  50:Drivers/STM32WLxx_HAL_Driver/Inc/stm32wlxx_ll_bus.h **** 
  51:Drivers/STM32WLxx_HAL_Driver/Inc/stm32wlxx_ll_bus.h **** #if defined(RCC)
  52:Drivers/STM32WLxx_HAL_Driver/Inc/stm32wlxx_ll_bus.h **** 
  53:Drivers/STM32WLxx_HAL_Driver/Inc/stm32wlxx_ll_bus.h **** /** @defgroup BUS_LL BUS
  54:Drivers/STM32WLxx_HAL_Driver/Inc/stm32wlxx_ll_bus.h ****   * @{
  55:Drivers/STM32WLxx_HAL_Driver/Inc/stm32wlxx_ll_bus.h ****   */
  56:Drivers/STM32WLxx_HAL_Driver/Inc/stm32wlxx_ll_bus.h **** 
  57:Drivers/STM32WLxx_HAL_Driver/Inc/stm32wlxx_ll_bus.h **** /* Private types -------------------------------------------------------------*/
  58:Drivers/STM32WLxx_HAL_Driver/Inc/stm32wlxx_ll_bus.h **** /* Private variables ---------------------------------------------------------*/
  59:Drivers/STM32WLxx_HAL_Driver/Inc/stm32wlxx_ll_bus.h **** 
  60:Drivers/STM32WLxx_HAL_Driver/Inc/stm32wlxx_ll_bus.h **** /* Private constants ---------------------------------------------------------*/
  61:Drivers/STM32WLxx_HAL_Driver/Inc/stm32wlxx_ll_bus.h **** 
  62:Drivers/STM32WLxx_HAL_Driver/Inc/stm32wlxx_ll_bus.h **** /* Private macros ------------------------------------------------------------*/
  63:Drivers/STM32WLxx_HAL_Driver/Inc/stm32wlxx_ll_bus.h **** 
  64:Drivers/STM32WLxx_HAL_Driver/Inc/stm32wlxx_ll_bus.h **** /* Exported types ------------------------------------------------------------*/
  65:Drivers/STM32WLxx_HAL_Driver/Inc/stm32wlxx_ll_bus.h **** 
  66:Drivers/STM32WLxx_HAL_Driver/Inc/stm32wlxx_ll_bus.h **** /* Exported constants --------------------------------------------------------*/
  67:Drivers/STM32WLxx_HAL_Driver/Inc/stm32wlxx_ll_bus.h **** /** @defgroup BUS_LL_Exported_Constants BUS Exported Constants
  68:Drivers/STM32WLxx_HAL_Driver/Inc/stm32wlxx_ll_bus.h ****   * @{
  69:Drivers/STM32WLxx_HAL_Driver/Inc/stm32wlxx_ll_bus.h ****   */
  70:Drivers/STM32WLxx_HAL_Driver/Inc/stm32wlxx_ll_bus.h **** 
  71:Drivers/STM32WLxx_HAL_Driver/Inc/stm32wlxx_ll_bus.h **** /** @defgroup BUS_LL_EC_AHB1_GRP1_PERIPH  AHB1 GRP1 PERIPH
  72:Drivers/STM32WLxx_HAL_Driver/Inc/stm32wlxx_ll_bus.h ****   * @{
  73:Drivers/STM32WLxx_HAL_Driver/Inc/stm32wlxx_ll_bus.h ****   */
  74:Drivers/STM32WLxx_HAL_Driver/Inc/stm32wlxx_ll_bus.h **** #define LL_AHB1_GRP1_PERIPH_ALL            (0xFFFFFFFFU)
  75:Drivers/STM32WLxx_HAL_Driver/Inc/stm32wlxx_ll_bus.h **** #define LL_AHB1_GRP1_PERIPH_DMA1           RCC_AHB1ENR_DMA1EN
  76:Drivers/STM32WLxx_HAL_Driver/Inc/stm32wlxx_ll_bus.h **** #define LL_AHB1_GRP1_PERIPH_DMA2           RCC_AHB1ENR_DMA2EN
  77:Drivers/STM32WLxx_HAL_Driver/Inc/stm32wlxx_ll_bus.h **** #define LL_AHB1_GRP1_PERIPH_DMAMUX1        RCC_AHB1ENR_DMAMUX1EN
  78:Drivers/STM32WLxx_HAL_Driver/Inc/stm32wlxx_ll_bus.h **** #define LL_AHB1_GRP1_PERIPH_CRC            RCC_AHB1ENR_CRCEN
  79:Drivers/STM32WLxx_HAL_Driver/Inc/stm32wlxx_ll_bus.h **** /**
  80:Drivers/STM32WLxx_HAL_Driver/Inc/stm32wlxx_ll_bus.h ****   * @}
  81:Drivers/STM32WLxx_HAL_Driver/Inc/stm32wlxx_ll_bus.h ****   */
  82:Drivers/STM32WLxx_HAL_Driver/Inc/stm32wlxx_ll_bus.h **** 
  83:Drivers/STM32WLxx_HAL_Driver/Inc/stm32wlxx_ll_bus.h **** /** @defgroup BUS_LL_EC_AHB2_GRP1_PERIPH  AHB2 GRP1 PERIPH
  84:Drivers/STM32WLxx_HAL_Driver/Inc/stm32wlxx_ll_bus.h ****   * @{
  85:Drivers/STM32WLxx_HAL_Driver/Inc/stm32wlxx_ll_bus.h ****   */
  86:Drivers/STM32WLxx_HAL_Driver/Inc/stm32wlxx_ll_bus.h **** #define LL_AHB2_GRP1_PERIPH_ALL            (0xFFFFFFFFU)
  87:Drivers/STM32WLxx_HAL_Driver/Inc/stm32wlxx_ll_bus.h **** #define LL_AHB2_GRP1_PERIPH_GPIOA          RCC_AHB2ENR_GPIOAEN
ARM GAS  C:\Users\NATHAN~1\AppData\Local\Temp\ccPKIJbd.s 			page 4


  88:Drivers/STM32WLxx_HAL_Driver/Inc/stm32wlxx_ll_bus.h **** #define LL_AHB2_GRP1_PERIPH_GPIOB          RCC_AHB2ENR_GPIOBEN
  89:Drivers/STM32WLxx_HAL_Driver/Inc/stm32wlxx_ll_bus.h **** #define LL_AHB2_GRP1_PERIPH_GPIOC          RCC_AHB2ENR_GPIOCEN
  90:Drivers/STM32WLxx_HAL_Driver/Inc/stm32wlxx_ll_bus.h **** #define LL_AHB2_GRP1_PERIPH_GPIOH          RCC_AHB2ENR_GPIOHEN
  91:Drivers/STM32WLxx_HAL_Driver/Inc/stm32wlxx_ll_bus.h **** /**
  92:Drivers/STM32WLxx_HAL_Driver/Inc/stm32wlxx_ll_bus.h ****   * @}
  93:Drivers/STM32WLxx_HAL_Driver/Inc/stm32wlxx_ll_bus.h ****   */
  94:Drivers/STM32WLxx_HAL_Driver/Inc/stm32wlxx_ll_bus.h **** 
  95:Drivers/STM32WLxx_HAL_Driver/Inc/stm32wlxx_ll_bus.h **** /** @defgroup BUS_LL_EC_AHB3_GRP1_PERIPH  AHB3 GRP1 PERIPH
  96:Drivers/STM32WLxx_HAL_Driver/Inc/stm32wlxx_ll_bus.h ****   * @{
  97:Drivers/STM32WLxx_HAL_Driver/Inc/stm32wlxx_ll_bus.h ****   */
  98:Drivers/STM32WLxx_HAL_Driver/Inc/stm32wlxx_ll_bus.h **** #define LL_AHB3_GRP1_PERIPH_ALL            (0xFFFFFFFFU)
  99:Drivers/STM32WLxx_HAL_Driver/Inc/stm32wlxx_ll_bus.h **** #define LL_AHB3_GRP1_PERIPH_PKA            RCC_AHB3ENR_PKAEN
 100:Drivers/STM32WLxx_HAL_Driver/Inc/stm32wlxx_ll_bus.h **** #define LL_AHB3_GRP1_PERIPH_AES            RCC_AHB3ENR_AESEN
 101:Drivers/STM32WLxx_HAL_Driver/Inc/stm32wlxx_ll_bus.h **** #define LL_AHB3_GRP1_PERIPH_RNG            RCC_AHB3ENR_RNGEN
 102:Drivers/STM32WLxx_HAL_Driver/Inc/stm32wlxx_ll_bus.h **** #define LL_AHB3_GRP1_PERIPH_HSEM           RCC_AHB3ENR_HSEMEN
 103:Drivers/STM32WLxx_HAL_Driver/Inc/stm32wlxx_ll_bus.h **** #if defined(DUAL_CORE)
 104:Drivers/STM32WLxx_HAL_Driver/Inc/stm32wlxx_ll_bus.h **** #define LL_AHB3_GRP1_PERIPH_IPCC           RCC_AHB3ENR_IPCCEN
 105:Drivers/STM32WLxx_HAL_Driver/Inc/stm32wlxx_ll_bus.h **** #endif /* DUAL_CORE */
 106:Drivers/STM32WLxx_HAL_Driver/Inc/stm32wlxx_ll_bus.h **** #define LL_AHB3_GRP1_PERIPH_SRAM1          RCC_AHB3SMENR_SRAM1SMEN
 107:Drivers/STM32WLxx_HAL_Driver/Inc/stm32wlxx_ll_bus.h **** #define LL_AHB3_GRP1_PERIPH_SRAM2          RCC_AHB3SMENR_SRAM2SMEN
 108:Drivers/STM32WLxx_HAL_Driver/Inc/stm32wlxx_ll_bus.h **** #define LL_AHB3_GRP1_PERIPH_FLASH          RCC_AHB3ENR_FLASHEN
 109:Drivers/STM32WLxx_HAL_Driver/Inc/stm32wlxx_ll_bus.h **** /**
 110:Drivers/STM32WLxx_HAL_Driver/Inc/stm32wlxx_ll_bus.h ****   * @}
 111:Drivers/STM32WLxx_HAL_Driver/Inc/stm32wlxx_ll_bus.h ****   */
 112:Drivers/STM32WLxx_HAL_Driver/Inc/stm32wlxx_ll_bus.h **** 
 113:Drivers/STM32WLxx_HAL_Driver/Inc/stm32wlxx_ll_bus.h **** /** @defgroup BUS_LL_EC_APB1_GRP1_PERIPH  APB1 GRP1 PERIPH
 114:Drivers/STM32WLxx_HAL_Driver/Inc/stm32wlxx_ll_bus.h ****   * @{
 115:Drivers/STM32WLxx_HAL_Driver/Inc/stm32wlxx_ll_bus.h ****   */
 116:Drivers/STM32WLxx_HAL_Driver/Inc/stm32wlxx_ll_bus.h **** #define LL_APB1_GRP1_PERIPH_ALL            (0xFFFFFFFFU)
 117:Drivers/STM32WLxx_HAL_Driver/Inc/stm32wlxx_ll_bus.h **** #define LL_APB1_GRP1_PERIPH_TIM2           RCC_APB1ENR1_TIM2EN
 118:Drivers/STM32WLxx_HAL_Driver/Inc/stm32wlxx_ll_bus.h **** #define LL_APB1_GRP1_PERIPH_RTCAPB         RCC_APB1ENR1_RTCAPBEN
 119:Drivers/STM32WLxx_HAL_Driver/Inc/stm32wlxx_ll_bus.h **** #define LL_APB1_GRP1_PERIPH_WWDG           RCC_APB1ENR1_WWDGEN
 120:Drivers/STM32WLxx_HAL_Driver/Inc/stm32wlxx_ll_bus.h **** #define LL_APB1_GRP1_PERIPH_SPI2           RCC_APB1ENR1_SPI2EN
 121:Drivers/STM32WLxx_HAL_Driver/Inc/stm32wlxx_ll_bus.h **** #define LL_APB1_GRP1_PERIPH_USART2         RCC_APB1ENR1_USART2EN
 122:Drivers/STM32WLxx_HAL_Driver/Inc/stm32wlxx_ll_bus.h **** #define LL_APB1_GRP1_PERIPH_I2C1           RCC_APB1ENR1_I2C1EN
 123:Drivers/STM32WLxx_HAL_Driver/Inc/stm32wlxx_ll_bus.h **** #define LL_APB1_GRP1_PERIPH_I2C2           RCC_APB1ENR1_I2C2EN
 124:Drivers/STM32WLxx_HAL_Driver/Inc/stm32wlxx_ll_bus.h **** #define LL_APB1_GRP1_PERIPH_I2C3           RCC_APB1ENR1_I2C3EN
 125:Drivers/STM32WLxx_HAL_Driver/Inc/stm32wlxx_ll_bus.h **** #define LL_APB1_GRP1_PERIPH_DAC            RCC_APB1ENR1_DACEN
 126:Drivers/STM32WLxx_HAL_Driver/Inc/stm32wlxx_ll_bus.h **** #define LL_APB1_GRP1_PERIPH_LPTIM1         RCC_APB1ENR1_LPTIM1EN
 127:Drivers/STM32WLxx_HAL_Driver/Inc/stm32wlxx_ll_bus.h **** /**
 128:Drivers/STM32WLxx_HAL_Driver/Inc/stm32wlxx_ll_bus.h ****   * @}
 129:Drivers/STM32WLxx_HAL_Driver/Inc/stm32wlxx_ll_bus.h ****   */
 130:Drivers/STM32WLxx_HAL_Driver/Inc/stm32wlxx_ll_bus.h **** 
 131:Drivers/STM32WLxx_HAL_Driver/Inc/stm32wlxx_ll_bus.h **** 
 132:Drivers/STM32WLxx_HAL_Driver/Inc/stm32wlxx_ll_bus.h **** /** @defgroup BUS_LL_EC_APB1_GRP2_PERIPH  APB1 GRP2 PERIPH
 133:Drivers/STM32WLxx_HAL_Driver/Inc/stm32wlxx_ll_bus.h ****   * @{
 134:Drivers/STM32WLxx_HAL_Driver/Inc/stm32wlxx_ll_bus.h ****   */
 135:Drivers/STM32WLxx_HAL_Driver/Inc/stm32wlxx_ll_bus.h **** #define LL_APB1_GRP2_PERIPH_ALL            (0xFFFFFFFFU)
 136:Drivers/STM32WLxx_HAL_Driver/Inc/stm32wlxx_ll_bus.h **** #define LL_APB1_GRP2_PERIPH_LPUART1        RCC_APB1ENR2_LPUART1EN
 137:Drivers/STM32WLxx_HAL_Driver/Inc/stm32wlxx_ll_bus.h **** #define LL_APB1_GRP2_PERIPH_LPTIM2         RCC_APB1ENR2_LPTIM2EN
 138:Drivers/STM32WLxx_HAL_Driver/Inc/stm32wlxx_ll_bus.h **** #define LL_APB1_GRP2_PERIPH_LPTIM3         RCC_APB1ENR2_LPTIM3EN
 139:Drivers/STM32WLxx_HAL_Driver/Inc/stm32wlxx_ll_bus.h **** /**
 140:Drivers/STM32WLxx_HAL_Driver/Inc/stm32wlxx_ll_bus.h ****   * @}
 141:Drivers/STM32WLxx_HAL_Driver/Inc/stm32wlxx_ll_bus.h ****   */
 142:Drivers/STM32WLxx_HAL_Driver/Inc/stm32wlxx_ll_bus.h **** 
 143:Drivers/STM32WLxx_HAL_Driver/Inc/stm32wlxx_ll_bus.h **** /** @defgroup BUS_LL_EC_APB2_GRP1_PERIPH  APB2 GRP1 PERIPH
 144:Drivers/STM32WLxx_HAL_Driver/Inc/stm32wlxx_ll_bus.h ****   * @{
ARM GAS  C:\Users\NATHAN~1\AppData\Local\Temp\ccPKIJbd.s 			page 5


 145:Drivers/STM32WLxx_HAL_Driver/Inc/stm32wlxx_ll_bus.h ****   */
 146:Drivers/STM32WLxx_HAL_Driver/Inc/stm32wlxx_ll_bus.h **** #define LL_APB2_GRP1_PERIPH_ALL            (0xFFFFFFFFU)
 147:Drivers/STM32WLxx_HAL_Driver/Inc/stm32wlxx_ll_bus.h **** #define LL_APB2_GRP1_PERIPH_ADC            RCC_APB2ENR_ADCEN
 148:Drivers/STM32WLxx_HAL_Driver/Inc/stm32wlxx_ll_bus.h **** #define LL_APB2_GRP1_PERIPH_TIM1           RCC_APB2ENR_TIM1EN
 149:Drivers/STM32WLxx_HAL_Driver/Inc/stm32wlxx_ll_bus.h **** #define LL_APB2_GRP1_PERIPH_SPI1           RCC_APB2ENR_SPI1EN
 150:Drivers/STM32WLxx_HAL_Driver/Inc/stm32wlxx_ll_bus.h **** #define LL_APB2_GRP1_PERIPH_USART1         RCC_APB2ENR_USART1EN
 151:Drivers/STM32WLxx_HAL_Driver/Inc/stm32wlxx_ll_bus.h **** #define LL_APB2_GRP1_PERIPH_TIM16          RCC_APB2ENR_TIM16EN
 152:Drivers/STM32WLxx_HAL_Driver/Inc/stm32wlxx_ll_bus.h **** #define LL_APB2_GRP1_PERIPH_TIM17          RCC_APB2ENR_TIM17EN
 153:Drivers/STM32WLxx_HAL_Driver/Inc/stm32wlxx_ll_bus.h **** /**
 154:Drivers/STM32WLxx_HAL_Driver/Inc/stm32wlxx_ll_bus.h ****   * @}
 155:Drivers/STM32WLxx_HAL_Driver/Inc/stm32wlxx_ll_bus.h ****   */
 156:Drivers/STM32WLxx_HAL_Driver/Inc/stm32wlxx_ll_bus.h **** 
 157:Drivers/STM32WLxx_HAL_Driver/Inc/stm32wlxx_ll_bus.h **** /** @defgroup BUS_LL_EC_APB3_GRP1_PERIPH  APB3 GRP1 PERIPH
 158:Drivers/STM32WLxx_HAL_Driver/Inc/stm32wlxx_ll_bus.h ****   * @{
 159:Drivers/STM32WLxx_HAL_Driver/Inc/stm32wlxx_ll_bus.h ****   */
 160:Drivers/STM32WLxx_HAL_Driver/Inc/stm32wlxx_ll_bus.h **** #define LL_APB3_GRP1_PERIPH_ALL            (0xFFFFFFFFU)
 161:Drivers/STM32WLxx_HAL_Driver/Inc/stm32wlxx_ll_bus.h **** #define LL_APB3_GRP1_PERIPH_SUBGHZSPI      RCC_APB3ENR_SUBGHZSPIEN
 162:Drivers/STM32WLxx_HAL_Driver/Inc/stm32wlxx_ll_bus.h **** /**
 163:Drivers/STM32WLxx_HAL_Driver/Inc/stm32wlxx_ll_bus.h ****   * @}
 164:Drivers/STM32WLxx_HAL_Driver/Inc/stm32wlxx_ll_bus.h ****   */
 165:Drivers/STM32WLxx_HAL_Driver/Inc/stm32wlxx_ll_bus.h **** 
 166:Drivers/STM32WLxx_HAL_Driver/Inc/stm32wlxx_ll_bus.h **** #if defined(DUAL_CORE)
 167:Drivers/STM32WLxx_HAL_Driver/Inc/stm32wlxx_ll_bus.h **** /** @defgroup BUS_LL_EC_C2_AHB1_GRP1_PERIPH  C2 AHB1 GRP1 PERIPH
 168:Drivers/STM32WLxx_HAL_Driver/Inc/stm32wlxx_ll_bus.h ****   * @{
 169:Drivers/STM32WLxx_HAL_Driver/Inc/stm32wlxx_ll_bus.h ****   */
 170:Drivers/STM32WLxx_HAL_Driver/Inc/stm32wlxx_ll_bus.h **** #define LL_C2_AHB1_GRP1_PERIPH_DMA1         RCC_C2AHB1ENR_DMA1EN
 171:Drivers/STM32WLxx_HAL_Driver/Inc/stm32wlxx_ll_bus.h **** #define LL_C2_AHB1_GRP1_PERIPH_DMA2         RCC_C2AHB1ENR_DMA2EN
 172:Drivers/STM32WLxx_HAL_Driver/Inc/stm32wlxx_ll_bus.h **** #define LL_C2_AHB1_GRP1_PERIPH_DMAMUX1      RCC_C2AHB1ENR_DMAMUX1EN
 173:Drivers/STM32WLxx_HAL_Driver/Inc/stm32wlxx_ll_bus.h **** #define LL_C2_AHB1_GRP1_PERIPH_CRC          RCC_C2AHB1ENR_CRCEN
 174:Drivers/STM32WLxx_HAL_Driver/Inc/stm32wlxx_ll_bus.h **** /**
 175:Drivers/STM32WLxx_HAL_Driver/Inc/stm32wlxx_ll_bus.h ****   * @}
 176:Drivers/STM32WLxx_HAL_Driver/Inc/stm32wlxx_ll_bus.h ****   */
 177:Drivers/STM32WLxx_HAL_Driver/Inc/stm32wlxx_ll_bus.h **** 
 178:Drivers/STM32WLxx_HAL_Driver/Inc/stm32wlxx_ll_bus.h **** 
 179:Drivers/STM32WLxx_HAL_Driver/Inc/stm32wlxx_ll_bus.h **** /** @defgroup BUS_LL_EC_C2_AHB2_GRP1_PERIPH  C2 AHB2 GRP1 PERIPH
 180:Drivers/STM32WLxx_HAL_Driver/Inc/stm32wlxx_ll_bus.h ****   * @{
 181:Drivers/STM32WLxx_HAL_Driver/Inc/stm32wlxx_ll_bus.h ****   */
 182:Drivers/STM32WLxx_HAL_Driver/Inc/stm32wlxx_ll_bus.h **** #define LL_C2_AHB2_GRP1_PERIPH_GPIOA        RCC_C2AHB2ENR_GPIOAEN
 183:Drivers/STM32WLxx_HAL_Driver/Inc/stm32wlxx_ll_bus.h **** #define LL_C2_AHB2_GRP1_PERIPH_GPIOB        RCC_C2AHB2ENR_GPIOBEN
 184:Drivers/STM32WLxx_HAL_Driver/Inc/stm32wlxx_ll_bus.h **** #define LL_C2_AHB2_GRP1_PERIPH_GPIOC        RCC_C2AHB2ENR_GPIOCEN
 185:Drivers/STM32WLxx_HAL_Driver/Inc/stm32wlxx_ll_bus.h **** #define LL_C2_AHB2_GRP1_PERIPH_GPIOH        RCC_C2AHB2ENR_GPIOHEN
 186:Drivers/STM32WLxx_HAL_Driver/Inc/stm32wlxx_ll_bus.h **** /**
 187:Drivers/STM32WLxx_HAL_Driver/Inc/stm32wlxx_ll_bus.h ****   * @}
 188:Drivers/STM32WLxx_HAL_Driver/Inc/stm32wlxx_ll_bus.h ****   */
 189:Drivers/STM32WLxx_HAL_Driver/Inc/stm32wlxx_ll_bus.h **** 
 190:Drivers/STM32WLxx_HAL_Driver/Inc/stm32wlxx_ll_bus.h **** 
 191:Drivers/STM32WLxx_HAL_Driver/Inc/stm32wlxx_ll_bus.h **** /** @defgroup BUS_LL_EC_C2_AHB3_GRP1_PERIPH  C2 AHB3 GRP1 PERIPH
 192:Drivers/STM32WLxx_HAL_Driver/Inc/stm32wlxx_ll_bus.h ****   * @{
 193:Drivers/STM32WLxx_HAL_Driver/Inc/stm32wlxx_ll_bus.h ****   */
 194:Drivers/STM32WLxx_HAL_Driver/Inc/stm32wlxx_ll_bus.h **** #define LL_C2_AHB3_GRP1_PERIPH_PKA          RCC_C2AHB3ENR_PKAEN
 195:Drivers/STM32WLxx_HAL_Driver/Inc/stm32wlxx_ll_bus.h **** #define LL_C2_AHB3_GRP1_PERIPH_AES          RCC_C2AHB3ENR_AESEN
 196:Drivers/STM32WLxx_HAL_Driver/Inc/stm32wlxx_ll_bus.h **** #define LL_C2_AHB3_GRP1_PERIPH_RNG          RCC_C2AHB3ENR_RNGEN
 197:Drivers/STM32WLxx_HAL_Driver/Inc/stm32wlxx_ll_bus.h **** #define LL_C2_AHB3_GRP1_PERIPH_HSEM         RCC_C2AHB3ENR_HSEMEN
 198:Drivers/STM32WLxx_HAL_Driver/Inc/stm32wlxx_ll_bus.h **** #define LL_C2_AHB3_GRP1_PERIPH_IPCC         RCC_C2AHB3ENR_IPCCEN
 199:Drivers/STM32WLxx_HAL_Driver/Inc/stm32wlxx_ll_bus.h **** #define LL_C2_AHB3_GRP1_PERIPH_FLASH        RCC_C2AHB3ENR_FLASHEN
 200:Drivers/STM32WLxx_HAL_Driver/Inc/stm32wlxx_ll_bus.h **** #define LL_C2_AHB3_GRP1_PERIPH_SRAM1        RCC_C2AHB3SMENR_SRAM1SMEN
 201:Drivers/STM32WLxx_HAL_Driver/Inc/stm32wlxx_ll_bus.h **** #define LL_C2_AHB3_GRP1_PERIPH_SRAM2        RCC_C2AHB3SMENR_SRAM2SMEN
ARM GAS  C:\Users\NATHAN~1\AppData\Local\Temp\ccPKIJbd.s 			page 6


 202:Drivers/STM32WLxx_HAL_Driver/Inc/stm32wlxx_ll_bus.h **** /**
 203:Drivers/STM32WLxx_HAL_Driver/Inc/stm32wlxx_ll_bus.h ****   * @}
 204:Drivers/STM32WLxx_HAL_Driver/Inc/stm32wlxx_ll_bus.h ****   */
 205:Drivers/STM32WLxx_HAL_Driver/Inc/stm32wlxx_ll_bus.h **** 
 206:Drivers/STM32WLxx_HAL_Driver/Inc/stm32wlxx_ll_bus.h **** 
 207:Drivers/STM32WLxx_HAL_Driver/Inc/stm32wlxx_ll_bus.h **** /** @defgroup BUS_LL_EC_C2_APB1_GRP1_PERIPH  C2 APB1 GRP1 PERIPH
 208:Drivers/STM32WLxx_HAL_Driver/Inc/stm32wlxx_ll_bus.h ****   * @{
 209:Drivers/STM32WLxx_HAL_Driver/Inc/stm32wlxx_ll_bus.h ****   */
 210:Drivers/STM32WLxx_HAL_Driver/Inc/stm32wlxx_ll_bus.h **** #define LL_C2_APB1_GRP1_PERIPH_TIM2         RCC_C2APB1ENR1_TIM2EN
 211:Drivers/STM32WLxx_HAL_Driver/Inc/stm32wlxx_ll_bus.h **** #define LL_C2_APB1_GRP1_PERIPH_RTCAPB       RCC_C2APB1ENR1_RTCAPBEN
 212:Drivers/STM32WLxx_HAL_Driver/Inc/stm32wlxx_ll_bus.h **** #define LL_C2_APB1_GRP1_PERIPH_SPI2         RCC_C2APB1ENR1_SPI2EN
 213:Drivers/STM32WLxx_HAL_Driver/Inc/stm32wlxx_ll_bus.h **** #define LL_C2_APB1_GRP1_PERIPH_USART2       RCC_C2APB1ENR1_USART2EN
 214:Drivers/STM32WLxx_HAL_Driver/Inc/stm32wlxx_ll_bus.h **** #define LL_C2_APB1_GRP1_PERIPH_I2C1         RCC_C2APB1ENR1_I2C1EN
 215:Drivers/STM32WLxx_HAL_Driver/Inc/stm32wlxx_ll_bus.h **** #define LL_C2_APB1_GRP1_PERIPH_I2C2         RCC_C2APB1ENR1_I2C2EN
 216:Drivers/STM32WLxx_HAL_Driver/Inc/stm32wlxx_ll_bus.h **** #define LL_C2_APB1_GRP1_PERIPH_I2C3         RCC_C2APB1ENR1_I2C3EN
 217:Drivers/STM32WLxx_HAL_Driver/Inc/stm32wlxx_ll_bus.h **** #define LL_C2_APB1_GRP1_PERIPH_DAC          RCC_C2APB1ENR1_DACEN
 218:Drivers/STM32WLxx_HAL_Driver/Inc/stm32wlxx_ll_bus.h **** #define LL_C2_APB1_GRP1_PERIPH_LPTIM1       RCC_C2APB1ENR1_LPTIM1EN
 219:Drivers/STM32WLxx_HAL_Driver/Inc/stm32wlxx_ll_bus.h **** /**
 220:Drivers/STM32WLxx_HAL_Driver/Inc/stm32wlxx_ll_bus.h ****   * @}
 221:Drivers/STM32WLxx_HAL_Driver/Inc/stm32wlxx_ll_bus.h ****   */
 222:Drivers/STM32WLxx_HAL_Driver/Inc/stm32wlxx_ll_bus.h **** 
 223:Drivers/STM32WLxx_HAL_Driver/Inc/stm32wlxx_ll_bus.h **** 
 224:Drivers/STM32WLxx_HAL_Driver/Inc/stm32wlxx_ll_bus.h **** /** @defgroup BUS_LL_EC_C2_APB1_GRP2_PERIPH  C2 APB1 GRP2 PERIPH
 225:Drivers/STM32WLxx_HAL_Driver/Inc/stm32wlxx_ll_bus.h ****   * @{
 226:Drivers/STM32WLxx_HAL_Driver/Inc/stm32wlxx_ll_bus.h ****   */
 227:Drivers/STM32WLxx_HAL_Driver/Inc/stm32wlxx_ll_bus.h **** #define LL_C2_APB1_GRP2_PERIPH_LPUART1      RCC_C2APB1ENR2_LPUART1EN
 228:Drivers/STM32WLxx_HAL_Driver/Inc/stm32wlxx_ll_bus.h **** #define LL_C2_APB1_GRP2_PERIPH_LPTIM2       RCC_C2APB1ENR2_LPTIM2EN
 229:Drivers/STM32WLxx_HAL_Driver/Inc/stm32wlxx_ll_bus.h **** #define LL_C2_APB1_GRP2_PERIPH_LPTIM3       RCC_C2APB1ENR2_LPTIM3EN
 230:Drivers/STM32WLxx_HAL_Driver/Inc/stm32wlxx_ll_bus.h **** /**
 231:Drivers/STM32WLxx_HAL_Driver/Inc/stm32wlxx_ll_bus.h ****   * @}
 232:Drivers/STM32WLxx_HAL_Driver/Inc/stm32wlxx_ll_bus.h ****   */
 233:Drivers/STM32WLxx_HAL_Driver/Inc/stm32wlxx_ll_bus.h **** 
 234:Drivers/STM32WLxx_HAL_Driver/Inc/stm32wlxx_ll_bus.h **** 
 235:Drivers/STM32WLxx_HAL_Driver/Inc/stm32wlxx_ll_bus.h **** /** @defgroup BUS_LL_EC_C2_APB2_GRP1_PERIPH  C2 APB2 GRP1 PERIPH
 236:Drivers/STM32WLxx_HAL_Driver/Inc/stm32wlxx_ll_bus.h ****   * @{
 237:Drivers/STM32WLxx_HAL_Driver/Inc/stm32wlxx_ll_bus.h ****   */
 238:Drivers/STM32WLxx_HAL_Driver/Inc/stm32wlxx_ll_bus.h **** #define LL_C2_APB2_GRP1_PERIPH_ADC          RCC_C2APB2ENR_ADCEN
 239:Drivers/STM32WLxx_HAL_Driver/Inc/stm32wlxx_ll_bus.h **** #define LL_C2_APB2_GRP1_PERIPH_TIM1         RCC_C2APB2ENR_TIM1EN
 240:Drivers/STM32WLxx_HAL_Driver/Inc/stm32wlxx_ll_bus.h **** #define LL_C2_APB2_GRP1_PERIPH_SPI1         RCC_C2APB2ENR_SPI1EN
 241:Drivers/STM32WLxx_HAL_Driver/Inc/stm32wlxx_ll_bus.h **** #define LL_C2_APB2_GRP1_PERIPH_USART1       RCC_C2APB2ENR_USART1EN
 242:Drivers/STM32WLxx_HAL_Driver/Inc/stm32wlxx_ll_bus.h **** #define LL_C2_APB2_GRP1_PERIPH_TIM16        RCC_C2APB2ENR_TIM16EN
 243:Drivers/STM32WLxx_HAL_Driver/Inc/stm32wlxx_ll_bus.h **** #define LL_C2_APB2_GRP1_PERIPH_TIM17        RCC_C2APB2ENR_TIM17EN
 244:Drivers/STM32WLxx_HAL_Driver/Inc/stm32wlxx_ll_bus.h **** /**
 245:Drivers/STM32WLxx_HAL_Driver/Inc/stm32wlxx_ll_bus.h ****   * @}
 246:Drivers/STM32WLxx_HAL_Driver/Inc/stm32wlxx_ll_bus.h ****   */
 247:Drivers/STM32WLxx_HAL_Driver/Inc/stm32wlxx_ll_bus.h **** 
 248:Drivers/STM32WLxx_HAL_Driver/Inc/stm32wlxx_ll_bus.h **** 
 249:Drivers/STM32WLxx_HAL_Driver/Inc/stm32wlxx_ll_bus.h **** /** @defgroup BUS_LL_EC_C2_APB3_GRP1_PERIPH  C2 APB3 GRP1 PERIPH
 250:Drivers/STM32WLxx_HAL_Driver/Inc/stm32wlxx_ll_bus.h ****   * @{
 251:Drivers/STM32WLxx_HAL_Driver/Inc/stm32wlxx_ll_bus.h ****   */
 252:Drivers/STM32WLxx_HAL_Driver/Inc/stm32wlxx_ll_bus.h **** #define LL_C2_APB3_GRP1_PERIPH_SUBGHZSPI    RCC_C2APB3ENR_SUBGHZSPIEN
 253:Drivers/STM32WLxx_HAL_Driver/Inc/stm32wlxx_ll_bus.h **** /**
 254:Drivers/STM32WLxx_HAL_Driver/Inc/stm32wlxx_ll_bus.h ****   * @}
 255:Drivers/STM32WLxx_HAL_Driver/Inc/stm32wlxx_ll_bus.h ****   */
 256:Drivers/STM32WLxx_HAL_Driver/Inc/stm32wlxx_ll_bus.h **** #endif /* DUAL_CORE */
 257:Drivers/STM32WLxx_HAL_Driver/Inc/stm32wlxx_ll_bus.h **** 
 258:Drivers/STM32WLxx_HAL_Driver/Inc/stm32wlxx_ll_bus.h **** /**
ARM GAS  C:\Users\NATHAN~1\AppData\Local\Temp\ccPKIJbd.s 			page 7


 259:Drivers/STM32WLxx_HAL_Driver/Inc/stm32wlxx_ll_bus.h ****   * @}
 260:Drivers/STM32WLxx_HAL_Driver/Inc/stm32wlxx_ll_bus.h ****   */
 261:Drivers/STM32WLxx_HAL_Driver/Inc/stm32wlxx_ll_bus.h **** 
 262:Drivers/STM32WLxx_HAL_Driver/Inc/stm32wlxx_ll_bus.h **** /* Exported macro ------------------------------------------------------------*/
 263:Drivers/STM32WLxx_HAL_Driver/Inc/stm32wlxx_ll_bus.h **** 
 264:Drivers/STM32WLxx_HAL_Driver/Inc/stm32wlxx_ll_bus.h **** /* Exported functions --------------------------------------------------------*/
 265:Drivers/STM32WLxx_HAL_Driver/Inc/stm32wlxx_ll_bus.h **** 
 266:Drivers/STM32WLxx_HAL_Driver/Inc/stm32wlxx_ll_bus.h **** /** @defgroup BUS_LL_Exported_Functions BUS Exported Functions
 267:Drivers/STM32WLxx_HAL_Driver/Inc/stm32wlxx_ll_bus.h ****   * @{
 268:Drivers/STM32WLxx_HAL_Driver/Inc/stm32wlxx_ll_bus.h ****   */
 269:Drivers/STM32WLxx_HAL_Driver/Inc/stm32wlxx_ll_bus.h **** 
 270:Drivers/STM32WLxx_HAL_Driver/Inc/stm32wlxx_ll_bus.h **** /** @defgroup BUS_LL_EF_AHB1 AHB1
 271:Drivers/STM32WLxx_HAL_Driver/Inc/stm32wlxx_ll_bus.h ****   * @{
 272:Drivers/STM32WLxx_HAL_Driver/Inc/stm32wlxx_ll_bus.h ****   */
 273:Drivers/STM32WLxx_HAL_Driver/Inc/stm32wlxx_ll_bus.h **** 
 274:Drivers/STM32WLxx_HAL_Driver/Inc/stm32wlxx_ll_bus.h **** /**
 275:Drivers/STM32WLxx_HAL_Driver/Inc/stm32wlxx_ll_bus.h ****   * @brief  Enable AHB1 peripherals clock.
 276:Drivers/STM32WLxx_HAL_Driver/Inc/stm32wlxx_ll_bus.h ****   * @rmtoll AHB1ENR      DMA1EN        LL_AHB1_GRP1_EnableClock\n
 277:Drivers/STM32WLxx_HAL_Driver/Inc/stm32wlxx_ll_bus.h ****   *         AHB1ENR      DMA2EN        LL_AHB1_GRP1_EnableClock\n
 278:Drivers/STM32WLxx_HAL_Driver/Inc/stm32wlxx_ll_bus.h ****   *         AHB1ENR      DMAMUX1EN     LL_AHB1_GRP1_EnableClock\n
 279:Drivers/STM32WLxx_HAL_Driver/Inc/stm32wlxx_ll_bus.h ****   *         AHB1ENR      CRCEN         LL_AHB1_GRP1_EnableClock\n
 280:Drivers/STM32WLxx_HAL_Driver/Inc/stm32wlxx_ll_bus.h ****   * @param  Periphs This parameter can be a combination of the following values:
 281:Drivers/STM32WLxx_HAL_Driver/Inc/stm32wlxx_ll_bus.h ****   *         @arg @ref LL_AHB1_GRP1_PERIPH_DMA1
 282:Drivers/STM32WLxx_HAL_Driver/Inc/stm32wlxx_ll_bus.h ****   *         @arg @ref LL_AHB1_GRP1_PERIPH_DMA2
 283:Drivers/STM32WLxx_HAL_Driver/Inc/stm32wlxx_ll_bus.h ****   *         @arg @ref LL_AHB1_GRP1_PERIPH_DMAMUX1
 284:Drivers/STM32WLxx_HAL_Driver/Inc/stm32wlxx_ll_bus.h ****   *         @arg @ref LL_AHB1_GRP1_PERIPH_CRC
 285:Drivers/STM32WLxx_HAL_Driver/Inc/stm32wlxx_ll_bus.h ****   * @retval None
 286:Drivers/STM32WLxx_HAL_Driver/Inc/stm32wlxx_ll_bus.h ****   */
 287:Drivers/STM32WLxx_HAL_Driver/Inc/stm32wlxx_ll_bus.h **** __STATIC_INLINE void LL_AHB1_GRP1_EnableClock(uint32_t Periphs)
  43              		.loc 2 287 22 view .LVU2
  44              	.LBB7:
 288:Drivers/STM32WLxx_HAL_Driver/Inc/stm32wlxx_ll_bus.h **** {
 289:Drivers/STM32WLxx_HAL_Driver/Inc/stm32wlxx_ll_bus.h ****   __IO uint32_t tmpreg;
  45              		.loc 2 289 3 view .LVU3
 290:Drivers/STM32WLxx_HAL_Driver/Inc/stm32wlxx_ll_bus.h ****   SET_BIT(RCC->AHB1ENR, Periphs);
  46              		.loc 2 290 3 view .LVU4
  47 0004 4FF0B043 		mov	r3, #1476395008
  48 0008 9A6C     		ldr	r2, [r3, #72]
  49 000a 42F00402 		orr	r2, r2, #4
  50 000e 9A64     		str	r2, [r3, #72]
 291:Drivers/STM32WLxx_HAL_Driver/Inc/stm32wlxx_ll_bus.h ****   /* Delay after an RCC peripheral clock enabling */
 292:Drivers/STM32WLxx_HAL_Driver/Inc/stm32wlxx_ll_bus.h ****   tmpreg = READ_BIT(RCC->AHB1ENR, Periphs);
  51              		.loc 2 292 3 view .LVU5
  52              		.loc 2 292 12 is_stmt 0 view .LVU6
  53 0010 9A6C     		ldr	r2, [r3, #72]
  54 0012 02F00402 		and	r2, r2, #4
  55              		.loc 2 292 10 view .LVU7
  56 0016 0192     		str	r2, [sp, #4]
 293:Drivers/STM32WLxx_HAL_Driver/Inc/stm32wlxx_ll_bus.h ****   (void)tmpreg;
  57              		.loc 2 293 3 is_stmt 1 view .LVU8
  58 0018 019A     		ldr	r2, [sp, #4]
  59              	.LVL1:
  60              		.loc 2 293 3 is_stmt 0 view .LVU9
  61              	.LBE7:
  62              	.LBE6:
  44:Core/Src/dma.c ****   __HAL_RCC_DMA1_CLK_ENABLE();
  63              		.loc 1 44 3 is_stmt 1 view .LVU10
ARM GAS  C:\Users\NATHAN~1\AppData\Local\Temp\ccPKIJbd.s 			page 8


  64              	.LBB8:
  65              	.LBI8:
 287:Drivers/STM32WLxx_HAL_Driver/Inc/stm32wlxx_ll_bus.h **** {
  66              		.loc 2 287 22 view .LVU11
  67              	.LBB9:
 289:Drivers/STM32WLxx_HAL_Driver/Inc/stm32wlxx_ll_bus.h ****   SET_BIT(RCC->AHB1ENR, Periphs);
  68              		.loc 2 289 3 view .LVU12
 290:Drivers/STM32WLxx_HAL_Driver/Inc/stm32wlxx_ll_bus.h ****   /* Delay after an RCC peripheral clock enabling */
  69              		.loc 2 290 3 view .LVU13
  70 001a 9A6C     		ldr	r2, [r3, #72]
  71 001c 42F00102 		orr	r2, r2, #1
  72 0020 9A64     		str	r2, [r3, #72]
 292:Drivers/STM32WLxx_HAL_Driver/Inc/stm32wlxx_ll_bus.h ****   (void)tmpreg;
  73              		.loc 2 292 3 view .LVU14
 292:Drivers/STM32WLxx_HAL_Driver/Inc/stm32wlxx_ll_bus.h ****   (void)tmpreg;
  74              		.loc 2 292 12 is_stmt 0 view .LVU15
  75 0022 9B6C     		ldr	r3, [r3, #72]
  76 0024 03F00103 		and	r3, r3, #1
 292:Drivers/STM32WLxx_HAL_Driver/Inc/stm32wlxx_ll_bus.h ****   (void)tmpreg;
  77              		.loc 2 292 10 view .LVU16
  78 0028 0093     		str	r3, [sp]
  79              		.loc 2 293 3 is_stmt 1 view .LVU17
  80 002a 009B     		ldr	r3, [sp]
  81              	.LVL2:
  82              		.loc 2 293 3 is_stmt 0 view .LVU18
  83              	.LBE9:
  84              	.LBE8:
  45:Core/Src/dma.c **** 
  46:Core/Src/dma.c ****   /* DMA interrupt init */
  47:Core/Src/dma.c ****   /* DMA1_Channel1_IRQn interrupt configuration */
  48:Core/Src/dma.c ****   HAL_NVIC_SetPriority(DMA1_Channel1_IRQn, 0, 0);
  85              		.loc 1 48 3 is_stmt 1 view .LVU19
  86 002c 0022     		movs	r2, #0
  87 002e 1146     		mov	r1, r2
  88 0030 0B20     		movs	r0, #11
  89 0032 FFF7FEFF 		bl	HAL_NVIC_SetPriority
  90              	.LVL3:
  49:Core/Src/dma.c ****   HAL_NVIC_EnableIRQ(DMA1_Channel1_IRQn);
  91              		.loc 1 49 3 view .LVU20
  92 0036 0B20     		movs	r0, #11
  93 0038 FFF7FEFF 		bl	HAL_NVIC_EnableIRQ
  94              	.LVL4:
  50:Core/Src/dma.c ****   /* DMA1_Channel2_IRQn interrupt configuration */
  51:Core/Src/dma.c ****   HAL_NVIC_SetPriority(DMA1_Channel2_IRQn, 0, 0);
  95              		.loc 1 51 3 view .LVU21
  96 003c 0022     		movs	r2, #0
  97 003e 1146     		mov	r1, r2
  98 0040 0C20     		movs	r0, #12
  99 0042 FFF7FEFF 		bl	HAL_NVIC_SetPriority
 100              	.LVL5:
  52:Core/Src/dma.c ****   HAL_NVIC_EnableIRQ(DMA1_Channel2_IRQn);
 101              		.loc 1 52 3 view .LVU22
 102 0046 0C20     		movs	r0, #12
 103 0048 FFF7FEFF 		bl	HAL_NVIC_EnableIRQ
 104              	.LVL6:
  53:Core/Src/dma.c ****   /* DMA1_Channel3_IRQn interrupt configuration */
  54:Core/Src/dma.c ****   HAL_NVIC_SetPriority(DMA1_Channel3_IRQn, 0, 0);
ARM GAS  C:\Users\NATHAN~1\AppData\Local\Temp\ccPKIJbd.s 			page 9


 105              		.loc 1 54 3 view .LVU23
 106 004c 0022     		movs	r2, #0
 107 004e 1146     		mov	r1, r2
 108 0050 0D20     		movs	r0, #13
 109 0052 FFF7FEFF 		bl	HAL_NVIC_SetPriority
 110              	.LVL7:
  55:Core/Src/dma.c ****   HAL_NVIC_EnableIRQ(DMA1_Channel3_IRQn);
 111              		.loc 1 55 3 view .LVU24
 112 0056 0D20     		movs	r0, #13
 113 0058 FFF7FEFF 		bl	HAL_NVIC_EnableIRQ
 114              	.LVL8:
  56:Core/Src/dma.c **** 
  57:Core/Src/dma.c **** }
 115              		.loc 1 57 1 is_stmt 0 view .LVU25
 116 005c 03B0     		add	sp, sp, #12
 117              	.LCFI2:
 118              		.cfi_def_cfa_offset 4
 119              		@ sp needed
 120 005e 5DF804FB 		ldr	pc, [sp], #4
 121              		.cfi_endproc
 122              	.LFE968:
 124              		.text
 125              	.Letext0:
 126              		.file 3 "c:\\program files (x86)\\gnu arm embedded toolchain\\10 2021.10\\arm-none-eabi\\include\\
 127              		.file 4 "c:\\program files (x86)\\gnu arm embedded toolchain\\10 2021.10\\arm-none-eabi\\include\\
 128              		.file 5 "Drivers/CMSIS/Device/ST/STM32WLxx/Include/stm32wle5xx.h"
 129              		.file 6 "Drivers/STM32WLxx_HAL_Driver/Inc/stm32wlxx_hal_cortex.h"
 130              		.file 7 "Drivers/STM32WLxx_HAL_Driver/Inc/stm32wlxx_ll_dma.h"
ARM GAS  C:\Users\NATHAN~1\AppData\Local\Temp\ccPKIJbd.s 			page 10


DEFINED SYMBOLS
                            *ABS*:00000000 dma.c
C:\Users\NATHAN~1\AppData\Local\Temp\ccPKIJbd.s:18     .text.MX_DMA_Init:00000000 $t
C:\Users\NATHAN~1\AppData\Local\Temp\ccPKIJbd.s:24     .text.MX_DMA_Init:00000000 MX_DMA_Init

UNDEFINED SYMBOLS
HAL_NVIC_SetPriority
HAL_NVIC_EnableIRQ
