ARM GAS  C:\Users\NATHAN~1\AppData\Local\Temp\cc0iDiao.s 			page 1


   1              		.cpu cortex-m4
   2              		.arch armv7e-m
   3              		.fpu softvfp
   4              		.eabi_attribute 20, 1
   5              		.eabi_attribute 21, 1
   6              		.eabi_attribute 23, 3
   7              		.eabi_attribute 24, 1
   8              		.eabi_attribute 25, 1
   9              		.eabi_attribute 26, 1
  10              		.eabi_attribute 30, 1
  11              		.eabi_attribute 34, 1
  12              		.eabi_attribute 18, 4
  13              		.file	"LoRaMacAdr.c"
  14              		.text
  15              	.Ltext0:
  16              		.cfi_sections	.debug_frame
  17              		.section	.text.CalcNextV10X,"ax",%progbits
  18              		.align	1
  19              		.syntax unified
  20              		.thumb
  21              		.thumb_func
  23              	CalcNextV10X:
  24              	.LVL0:
  25              	.LFB104:
  26              		.file 1 "Middlewares/Third_Party/LoRaWAN/Mac/LoRaMacAdr.c"
   1:Middlewares/Third_Party/LoRaWAN/Mac/LoRaMacAdr.c **** /*!
   2:Middlewares/Third_Party/LoRaWAN/Mac/LoRaMacAdr.c ****  * \file      LoRaMacAdr.c
   3:Middlewares/Third_Party/LoRaWAN/Mac/LoRaMacAdr.c ****  *
   4:Middlewares/Third_Party/LoRaWAN/Mac/LoRaMacAdr.c ****  * \brief     LoRa MAC ADR implementation
   5:Middlewares/Third_Party/LoRaWAN/Mac/LoRaMacAdr.c ****  *
   6:Middlewares/Third_Party/LoRaWAN/Mac/LoRaMacAdr.c ****  * \copyright Revised BSD License, see section \ref LICENSE.
   7:Middlewares/Third_Party/LoRaWAN/Mac/LoRaMacAdr.c ****  *
   8:Middlewares/Third_Party/LoRaWAN/Mac/LoRaMacAdr.c ****  * \code
   9:Middlewares/Third_Party/LoRaWAN/Mac/LoRaMacAdr.c ****  *                ______                              _
  10:Middlewares/Third_Party/LoRaWAN/Mac/LoRaMacAdr.c ****  *               / _____)             _              | |
  11:Middlewares/Third_Party/LoRaWAN/Mac/LoRaMacAdr.c ****  *              ( (____  _____ ____ _| |_ _____  ____| |__
  12:Middlewares/Third_Party/LoRaWAN/Mac/LoRaMacAdr.c ****  *               \____ \| ___ |    (_   _) ___ |/ ___)  _ \
  13:Middlewares/Third_Party/LoRaWAN/Mac/LoRaMacAdr.c ****  *               _____) ) ____| | | || |_| ____( (___| | | |
  14:Middlewares/Third_Party/LoRaWAN/Mac/LoRaMacAdr.c ****  *              (______/|_____)_|_|_| \__)_____)\____)_| |_|
  15:Middlewares/Third_Party/LoRaWAN/Mac/LoRaMacAdr.c ****  *              (C)2013-2017 Semtech
  16:Middlewares/Third_Party/LoRaWAN/Mac/LoRaMacAdr.c ****  *
  17:Middlewares/Third_Party/LoRaWAN/Mac/LoRaMacAdr.c ****  *               ___ _____ _   ___ _  _____ ___  ___  ___ ___
  18:Middlewares/Third_Party/LoRaWAN/Mac/LoRaMacAdr.c ****  *              / __|_   _/_\ / __| |/ / __/ _ \| _ \/ __| __|
  19:Middlewares/Third_Party/LoRaWAN/Mac/LoRaMacAdr.c ****  *              \__ \ | |/ _ \ (__| ' <| _| (_) |   / (__| _|
  20:Middlewares/Third_Party/LoRaWAN/Mac/LoRaMacAdr.c ****  *              |___/ |_/_/ \_\___|_|\_\_| \___/|_|_\\___|___|
  21:Middlewares/Third_Party/LoRaWAN/Mac/LoRaMacAdr.c ****  *              embedded.connectivity.solutions===============
  22:Middlewares/Third_Party/LoRaWAN/Mac/LoRaMacAdr.c ****  *
  23:Middlewares/Third_Party/LoRaWAN/Mac/LoRaMacAdr.c ****  * \endcode
  24:Middlewares/Third_Party/LoRaWAN/Mac/LoRaMacAdr.c ****  *
  25:Middlewares/Third_Party/LoRaWAN/Mac/LoRaMacAdr.c ****  * \author    Miguel Luis ( Semtech )
  26:Middlewares/Third_Party/LoRaWAN/Mac/LoRaMacAdr.c ****  *
  27:Middlewares/Third_Party/LoRaWAN/Mac/LoRaMacAdr.c ****  * \author    Gregory Cristian ( Semtech )
  28:Middlewares/Third_Party/LoRaWAN/Mac/LoRaMacAdr.c ****  *
  29:Middlewares/Third_Party/LoRaWAN/Mac/LoRaMacAdr.c ****  * \author    Daniel Jaeckle ( STACKFORCE )
  30:Middlewares/Third_Party/LoRaWAN/Mac/LoRaMacAdr.c ****  *
  31:Middlewares/Third_Party/LoRaWAN/Mac/LoRaMacAdr.c ****  * \author    Johannes Bruder ( STACKFORCE )
  32:Middlewares/Third_Party/LoRaWAN/Mac/LoRaMacAdr.c ****  */
ARM GAS  C:\Users\NATHAN~1\AppData\Local\Temp\cc0iDiao.s 			page 2


  33:Middlewares/Third_Party/LoRaWAN/Mac/LoRaMacAdr.c **** 
  34:Middlewares/Third_Party/LoRaWAN/Mac/LoRaMacAdr.c **** #include "Region.h"
  35:Middlewares/Third_Party/LoRaWAN/Mac/LoRaMacAdr.c **** #include "LoRaMacAdr.h"
  36:Middlewares/Third_Party/LoRaWAN/Mac/LoRaMacAdr.c **** 
  37:Middlewares/Third_Party/LoRaWAN/Mac/LoRaMacAdr.c **** static bool CalcNextV10X( CalcNextAdrParams_t* adrNext, int8_t* drOut, int8_t* txPowOut, uint32_t* 
  38:Middlewares/Third_Party/LoRaWAN/Mac/LoRaMacAdr.c **** {
  27              		.loc 1 38 1 view -0
  28              		.cfi_startproc
  29              		@ args = 0, pretend = 0, frame = 32
  30              		@ frame_needed = 0, uses_anonymous_args = 0
  31              		.loc 1 38 1 is_stmt 0 view .LVU1
  32 0000 2DE9F04F 		push	{r4, r5, r6, r7, r8, r9, r10, fp, lr}
  33              	.LCFI0:
  34              		.cfi_def_cfa_offset 36
  35              		.cfi_offset 4, -36
  36              		.cfi_offset 5, -32
  37              		.cfi_offset 6, -28
  38              		.cfi_offset 7, -24
  39              		.cfi_offset 8, -20
  40              		.cfi_offset 9, -16
  41              		.cfi_offset 10, -12
  42              		.cfi_offset 11, -8
  43              		.cfi_offset 14, -4
  44 0004 89B0     		sub	sp, sp, #36
  45              	.LCFI1:
  46              		.cfi_def_cfa_offset 72
  47 0006 0F46     		mov	r7, r1
  48 0008 1646     		mov	r6, r2
  49 000a 1D46     		mov	r5, r3
  39:Middlewares/Third_Party/LoRaWAN/Mac/LoRaMacAdr.c ****     bool adrAckReq = false;
  50              		.loc 1 39 5 is_stmt 1 view .LVU2
  51              	.LVL1:
  40:Middlewares/Third_Party/LoRaWAN/Mac/LoRaMacAdr.c ****     int8_t datarate = adrNext->Datarate;
  52              		.loc 1 40 5 view .LVU3
  53              		.loc 1 40 12 is_stmt 0 view .LVU4
  54 000c 90F91090 		ldrsb	r9, [r0, #16]
  55              	.LVL2:
  41:Middlewares/Third_Party/LoRaWAN/Mac/LoRaMacAdr.c ****     int8_t txPower = adrNext->TxPower;
  56              		.loc 1 41 5 is_stmt 1 view .LVU5
  57              		.loc 1 41 12 is_stmt 0 view .LVU6
  58 0010 90F911B0 		ldrsb	fp, [r0, #17]
  59              	.LVL3:
  42:Middlewares/Third_Party/LoRaWAN/Mac/LoRaMacAdr.c ****     int8_t minTxDatarate;
  60              		.loc 1 42 5 is_stmt 1 view .LVU7
  43:Middlewares/Third_Party/LoRaWAN/Mac/LoRaMacAdr.c ****     GetPhyParams_t getPhy;
  61              		.loc 1 43 5 view .LVU8
  44:Middlewares/Third_Party/LoRaWAN/Mac/LoRaMacAdr.c ****     PhyParam_t phyParam;
  62              		.loc 1 44 5 view .LVU9
  45:Middlewares/Third_Party/LoRaWAN/Mac/LoRaMacAdr.c **** 
  46:Middlewares/Third_Party/LoRaWAN/Mac/LoRaMacAdr.c ****     // Report back the adr ack counter
  47:Middlewares/Third_Party/LoRaWAN/Mac/LoRaMacAdr.c ****     *adrAckCounter = adrNext->AdrAckCounter;
  63              		.loc 1 47 5 view .LVU10
  64              		.loc 1 47 29 is_stmt 0 view .LVU11
  65 0014 8368     		ldr	r3, [r0, #8]
  66              	.LVL4:
  67              		.loc 1 47 20 view .LVU12
  68 0016 2B60     		str	r3, [r5]
ARM GAS  C:\Users\NATHAN~1\AppData\Local\Temp\cc0iDiao.s 			page 3


  48:Middlewares/Third_Party/LoRaWAN/Mac/LoRaMacAdr.c **** 
  49:Middlewares/Third_Party/LoRaWAN/Mac/LoRaMacAdr.c ****     if( adrNext->AdrEnabled == true )
  69              		.loc 1 49 5 is_stmt 1 view .LVU13
  70              		.loc 1 49 16 is_stmt 0 view .LVU14
  71 0018 90F80580 		ldrb	r8, [r0, #5]	@ zero_extendqisi2
  72              		.loc 1 49 7 view .LVU15
  73 001c B8F1000F 		cmp	r8, #0
  74 0020 07D1     		bne	.L9
  75              	.LVL5:
  76              	.L2:
  50:Middlewares/Third_Party/LoRaWAN/Mac/LoRaMacAdr.c ****     {
  51:Middlewares/Third_Party/LoRaWAN/Mac/LoRaMacAdr.c ****         // Query minimum TX Datarate
  52:Middlewares/Third_Party/LoRaWAN/Mac/LoRaMacAdr.c ****         getPhy.Attribute = PHY_MIN_TX_DR;
  53:Middlewares/Third_Party/LoRaWAN/Mac/LoRaMacAdr.c ****         getPhy.UplinkDwellTime = adrNext->UplinkDwellTime;
  54:Middlewares/Third_Party/LoRaWAN/Mac/LoRaMacAdr.c ****         phyParam = RegionGetPhyParam( adrNext->Region, &getPhy );
  55:Middlewares/Third_Party/LoRaWAN/Mac/LoRaMacAdr.c ****         minTxDatarate = phyParam.Value;
  56:Middlewares/Third_Party/LoRaWAN/Mac/LoRaMacAdr.c ****         datarate = MAX( datarate, minTxDatarate );
  57:Middlewares/Third_Party/LoRaWAN/Mac/LoRaMacAdr.c **** 
  58:Middlewares/Third_Party/LoRaWAN/Mac/LoRaMacAdr.c ****         if( datarate == minTxDatarate )
  59:Middlewares/Third_Party/LoRaWAN/Mac/LoRaMacAdr.c ****         {
  60:Middlewares/Third_Party/LoRaWAN/Mac/LoRaMacAdr.c ****             *adrAckCounter = 0;
  61:Middlewares/Third_Party/LoRaWAN/Mac/LoRaMacAdr.c ****             adrAckReq = false;
  62:Middlewares/Third_Party/LoRaWAN/Mac/LoRaMacAdr.c ****         }
  63:Middlewares/Third_Party/LoRaWAN/Mac/LoRaMacAdr.c ****         else
  64:Middlewares/Third_Party/LoRaWAN/Mac/LoRaMacAdr.c ****         {
  65:Middlewares/Third_Party/LoRaWAN/Mac/LoRaMacAdr.c ****             if( adrNext->AdrAckCounter >=  adrNext->AdrAckLimit )
  66:Middlewares/Third_Party/LoRaWAN/Mac/LoRaMacAdr.c ****             {
  67:Middlewares/Third_Party/LoRaWAN/Mac/LoRaMacAdr.c ****                 adrAckReq = true;
  68:Middlewares/Third_Party/LoRaWAN/Mac/LoRaMacAdr.c ****             }
  69:Middlewares/Third_Party/LoRaWAN/Mac/LoRaMacAdr.c ****             else
  70:Middlewares/Third_Party/LoRaWAN/Mac/LoRaMacAdr.c ****             {
  71:Middlewares/Third_Party/LoRaWAN/Mac/LoRaMacAdr.c ****                 adrAckReq = false;
  72:Middlewares/Third_Party/LoRaWAN/Mac/LoRaMacAdr.c ****             }
  73:Middlewares/Third_Party/LoRaWAN/Mac/LoRaMacAdr.c ****             if( adrNext->AdrAckCounter >= ( adrNext->AdrAckLimit + adrNext->AdrAckDelay ) )
  74:Middlewares/Third_Party/LoRaWAN/Mac/LoRaMacAdr.c ****             {
  75:Middlewares/Third_Party/LoRaWAN/Mac/LoRaMacAdr.c ****                 // Set TX Power to maximum
  76:Middlewares/Third_Party/LoRaWAN/Mac/LoRaMacAdr.c ****                 getPhy.Attribute = PHY_MAX_TX_POWER;
  77:Middlewares/Third_Party/LoRaWAN/Mac/LoRaMacAdr.c ****                 phyParam = RegionGetPhyParam( adrNext->Region, &getPhy );
  78:Middlewares/Third_Party/LoRaWAN/Mac/LoRaMacAdr.c ****                 txPower = phyParam.Value;
  79:Middlewares/Third_Party/LoRaWAN/Mac/LoRaMacAdr.c **** 
  80:Middlewares/Third_Party/LoRaWAN/Mac/LoRaMacAdr.c ****                 if( ( adrNext->AdrAckCounter % adrNext->AdrAckDelay ) == 1 )
  81:Middlewares/Third_Party/LoRaWAN/Mac/LoRaMacAdr.c ****                 {
  82:Middlewares/Third_Party/LoRaWAN/Mac/LoRaMacAdr.c ****                     // Decrease the datarate
  83:Middlewares/Third_Party/LoRaWAN/Mac/LoRaMacAdr.c ****                     getPhy.Attribute = PHY_NEXT_LOWER_TX_DR;
  84:Middlewares/Third_Party/LoRaWAN/Mac/LoRaMacAdr.c ****                     getPhy.Datarate = datarate;
  85:Middlewares/Third_Party/LoRaWAN/Mac/LoRaMacAdr.c ****                     getPhy.UplinkDwellTime = adrNext->UplinkDwellTime;
  86:Middlewares/Third_Party/LoRaWAN/Mac/LoRaMacAdr.c ****                     phyParam = RegionGetPhyParam( adrNext->Region, &getPhy );
  87:Middlewares/Third_Party/LoRaWAN/Mac/LoRaMacAdr.c ****                     datarate = phyParam.Value;
  88:Middlewares/Third_Party/LoRaWAN/Mac/LoRaMacAdr.c **** 
  89:Middlewares/Third_Party/LoRaWAN/Mac/LoRaMacAdr.c ****                     if( datarate == minTxDatarate )
  90:Middlewares/Third_Party/LoRaWAN/Mac/LoRaMacAdr.c ****                     {
  91:Middlewares/Third_Party/LoRaWAN/Mac/LoRaMacAdr.c ****                         // We must set adrAckReq to false as soon as we reach the lowest datarate
  92:Middlewares/Third_Party/LoRaWAN/Mac/LoRaMacAdr.c ****                         adrAckReq = false;
  93:Middlewares/Third_Party/LoRaWAN/Mac/LoRaMacAdr.c ****                         if( adrNext->UpdateChanMask == true )
  94:Middlewares/Third_Party/LoRaWAN/Mac/LoRaMacAdr.c ****                         {
  95:Middlewares/Third_Party/LoRaWAN/Mac/LoRaMacAdr.c ****                             InitDefaultsParams_t params;
  96:Middlewares/Third_Party/LoRaWAN/Mac/LoRaMacAdr.c ****                             params.Type = INIT_TYPE_ACTIVATE_DEFAULT_CHANNELS;
ARM GAS  C:\Users\NATHAN~1\AppData\Local\Temp\cc0iDiao.s 			page 4


  97:Middlewares/Third_Party/LoRaWAN/Mac/LoRaMacAdr.c ****                             RegionInitDefaults( adrNext->Region, &params );
  98:Middlewares/Third_Party/LoRaWAN/Mac/LoRaMacAdr.c ****                         }
  99:Middlewares/Third_Party/LoRaWAN/Mac/LoRaMacAdr.c ****                     }
 100:Middlewares/Third_Party/LoRaWAN/Mac/LoRaMacAdr.c ****                 }
 101:Middlewares/Third_Party/LoRaWAN/Mac/LoRaMacAdr.c ****             }
 102:Middlewares/Third_Party/LoRaWAN/Mac/LoRaMacAdr.c ****         }
 103:Middlewares/Third_Party/LoRaWAN/Mac/LoRaMacAdr.c ****     }
 104:Middlewares/Third_Party/LoRaWAN/Mac/LoRaMacAdr.c **** 
 105:Middlewares/Third_Party/LoRaWAN/Mac/LoRaMacAdr.c ****     *drOut = datarate;
  77              		.loc 1 105 5 is_stmt 1 view .LVU16
  78              		.loc 1 105 12 is_stmt 0 view .LVU17
  79 0022 87F80090 		strb	r9, [r7]
 106:Middlewares/Third_Party/LoRaWAN/Mac/LoRaMacAdr.c ****     *txPowOut = txPower;
  80              		.loc 1 106 5 is_stmt 1 view .LVU18
  81              		.loc 1 106 15 is_stmt 0 view .LVU19
  82 0026 86F800B0 		strb	fp, [r6]
 107:Middlewares/Third_Party/LoRaWAN/Mac/LoRaMacAdr.c ****     return adrAckReq;
  83              		.loc 1 107 5 is_stmt 1 view .LVU20
 108:Middlewares/Third_Party/LoRaWAN/Mac/LoRaMacAdr.c **** }
  84              		.loc 1 108 1 is_stmt 0 view .LVU21
  85 002a 4046     		mov	r0, r8
  86 002c 09B0     		add	sp, sp, #36
  87              	.LCFI2:
  88              		.cfi_remember_state
  89              		.cfi_def_cfa_offset 36
  90              		@ sp needed
  91 002e BDE8F08F 		pop	{r4, r5, r6, r7, r8, r9, r10, fp, pc}
  92              	.LVL6:
  93              	.L9:
  94              	.LCFI3:
  95              		.cfi_restore_state
  96              		.loc 1 108 1 view .LVU22
  97 0032 0446     		mov	r4, r0
  52:Middlewares/Third_Party/LoRaWAN/Mac/LoRaMacAdr.c ****         getPhy.UplinkDwellTime = adrNext->UplinkDwellTime;
  98              		.loc 1 52 9 is_stmt 1 view .LVU23
  52:Middlewares/Third_Party/LoRaWAN/Mac/LoRaMacAdr.c ****         getPhy.UplinkDwellTime = adrNext->UplinkDwellTime;
  99              		.loc 1 52 26 is_stmt 0 view .LVU24
 100 0034 0223     		movs	r3, #2
 101 0036 8DF81830 		strb	r3, [sp, #24]
  53:Middlewares/Third_Party/LoRaWAN/Mac/LoRaMacAdr.c ****         phyParam = RegionGetPhyParam( adrNext->Region, &getPhy );
 102              		.loc 1 53 9 is_stmt 1 view .LVU25
  53:Middlewares/Third_Party/LoRaWAN/Mac/LoRaMacAdr.c ****         phyParam = RegionGetPhyParam( adrNext->Region, &getPhy );
 103              		.loc 1 53 41 is_stmt 0 view .LVU26
 104 003a 837C     		ldrb	r3, [r0, #18]	@ zero_extendqisi2
  53:Middlewares/Third_Party/LoRaWAN/Mac/LoRaMacAdr.c ****         phyParam = RegionGetPhyParam( adrNext->Region, &getPhy );
 105              		.loc 1 53 32 view .LVU27
 106 003c 8DF81A30 		strb	r3, [sp, #26]
  54:Middlewares/Third_Party/LoRaWAN/Mac/LoRaMacAdr.c ****         minTxDatarate = phyParam.Value;
 107              		.loc 1 54 9 is_stmt 1 view .LVU28
  54:Middlewares/Third_Party/LoRaWAN/Mac/LoRaMacAdr.c ****         minTxDatarate = phyParam.Value;
 108              		.loc 1 54 20 is_stmt 0 view .LVU29
 109 0040 06A9     		add	r1, sp, #24
 110              	.LVL7:
  54:Middlewares/Third_Party/LoRaWAN/Mac/LoRaMacAdr.c ****         minTxDatarate = phyParam.Value;
 111              		.loc 1 54 20 view .LVU30
 112 0042 C07C     		ldrb	r0, [r0, #19]	@ zero_extendqisi2
 113              	.LVL8:
ARM GAS  C:\Users\NATHAN~1\AppData\Local\Temp\cc0iDiao.s 			page 5


  54:Middlewares/Third_Party/LoRaWAN/Mac/LoRaMacAdr.c ****         minTxDatarate = phyParam.Value;
 114              		.loc 1 54 20 view .LVU31
 115 0044 FFF7FEFF 		bl	RegionGetPhyParam
 116              	.LVL9:
  54:Middlewares/Third_Party/LoRaWAN/Mac/LoRaMacAdr.c ****         minTxDatarate = phyParam.Value;
 117              		.loc 1 54 20 view .LVU32
 118 0048 0590     		str	r0, [sp, #20]
  55:Middlewares/Third_Party/LoRaWAN/Mac/LoRaMacAdr.c ****         datarate = MAX( datarate, minTxDatarate );
 119              		.loc 1 55 9 is_stmt 1 view .LVU33
  55:Middlewares/Third_Party/LoRaWAN/Mac/LoRaMacAdr.c ****         datarate = MAX( datarate, minTxDatarate );
 120              		.loc 1 55 23 is_stmt 0 view .LVU34
 121 004a 4FFA80FA 		sxtb	r10, r0
 122              	.LVL10:
  56:Middlewares/Third_Party/LoRaWAN/Mac/LoRaMacAdr.c **** 
 123              		.loc 1 56 9 is_stmt 1 view .LVU35
  56:Middlewares/Third_Party/LoRaWAN/Mac/LoRaMacAdr.c **** 
 124              		.loc 1 56 18 is_stmt 0 view .LVU36
 125 004e 4A46     		mov	r2, r9
 126 0050 D145     		cmp	r9, r10
 127 0052 B8BF     		it	lt
 128 0054 5246     		movlt	r2, r10
 129 0056 0192     		str	r2, [sp, #4]
 130              	.LVL11:
  58:Middlewares/Third_Party/LoRaWAN/Mac/LoRaMacAdr.c ****         {
 131              		.loc 1 58 9 is_stmt 1 view .LVU37
  58:Middlewares/Third_Party/LoRaWAN/Mac/LoRaMacAdr.c ****         {
 132              		.loc 1 58 11 is_stmt 0 view .LVU38
 133 0058 D145     		cmp	r9, r10
 134 005a 04DC     		bgt	.L3
  60:Middlewares/Third_Party/LoRaWAN/Mac/LoRaMacAdr.c ****             adrAckReq = false;
 135              		.loc 1 60 13 is_stmt 1 view .LVU39
  60:Middlewares/Third_Party/LoRaWAN/Mac/LoRaMacAdr.c ****             adrAckReq = false;
 136              		.loc 1 60 28 is_stmt 0 view .LVU40
 137 005c 0023     		movs	r3, #0
 138 005e 2B60     		str	r3, [r5]
  61:Middlewares/Third_Party/LoRaWAN/Mac/LoRaMacAdr.c ****         }
 139              		.loc 1 61 13 is_stmt 1 view .LVU41
  56:Middlewares/Third_Party/LoRaWAN/Mac/LoRaMacAdr.c **** 
 140              		.loc 1 56 18 is_stmt 0 view .LVU42
 141 0060 9146     		mov	r9, r2
  61:Middlewares/Third_Party/LoRaWAN/Mac/LoRaMacAdr.c ****         }
 142              		.loc 1 61 23 view .LVU43
 143 0062 9846     		mov	r8, r3
 144 0064 DDE7     		b	.L2
 145              	.L3:
  65:Middlewares/Third_Party/LoRaWAN/Mac/LoRaMacAdr.c ****             {
 146              		.loc 1 65 13 is_stmt 1 view .LVU44
  65:Middlewares/Third_Party/LoRaWAN/Mac/LoRaMacAdr.c ****             {
 147              		.loc 1 65 24 is_stmt 0 view .LVU45
 148 0066 A268     		ldr	r2, [r4, #8]
 149              	.LVL12:
  65:Middlewares/Third_Party/LoRaWAN/Mac/LoRaMacAdr.c ****             {
 150              		.loc 1 65 51 view .LVU46
 151 0068 A389     		ldrh	r3, [r4, #12]
  65:Middlewares/Third_Party/LoRaWAN/Mac/LoRaMacAdr.c ****             {
 152              		.loc 1 65 15 view .LVU47
 153 006a 9A42     		cmp	r2, r3
ARM GAS  C:\Users\NATHAN~1\AppData\Local\Temp\cc0iDiao.s 			page 6


 154 006c 01D2     		bcs	.L4
  71:Middlewares/Third_Party/LoRaWAN/Mac/LoRaMacAdr.c ****             }
 155              		.loc 1 71 27 view .LVU48
 156 006e 4FF00008 		mov	r8, #0
 157              	.L4:
 158              	.LVL13:
  73:Middlewares/Third_Party/LoRaWAN/Mac/LoRaMacAdr.c ****             {
 159              		.loc 1 73 13 is_stmt 1 view .LVU49
  73:Middlewares/Third_Party/LoRaWAN/Mac/LoRaMacAdr.c ****             {
 160              		.loc 1 73 75 is_stmt 0 view .LVU50
 161 0072 E189     		ldrh	r1, [r4, #14]
  73:Middlewares/Third_Party/LoRaWAN/Mac/LoRaMacAdr.c ****             {
 162              		.loc 1 73 66 view .LVU51
 163 0074 0B44     		add	r3, r3, r1
  73:Middlewares/Third_Party/LoRaWAN/Mac/LoRaMacAdr.c ****             {
 164              		.loc 1 73 15 view .LVU52
 165 0076 9A42     		cmp	r2, r3
 166 0078 02D2     		bcs	.L10
  56:Middlewares/Third_Party/LoRaWAN/Mac/LoRaMacAdr.c **** 
 167              		.loc 1 56 18 view .LVU53
 168 007a DDF80490 		ldr	r9, [sp, #4]
 169 007e D0E7     		b	.L2
 170              	.L10:
  76:Middlewares/Third_Party/LoRaWAN/Mac/LoRaMacAdr.c ****                 phyParam = RegionGetPhyParam( adrNext->Region, &getPhy );
 171              		.loc 1 76 17 is_stmt 1 view .LVU54
  76:Middlewares/Third_Party/LoRaWAN/Mac/LoRaMacAdr.c ****                 phyParam = RegionGetPhyParam( adrNext->Region, &getPhy );
 172              		.loc 1 76 34 is_stmt 0 view .LVU55
 173 0080 0823     		movs	r3, #8
 174 0082 8DF81830 		strb	r3, [sp, #24]
  77:Middlewares/Third_Party/LoRaWAN/Mac/LoRaMacAdr.c ****                 txPower = phyParam.Value;
 175              		.loc 1 77 17 is_stmt 1 view .LVU56
  77:Middlewares/Third_Party/LoRaWAN/Mac/LoRaMacAdr.c ****                 txPower = phyParam.Value;
 176              		.loc 1 77 28 is_stmt 0 view .LVU57
 177 0086 06A9     		add	r1, sp, #24
 178 0088 E07C     		ldrb	r0, [r4, #19]	@ zero_extendqisi2
 179 008a FFF7FEFF 		bl	RegionGetPhyParam
 180              	.LVL14:
 181 008e 0590     		str	r0, [sp, #20]
  78:Middlewares/Third_Party/LoRaWAN/Mac/LoRaMacAdr.c **** 
 182              		.loc 1 78 17 is_stmt 1 view .LVU58
  78:Middlewares/Third_Party/LoRaWAN/Mac/LoRaMacAdr.c **** 
 183              		.loc 1 78 25 is_stmt 0 view .LVU59
 184 0090 4FFA80FB 		sxtb	fp, r0
 185              	.LVL15:
  80:Middlewares/Third_Party/LoRaWAN/Mac/LoRaMacAdr.c ****                 {
 186              		.loc 1 80 17 is_stmt 1 view .LVU60
  80:Middlewares/Third_Party/LoRaWAN/Mac/LoRaMacAdr.c ****                 {
 187              		.loc 1 80 30 is_stmt 0 view .LVU61
 188 0094 A368     		ldr	r3, [r4, #8]
  80:Middlewares/Third_Party/LoRaWAN/Mac/LoRaMacAdr.c ****                 {
 189              		.loc 1 80 55 view .LVU62
 190 0096 E289     		ldrh	r2, [r4, #14]
  80:Middlewares/Third_Party/LoRaWAN/Mac/LoRaMacAdr.c ****                 {
 191              		.loc 1 80 46 view .LVU63
 192 0098 B3FBF2F1 		udiv	r1, r3, r2
 193 009c 02FB1133 		mls	r3, r2, r1, r3
  80:Middlewares/Third_Party/LoRaWAN/Mac/LoRaMacAdr.c ****                 {
ARM GAS  C:\Users\NATHAN~1\AppData\Local\Temp\cc0iDiao.s 			page 7


 194              		.loc 1 80 19 view .LVU64
 195 00a0 012B     		cmp	r3, #1
 196 00a2 02D0     		beq	.L11
  56:Middlewares/Third_Party/LoRaWAN/Mac/LoRaMacAdr.c **** 
 197              		.loc 1 56 18 view .LVU65
 198 00a4 DDF80490 		ldr	r9, [sp, #4]
 199 00a8 BBE7     		b	.L2
 200              	.L11:
  83:Middlewares/Third_Party/LoRaWAN/Mac/LoRaMacAdr.c ****                     getPhy.Datarate = datarate;
 201              		.loc 1 83 21 is_stmt 1 view .LVU66
  83:Middlewares/Third_Party/LoRaWAN/Mac/LoRaMacAdr.c ****                     getPhy.Datarate = datarate;
 202              		.loc 1 83 38 is_stmt 0 view .LVU67
 203 00aa 2223     		movs	r3, #34
 204 00ac 8DF81830 		strb	r3, [sp, #24]
  84:Middlewares/Third_Party/LoRaWAN/Mac/LoRaMacAdr.c ****                     getPhy.UplinkDwellTime = adrNext->UplinkDwellTime;
 205              		.loc 1 84 21 is_stmt 1 view .LVU68
  84:Middlewares/Third_Party/LoRaWAN/Mac/LoRaMacAdr.c ****                     getPhy.UplinkDwellTime = adrNext->UplinkDwellTime;
 206              		.loc 1 84 37 is_stmt 0 view .LVU69
 207 00b0 019B     		ldr	r3, [sp, #4]
 208 00b2 8DF81930 		strb	r3, [sp, #25]
  85:Middlewares/Third_Party/LoRaWAN/Mac/LoRaMacAdr.c ****                     phyParam = RegionGetPhyParam( adrNext->Region, &getPhy );
 209              		.loc 1 85 21 is_stmt 1 view .LVU70
  85:Middlewares/Third_Party/LoRaWAN/Mac/LoRaMacAdr.c ****                     phyParam = RegionGetPhyParam( adrNext->Region, &getPhy );
 210              		.loc 1 85 53 is_stmt 0 view .LVU71
 211 00b6 A37C     		ldrb	r3, [r4, #18]	@ zero_extendqisi2
  85:Middlewares/Third_Party/LoRaWAN/Mac/LoRaMacAdr.c ****                     phyParam = RegionGetPhyParam( adrNext->Region, &getPhy );
 212              		.loc 1 85 44 view .LVU72
 213 00b8 8DF81A30 		strb	r3, [sp, #26]
  86:Middlewares/Third_Party/LoRaWAN/Mac/LoRaMacAdr.c ****                     datarate = phyParam.Value;
 214              		.loc 1 86 21 is_stmt 1 view .LVU73
  86:Middlewares/Third_Party/LoRaWAN/Mac/LoRaMacAdr.c ****                     datarate = phyParam.Value;
 215              		.loc 1 86 32 is_stmt 0 view .LVU74
 216 00bc 06A9     		add	r1, sp, #24
 217 00be E07C     		ldrb	r0, [r4, #19]	@ zero_extendqisi2
 218 00c0 FFF7FEFF 		bl	RegionGetPhyParam
 219              	.LVL16:
 220 00c4 0590     		str	r0, [sp, #20]
  87:Middlewares/Third_Party/LoRaWAN/Mac/LoRaMacAdr.c **** 
 221              		.loc 1 87 21 is_stmt 1 view .LVU75
  87:Middlewares/Third_Party/LoRaWAN/Mac/LoRaMacAdr.c **** 
 222              		.loc 1 87 30 is_stmt 0 view .LVU76
 223 00c6 4FFA80F9 		sxtb	r9, r0
 224              	.LVL17:
  89:Middlewares/Third_Party/LoRaWAN/Mac/LoRaMacAdr.c ****                     {
 225              		.loc 1 89 21 is_stmt 1 view .LVU77
  89:Middlewares/Third_Party/LoRaWAN/Mac/LoRaMacAdr.c ****                     {
 226              		.loc 1 89 23 is_stmt 0 view .LVU78
 227 00ca CA45     		cmp	r10, r9
 228 00cc A9D1     		bne	.L2
  92:Middlewares/Third_Party/LoRaWAN/Mac/LoRaMacAdr.c ****                         if( adrNext->UpdateChanMask == true )
 229              		.loc 1 92 25 is_stmt 1 view .LVU79
 230              	.LVL18:
  93:Middlewares/Third_Party/LoRaWAN/Mac/LoRaMacAdr.c ****                         {
 231              		.loc 1 93 25 view .LVU80
  93:Middlewares/Third_Party/LoRaWAN/Mac/LoRaMacAdr.c ****                         {
 232              		.loc 1 93 36 is_stmt 0 view .LVU81
 233 00ce 94F80480 		ldrb	r8, [r4, #4]	@ zero_extendqisi2
ARM GAS  C:\Users\NATHAN~1\AppData\Local\Temp\cc0iDiao.s 			page 8


  93:Middlewares/Third_Party/LoRaWAN/Mac/LoRaMacAdr.c ****                         {
 234              		.loc 1 93 27 view .LVU82
 235 00d2 B8F1000F 		cmp	r8, #0
 236 00d6 A4D0     		beq	.L2
 237              	.LBB2:
  95:Middlewares/Third_Party/LoRaWAN/Mac/LoRaMacAdr.c ****                             params.Type = INIT_TYPE_ACTIVATE_DEFAULT_CHANNELS;
 238              		.loc 1 95 29 is_stmt 1 view .LVU83
  96:Middlewares/Third_Party/LoRaWAN/Mac/LoRaMacAdr.c ****                             RegionInitDefaults( adrNext->Region, &params );
 239              		.loc 1 96 29 view .LVU84
  96:Middlewares/Third_Party/LoRaWAN/Mac/LoRaMacAdr.c ****                             RegionInitDefaults( adrNext->Region, &params );
 240              		.loc 1 96 41 is_stmt 0 view .LVU85
 241 00d8 0223     		movs	r3, #2
 242 00da 8DF81030 		strb	r3, [sp, #16]
  97:Middlewares/Third_Party/LoRaWAN/Mac/LoRaMacAdr.c ****                         }
 243              		.loc 1 97 29 is_stmt 1 view .LVU86
 244 00de 02A9     		add	r1, sp, #8
 245 00e0 E07C     		ldrb	r0, [r4, #19]	@ zero_extendqisi2
 246 00e2 FFF7FEFF 		bl	RegionInitDefaults
 247              	.LVL19:
 248              	.LBE2:
  92:Middlewares/Third_Party/LoRaWAN/Mac/LoRaMacAdr.c ****                         if( adrNext->UpdateChanMask == true )
 249              		.loc 1 92 35 is_stmt 0 view .LVU87
 250 00e6 4FF00008 		mov	r8, #0
 251 00ea 9AE7     		b	.L2
 252              		.cfi_endproc
 253              	.LFE104:
 255              		.section	.text.LoRaMacAdrCalcNext,"ax",%progbits
 256              		.align	1
 257              		.global	LoRaMacAdrCalcNext
 258              		.syntax unified
 259              		.thumb
 260              		.thumb_func
 262              	LoRaMacAdrCalcNext:
 263              	.LVL20:
 264              	.LFB105:
 109:Middlewares/Third_Party/LoRaWAN/Mac/LoRaMacAdr.c **** 
 110:Middlewares/Third_Party/LoRaWAN/Mac/LoRaMacAdr.c **** /*!
 111:Middlewares/Third_Party/LoRaWAN/Mac/LoRaMacAdr.c ****  * \brief Calculates the next datarate to set, when ADR is on or off.
 112:Middlewares/Third_Party/LoRaWAN/Mac/LoRaMacAdr.c ****  *
 113:Middlewares/Third_Party/LoRaWAN/Mac/LoRaMacAdr.c ****  * \param [IN] adrNext Pointer to the function parameters.
 114:Middlewares/Third_Party/LoRaWAN/Mac/LoRaMacAdr.c ****  *
 115:Middlewares/Third_Party/LoRaWAN/Mac/LoRaMacAdr.c ****  * \param [OUT] drOut The calculated datarate for the next TX.
 116:Middlewares/Third_Party/LoRaWAN/Mac/LoRaMacAdr.c ****  *
 117:Middlewares/Third_Party/LoRaWAN/Mac/LoRaMacAdr.c ****  * \param [OUT] txPowOut The TX power for the next TX.
 118:Middlewares/Third_Party/LoRaWAN/Mac/LoRaMacAdr.c ****  *
 119:Middlewares/Third_Party/LoRaWAN/Mac/LoRaMacAdr.c ****  * \param [OUT] adrAckCounter The calculated ADR acknowledgement counter.
 120:Middlewares/Third_Party/LoRaWAN/Mac/LoRaMacAdr.c ****  *
 121:Middlewares/Third_Party/LoRaWAN/Mac/LoRaMacAdr.c ****  * \retval Returns true, if an ADR request should be performed.
 122:Middlewares/Third_Party/LoRaWAN/Mac/LoRaMacAdr.c ****  */
 123:Middlewares/Third_Party/LoRaWAN/Mac/LoRaMacAdr.c **** bool LoRaMacAdrCalcNext( CalcNextAdrParams_t* adrNext, int8_t* drOut, int8_t* txPowOut, uint32_t* a
 124:Middlewares/Third_Party/LoRaWAN/Mac/LoRaMacAdr.c **** {
 265              		.loc 1 124 1 is_stmt 1 view -0
 266              		.cfi_startproc
 267              		@ args = 0, pretend = 0, frame = 0
 268              		@ frame_needed = 0, uses_anonymous_args = 0
 269              		.loc 1 124 1 is_stmt 0 view .LVU89
 270 0000 10B5     		push	{r4, lr}
ARM GAS  C:\Users\NATHAN~1\AppData\Local\Temp\cc0iDiao.s 			page 9


 271              	.LCFI4:
 272              		.cfi_def_cfa_offset 8
 273              		.cfi_offset 4, -8
 274              		.cfi_offset 14, -4
 125:Middlewares/Third_Party/LoRaWAN/Mac/LoRaMacAdr.c ****     if( adrNext->Version.Fields.Minor == 0 )
 275              		.loc 1 125 5 is_stmt 1 view .LVU90
 276              		.loc 1 125 32 is_stmt 0 view .LVU91
 277 0002 8478     		ldrb	r4, [r0, #2]	@ zero_extendqisi2
 278              		.loc 1 125 7 view .LVU92
 279 0004 0CB1     		cbz	r4, .L16
 126:Middlewares/Third_Party/LoRaWAN/Mac/LoRaMacAdr.c ****     {
 127:Middlewares/Third_Party/LoRaWAN/Mac/LoRaMacAdr.c ****         return CalcNextV10X( adrNext, drOut, txPowOut, adrAckCounter );
 128:Middlewares/Third_Party/LoRaWAN/Mac/LoRaMacAdr.c ****     }
 129:Middlewares/Third_Party/LoRaWAN/Mac/LoRaMacAdr.c ****     return false;
 280              		.loc 1 129 12 view .LVU93
 281 0006 0020     		movs	r0, #0
 282              	.LVL21:
 283              	.L13:
 130:Middlewares/Third_Party/LoRaWAN/Mac/LoRaMacAdr.c **** }
 284              		.loc 1 130 1 view .LVU94
 285 0008 10BD     		pop	{r4, pc}
 286              	.LVL22:
 287              	.L16:
 127:Middlewares/Third_Party/LoRaWAN/Mac/LoRaMacAdr.c ****     }
 288              		.loc 1 127 9 is_stmt 1 view .LVU95
 127:Middlewares/Third_Party/LoRaWAN/Mac/LoRaMacAdr.c ****     }
 289              		.loc 1 127 16 is_stmt 0 view .LVU96
 290 000a FFF7FEFF 		bl	CalcNextV10X
 291              	.LVL23:
 127:Middlewares/Third_Party/LoRaWAN/Mac/LoRaMacAdr.c ****     }
 292              		.loc 1 127 16 view .LVU97
 293 000e FBE7     		b	.L13
 294              		.cfi_endproc
 295              	.LFE105:
 297              		.text
 298              	.Letext0:
 299              		.file 2 "c:\\program files (x86)\\gnu arm embedded toolchain\\10 2021.10\\arm-none-eabi\\include\\
 300              		.file 3 "c:\\program files (x86)\\gnu arm embedded toolchain\\10 2021.10\\arm-none-eabi\\include\\
 301              		.file 4 "Middlewares/Third_Party/LoRaWAN/Utilities/utilities.h"
 302              		.file 5 "Utilities/timer/stm32_timer.h"
 303              		.file 6 "Middlewares/Third_Party/LoRaWAN/Mac/LoRaMacTypes.h"
 304              		.file 7 "Middlewares/Third_Party/LoRaWAN/Mac/LoRaMac.h"
 305              		.file 8 "Middlewares/Third_Party/LoRaWAN/Mac/Region/Region.h"
 306              		.file 9 "Middlewares/Third_Party/LoRaWAN/Mac/LoRaMacAdr.h"
ARM GAS  C:\Users\NATHAN~1\AppData\Local\Temp\cc0iDiao.s 			page 10


DEFINED SYMBOLS
                            *ABS*:00000000 LoRaMacAdr.c
C:\Users\NATHAN~1\AppData\Local\Temp\cc0iDiao.s:18     .text.CalcNextV10X:00000000 $t
C:\Users\NATHAN~1\AppData\Local\Temp\cc0iDiao.s:23     .text.CalcNextV10X:00000000 CalcNextV10X
C:\Users\NATHAN~1\AppData\Local\Temp\cc0iDiao.s:256    .text.LoRaMacAdrCalcNext:00000000 $t
C:\Users\NATHAN~1\AppData\Local\Temp\cc0iDiao.s:262    .text.LoRaMacAdrCalcNext:00000000 LoRaMacAdrCalcNext

UNDEFINED SYMBOLS
RegionGetPhyParam
RegionInitDefaults
