ARM GAS  C:\Users\NATHAN~1\AppData\Local\Temp\ccYlKLp3.s 			page 1


   1              		.cpu cortex-m4
   2              		.arch armv7e-m
   3              		.fpu softvfp
   4              		.eabi_attribute 20, 1
   5              		.eabi_attribute 21, 1
   6              		.eabi_attribute 23, 3
   7              		.eabi_attribute 24, 1
   8              		.eabi_attribute 25, 1
   9              		.eabi_attribute 26, 1
  10              		.eabi_attribute 30, 1
  11              		.eabi_attribute 34, 1
  12              		.eabi_attribute 18, 4
  13              		.file	"LoRaMacParser.c"
  14              		.text
  15              	.Ltext0:
  16              		.cfi_sections	.debug_frame
  17              		.section	.text.LoRaMacParserJoinAccept,"ax",%progbits
  18              		.align	1
  19              		.global	LoRaMacParserJoinAccept
  20              		.syntax unified
  21              		.thumb
  22              		.thumb_func
  24              	LoRaMacParserJoinAccept:
  25              	.LVL0:
  26              	.LFB104:
  27              		.file 1 "Middlewares/Third_Party/LoRaWAN/Mac/LoRaMacParser.c"
   1:Middlewares/Third_Party/LoRaWAN/Mac/LoRaMacParser.c **** /*!
   2:Middlewares/Third_Party/LoRaWAN/Mac/LoRaMacParser.c ****  * \file      LoRaMacParser.c
   3:Middlewares/Third_Party/LoRaWAN/Mac/LoRaMacParser.c ****  *
   4:Middlewares/Third_Party/LoRaWAN/Mac/LoRaMacParser.c ****  * \brief     LoRa MAC layer message parser functionality implementation
   5:Middlewares/Third_Party/LoRaWAN/Mac/LoRaMacParser.c ****  *
   6:Middlewares/Third_Party/LoRaWAN/Mac/LoRaMacParser.c ****  * \copyright Revised BSD License, see section \ref LICENSE.
   7:Middlewares/Third_Party/LoRaWAN/Mac/LoRaMacParser.c ****  *
   8:Middlewares/Third_Party/LoRaWAN/Mac/LoRaMacParser.c ****  * \code
   9:Middlewares/Third_Party/LoRaWAN/Mac/LoRaMacParser.c ****  *                ______                              _
  10:Middlewares/Third_Party/LoRaWAN/Mac/LoRaMacParser.c ****  *               / _____)             _              | |
  11:Middlewares/Third_Party/LoRaWAN/Mac/LoRaMacParser.c ****  *              ( (____  _____ ____ _| |_ _____  ____| |__
  12:Middlewares/Third_Party/LoRaWAN/Mac/LoRaMacParser.c ****  *               \____ \| ___ |    (_   _) ___ |/ ___)  _ \
  13:Middlewares/Third_Party/LoRaWAN/Mac/LoRaMacParser.c ****  *               _____) ) ____| | | || |_| ____( (___| | | |
  14:Middlewares/Third_Party/LoRaWAN/Mac/LoRaMacParser.c ****  *              (______/|_____)_|_|_| \__)_____)\____)_| |_|
  15:Middlewares/Third_Party/LoRaWAN/Mac/LoRaMacParser.c ****  *              (C)2013 Semtech
  16:Middlewares/Third_Party/LoRaWAN/Mac/LoRaMacParser.c ****  *
  17:Middlewares/Third_Party/LoRaWAN/Mac/LoRaMacParser.c ****  *               ___ _____ _   ___ _  _____ ___  ___  ___ ___
  18:Middlewares/Third_Party/LoRaWAN/Mac/LoRaMacParser.c ****  *              / __|_   _/_\ / __| |/ / __/ _ \| _ \/ __| __|
  19:Middlewares/Third_Party/LoRaWAN/Mac/LoRaMacParser.c ****  *              \__ \ | |/ _ \ (__| ' <| _| (_) |   / (__| _|
  20:Middlewares/Third_Party/LoRaWAN/Mac/LoRaMacParser.c ****  *              |___/ |_/_/ \_\___|_|\_\_| \___/|_|_\\___|___|
  21:Middlewares/Third_Party/LoRaWAN/Mac/LoRaMacParser.c ****  *              embedded.connectivity.solutions===============
  22:Middlewares/Third_Party/LoRaWAN/Mac/LoRaMacParser.c ****  *
  23:Middlewares/Third_Party/LoRaWAN/Mac/LoRaMacParser.c ****  * \endcode
  24:Middlewares/Third_Party/LoRaWAN/Mac/LoRaMacParser.c ****  *
  25:Middlewares/Third_Party/LoRaWAN/Mac/LoRaMacParser.c ****  * \author    Miguel Luis ( Semtech )
  26:Middlewares/Third_Party/LoRaWAN/Mac/LoRaMacParser.c ****  *
  27:Middlewares/Third_Party/LoRaWAN/Mac/LoRaMacParser.c ****  * \author    Gregory Cristian ( Semtech )
  28:Middlewares/Third_Party/LoRaWAN/Mac/LoRaMacParser.c ****  *
  29:Middlewares/Third_Party/LoRaWAN/Mac/LoRaMacParser.c ****  * \author    Daniel Jaeckle ( STACKFORCE )
  30:Middlewares/Third_Party/LoRaWAN/Mac/LoRaMacParser.c ****  *
  31:Middlewares/Third_Party/LoRaWAN/Mac/LoRaMacParser.c ****  * \author    Johannes Bruder ( STACKFORCE )
ARM GAS  C:\Users\NATHAN~1\AppData\Local\Temp\ccYlKLp3.s 			page 2


  32:Middlewares/Third_Party/LoRaWAN/Mac/LoRaMacParser.c ****  */
  33:Middlewares/Third_Party/LoRaWAN/Mac/LoRaMacParser.c **** #include "LoRaMacParser.h"
  34:Middlewares/Third_Party/LoRaWAN/Mac/LoRaMacParser.c **** #include "utilities.h"
  35:Middlewares/Third_Party/LoRaWAN/Mac/LoRaMacParser.c **** 
  36:Middlewares/Third_Party/LoRaWAN/Mac/LoRaMacParser.c **** LoRaMacParserStatus_t LoRaMacParserJoinAccept( LoRaMacMessageJoinAccept_t* macMsg )
  37:Middlewares/Third_Party/LoRaWAN/Mac/LoRaMacParser.c **** {
  28              		.loc 1 37 1 view -0
  29              		.cfi_startproc
  30              		@ args = 0, pretend = 0, frame = 0
  31              		@ frame_needed = 0, uses_anonymous_args = 0
  38:Middlewares/Third_Party/LoRaWAN/Mac/LoRaMacParser.c ****     if( ( macMsg == 0 ) || ( macMsg->Buffer == 0 ) )
  32              		.loc 1 38 5 view .LVU1
  33              		.loc 1 38 7 is_stmt 0 view .LVU2
  34 0000 0028     		cmp	r0, #0
  35 0002 49D0     		beq	.L5
  37:Middlewares/Third_Party/LoRaWAN/Mac/LoRaMacParser.c ****     if( ( macMsg == 0 ) || ( macMsg->Buffer == 0 ) )
  36              		.loc 1 37 1 discriminator 1 view .LVU3
  37 0004 10B5     		push	{r4, lr}
  38              	.LCFI0:
  39              		.cfi_def_cfa_offset 8
  40              		.cfi_offset 4, -8
  41              		.cfi_offset 14, -4
  42 0006 0446     		mov	r4, r0
  43              		.loc 1 38 36 discriminator 1 view .LVU4
  44 0008 0168     		ldr	r1, [r0]
  45              		.loc 1 38 25 discriminator 1 view .LVU5
  46 000a 0029     		cmp	r1, #0
  47 000c 46D0     		beq	.L6
  39:Middlewares/Third_Party/LoRaWAN/Mac/LoRaMacParser.c ****     {
  40:Middlewares/Third_Party/LoRaWAN/Mac/LoRaMacParser.c ****         return LORAMAC_PARSER_ERROR_NPE;
  41:Middlewares/Third_Party/LoRaWAN/Mac/LoRaMacParser.c ****     }
  42:Middlewares/Third_Party/LoRaWAN/Mac/LoRaMacParser.c **** 
  43:Middlewares/Third_Party/LoRaWAN/Mac/LoRaMacParser.c ****     uint16_t bufItr = 0;
  48              		.loc 1 43 5 is_stmt 1 view .LVU6
  49              	.LVL1:
  44:Middlewares/Third_Party/LoRaWAN/Mac/LoRaMacParser.c **** 
  45:Middlewares/Third_Party/LoRaWAN/Mac/LoRaMacParser.c ****     macMsg->MHDR.Value = macMsg->Buffer[bufItr++];
  50              		.loc 1 45 5 view .LVU7
  51              		.loc 1 45 40 is_stmt 0 view .LVU8
  52 000e 11F8013B 		ldrb	r3, [r1], #1	@ zero_extendqisi2
  53              		.loc 1 45 24 view .LVU9
  54 0012 4371     		strb	r3, [r0, #5]
  46:Middlewares/Third_Party/LoRaWAN/Mac/LoRaMacParser.c **** 
  47:Middlewares/Third_Party/LoRaWAN/Mac/LoRaMacParser.c ****     memcpy1( macMsg->JoinNonce, &macMsg->Buffer[bufItr], 3 );
  55              		.loc 1 47 5 is_stmt 1 view .LVU10
  56 0014 0322     		movs	r2, #3
  57 0016 0630     		adds	r0, r0, #6
  58              	.LVL2:
  59              		.loc 1 47 5 is_stmt 0 view .LVU11
  60 0018 FFF7FEFF 		bl	memcpy1
  61              	.LVL3:
  48:Middlewares/Third_Party/LoRaWAN/Mac/LoRaMacParser.c ****     bufItr = bufItr + 3;
  62              		.loc 1 48 5 is_stmt 1 view .LVU12
  49:Middlewares/Third_Party/LoRaWAN/Mac/LoRaMacParser.c **** 
  50:Middlewares/Third_Party/LoRaWAN/Mac/LoRaMacParser.c ****     memcpy1( macMsg->NetID, &macMsg->Buffer[bufItr], 3 );
  63              		.loc 1 50 5 view .LVU13
  64              		.loc 1 50 20 is_stmt 0 view .LVU14
ARM GAS  C:\Users\NATHAN~1\AppData\Local\Temp\ccYlKLp3.s 			page 3


  65 001c 2046     		mov	r0, r4
  66              		.loc 1 50 36 view .LVU15
  67 001e 50F8091B 		ldr	r1, [r0], #9
  68              		.loc 1 50 5 view .LVU16
  69 0022 0322     		movs	r2, #3
  70 0024 0431     		adds	r1, r1, #4
  71 0026 FFF7FEFF 		bl	memcpy1
  72              	.LVL4:
  51:Middlewares/Third_Party/LoRaWAN/Mac/LoRaMacParser.c ****     bufItr = bufItr + 3;
  73              		.loc 1 51 5 is_stmt 1 view .LVU17
  52:Middlewares/Third_Party/LoRaWAN/Mac/LoRaMacParser.c **** 
  53:Middlewares/Third_Party/LoRaWAN/Mac/LoRaMacParser.c ****     macMsg->DevAddr = ( uint32_t ) macMsg->Buffer[bufItr++];
  74              		.loc 1 53 5 view .LVU18
  75              		.loc 1 53 42 is_stmt 0 view .LVU19
  76 002a 2168     		ldr	r1, [r4]
  77              	.LVL5:
  78              		.loc 1 53 50 view .LVU20
  79 002c CB79     		ldrb	r3, [r1, #7]	@ zero_extendqisi2
  80              		.loc 1 53 21 view .LVU21
  81 002e E360     		str	r3, [r4, #12]
  54:Middlewares/Third_Party/LoRaWAN/Mac/LoRaMacParser.c ****     macMsg->DevAddr |= ( ( uint32_t ) macMsg->Buffer[bufItr++] << 8 );
  82              		.loc 1 54 5 is_stmt 1 view .LVU22
  83              	.LVL6:
  84              		.loc 1 54 53 is_stmt 0 view .LVU23
  85 0030 0A7A     		ldrb	r2, [r1, #8]	@ zero_extendqisi2
  86              		.loc 1 54 21 view .LVU24
  87 0032 43EA0223 		orr	r3, r3, r2, lsl #8
  88 0036 E360     		str	r3, [r4, #12]
  55:Middlewares/Third_Party/LoRaWAN/Mac/LoRaMacParser.c ****     macMsg->DevAddr |= ( ( uint32_t ) macMsg->Buffer[bufItr++] << 16 );
  89              		.loc 1 55 5 is_stmt 1 view .LVU25
  90              	.LVL7:
  91              		.loc 1 55 53 is_stmt 0 view .LVU26
  92 0038 4A7A     		ldrb	r2, [r1, #9]	@ zero_extendqisi2
  93              		.loc 1 55 21 view .LVU27
  94 003a 43EA0243 		orr	r3, r3, r2, lsl #16
  95 003e E360     		str	r3, [r4, #12]
  56:Middlewares/Third_Party/LoRaWAN/Mac/LoRaMacParser.c ****     macMsg->DevAddr |= ( ( uint32_t ) macMsg->Buffer[bufItr++] << 24 );
  96              		.loc 1 56 5 is_stmt 1 view .LVU28
  97              	.LVL8:
  98              		.loc 1 56 53 is_stmt 0 view .LVU29
  99 0040 8A7A     		ldrb	r2, [r1, #10]	@ zero_extendqisi2
 100              		.loc 1 56 21 view .LVU30
 101 0042 43EA0263 		orr	r3, r3, r2, lsl #24
 102 0046 E360     		str	r3, [r4, #12]
  57:Middlewares/Third_Party/LoRaWAN/Mac/LoRaMacParser.c **** 
  58:Middlewares/Third_Party/LoRaWAN/Mac/LoRaMacParser.c ****     macMsg->DLSettings.Value = macMsg->Buffer[bufItr++];
 103              		.loc 1 58 5 is_stmt 1 view .LVU31
 104              	.LVL9:
 105              		.loc 1 58 46 is_stmt 0 view .LVU32
 106 0048 CB7A     		ldrb	r3, [r1, #11]	@ zero_extendqisi2
 107              		.loc 1 58 30 view .LVU33
 108 004a 2374     		strb	r3, [r4, #16]
  59:Middlewares/Third_Party/LoRaWAN/Mac/LoRaMacParser.c **** 
  60:Middlewares/Third_Party/LoRaWAN/Mac/LoRaMacParser.c ****     macMsg->RxDelay = macMsg->Buffer[bufItr++];
 109              		.loc 1 60 5 is_stmt 1 view .LVU34
 110              	.LVL10:
 111              		.loc 1 60 37 is_stmt 0 view .LVU35
ARM GAS  C:\Users\NATHAN~1\AppData\Local\Temp\ccYlKLp3.s 			page 4


 112 004c 0B7B     		ldrb	r3, [r1, #12]	@ zero_extendqisi2
 113              		.loc 1 60 21 view .LVU36
 114 004e 6374     		strb	r3, [r4, #17]
  61:Middlewares/Third_Party/LoRaWAN/Mac/LoRaMacParser.c **** 
  62:Middlewares/Third_Party/LoRaWAN/Mac/LoRaMacParser.c ****     if( ( macMsg->BufSize - LORAMAC_MIC_FIELD_SIZE - bufItr ) == LORAMAC_CF_LIST_FIELD_SIZE )
 115              		.loc 1 62 5 is_stmt 1 view .LVU37
 116              		.loc 1 62 17 is_stmt 0 view .LVU38
 117 0050 2379     		ldrb	r3, [r4, #4]	@ zero_extendqisi2
 118              		.loc 1 62 7 view .LVU39
 119 0052 212B     		cmp	r3, #33
 120 0054 18D0     		beq	.L12
  63:Middlewares/Third_Party/LoRaWAN/Mac/LoRaMacParser.c ****     {
  64:Middlewares/Third_Party/LoRaWAN/Mac/LoRaMacParser.c ****         memcpy1( macMsg->CFList, &macMsg->Buffer[bufItr], LORAMAC_CF_LIST_FIELD_SIZE );
  65:Middlewares/Third_Party/LoRaWAN/Mac/LoRaMacParser.c ****         bufItr = bufItr + LORAMAC_CF_LIST_FIELD_SIZE;
  66:Middlewares/Third_Party/LoRaWAN/Mac/LoRaMacParser.c ****     }
  67:Middlewares/Third_Party/LoRaWAN/Mac/LoRaMacParser.c ****     else if( ( macMsg->BufSize - LORAMAC_MIC_FIELD_SIZE - bufItr ) > 0 )
 121              		.loc 1 67 10 is_stmt 1 view .LVU40
 122              		.loc 1 67 12 is_stmt 0 view .LVU41
 123 0056 112B     		cmp	r3, #17
 124 0058 22DC     		bgt	.L7
  60:Middlewares/Third_Party/LoRaWAN/Mac/LoRaMacParser.c **** 
 125              		.loc 1 60 44 view .LVU42
 126 005a 0D22     		movs	r2, #13
 127              	.LVL11:
 128              	.L4:
  68:Middlewares/Third_Party/LoRaWAN/Mac/LoRaMacParser.c ****     {
  69:Middlewares/Third_Party/LoRaWAN/Mac/LoRaMacParser.c ****         return LORAMAC_PARSER_FAIL;
  70:Middlewares/Third_Party/LoRaWAN/Mac/LoRaMacParser.c ****     }
  71:Middlewares/Third_Party/LoRaWAN/Mac/LoRaMacParser.c **** 
  72:Middlewares/Third_Party/LoRaWAN/Mac/LoRaMacParser.c ****     macMsg->MIC = ( uint32_t ) macMsg->Buffer[bufItr++];
 129              		.loc 1 72 5 is_stmt 1 view .LVU43
 130              		.loc 1 72 38 is_stmt 0 view .LVU44
 131 005c 2168     		ldr	r1, [r4]
 132              		.loc 1 72 53 view .LVU45
 133 005e 02F1010C 		add	ip, r2, #1
 134              	.LVL12:
 135              		.loc 1 72 46 view .LVU46
 136 0062 8B5C     		ldrb	r3, [r1, r2]	@ zero_extendqisi2
 137              		.loc 1 72 17 view .LVU47
 138 0064 6362     		str	r3, [r4, #36]
  73:Middlewares/Third_Party/LoRaWAN/Mac/LoRaMacParser.c ****     macMsg->MIC |= ( ( uint32_t ) macMsg->Buffer[bufItr++] << 8 );
 139              		.loc 1 73 5 is_stmt 1 view .LVU48
 140              		.loc 1 73 56 is_stmt 0 view .LVU49
 141 0066 901C     		adds	r0, r2, #2
 142              	.LVL13:
 143              		.loc 1 73 49 view .LVU50
 144 0068 11F80CC0 		ldrb	ip, [r1, ip]	@ zero_extendqisi2
 145              		.loc 1 73 17 view .LVU51
 146 006c 43EA0C23 		orr	r3, r3, ip, lsl #8
 147 0070 6362     		str	r3, [r4, #36]
  74:Middlewares/Third_Party/LoRaWAN/Mac/LoRaMacParser.c ****     macMsg->MIC |= ( ( uint32_t ) macMsg->Buffer[bufItr++] << 16 );
 148              		.loc 1 74 5 is_stmt 1 view .LVU52
 149              		.loc 1 74 56 is_stmt 0 view .LVU53
 150 0072 0332     		adds	r2, r2, #3
 151              	.LVL14:
 152              		.loc 1 74 49 view .LVU54
 153 0074 085C     		ldrb	r0, [r1, r0]	@ zero_extendqisi2
ARM GAS  C:\Users\NATHAN~1\AppData\Local\Temp\ccYlKLp3.s 			page 5


 154              		.loc 1 74 17 view .LVU55
 155 0076 43EA0043 		orr	r3, r3, r0, lsl #16
 156 007a 6362     		str	r3, [r4, #36]
  75:Middlewares/Third_Party/LoRaWAN/Mac/LoRaMacParser.c ****     macMsg->MIC |= ( ( uint32_t ) macMsg->Buffer[bufItr++] << 24 );
 157              		.loc 1 75 5 is_stmt 1 view .LVU56
 158              	.LVL15:
 159              		.loc 1 75 49 is_stmt 0 view .LVU57
 160 007c 8A5C     		ldrb	r2, [r1, r2]	@ zero_extendqisi2
 161              		.loc 1 75 17 view .LVU58
 162 007e 43EA0263 		orr	r3, r3, r2, lsl #24
 163 0082 6362     		str	r3, [r4, #36]
  76:Middlewares/Third_Party/LoRaWAN/Mac/LoRaMacParser.c **** 
  77:Middlewares/Third_Party/LoRaWAN/Mac/LoRaMacParser.c ****     return LORAMAC_PARSER_SUCCESS;
 164              		.loc 1 77 5 is_stmt 1 view .LVU59
 165              		.loc 1 77 12 is_stmt 0 view .LVU60
 166 0084 0020     		movs	r0, #0
 167              	.L2:
  78:Middlewares/Third_Party/LoRaWAN/Mac/LoRaMacParser.c **** }
 168              		.loc 1 78 1 view .LVU61
 169 0086 10BD     		pop	{r4, pc}
 170              	.LVL16:
 171              	.L12:
  64:Middlewares/Third_Party/LoRaWAN/Mac/LoRaMacParser.c ****         bufItr = bufItr + LORAMAC_CF_LIST_FIELD_SIZE;
 172              		.loc 1 64 9 is_stmt 1 view .LVU62
 173 0088 1022     		movs	r2, #16
 174 008a 0D31     		adds	r1, r1, #13
 175 008c 04F11200 		add	r0, r4, #18
 176 0090 FFF7FEFF 		bl	memcpy1
 177              	.LVL17:
  65:Middlewares/Third_Party/LoRaWAN/Mac/LoRaMacParser.c ****     }
 178              		.loc 1 65 9 view .LVU63
  65:Middlewares/Third_Party/LoRaWAN/Mac/LoRaMacParser.c ****     }
 179              		.loc 1 65 16 is_stmt 0 view .LVU64
 180 0094 1D22     		movs	r2, #29
 181 0096 E1E7     		b	.L4
 182              	.LVL18:
 183              	.L5:
 184              	.LCFI1:
 185              		.cfi_def_cfa_offset 0
 186              		.cfi_restore 4
 187              		.cfi_restore 14
  40:Middlewares/Third_Party/LoRaWAN/Mac/LoRaMacParser.c ****     }
 188              		.loc 1 40 16 view .LVU65
 189 0098 0220     		movs	r0, #2
 190              	.LVL19:
 191              		.loc 1 78 1 view .LVU66
 192 009a 7047     		bx	lr
 193              	.LVL20:
 194              	.L6:
 195              	.LCFI2:
 196              		.cfi_def_cfa_offset 8
 197              		.cfi_offset 4, -8
 198              		.cfi_offset 14, -4
  40:Middlewares/Third_Party/LoRaWAN/Mac/LoRaMacParser.c ****     }
 199              		.loc 1 40 16 view .LVU67
 200 009c 0220     		movs	r0, #2
 201              	.LVL21:
ARM GAS  C:\Users\NATHAN~1\AppData\Local\Temp\ccYlKLp3.s 			page 6


  40:Middlewares/Third_Party/LoRaWAN/Mac/LoRaMacParser.c ****     }
 202              		.loc 1 40 16 view .LVU68
 203 009e F2E7     		b	.L2
 204              	.LVL22:
 205              	.L7:
  69:Middlewares/Third_Party/LoRaWAN/Mac/LoRaMacParser.c ****     }
 206              		.loc 1 69 16 view .LVU69
 207 00a0 0120     		movs	r0, #1
 208 00a2 F0E7     		b	.L2
 209              		.cfi_endproc
 210              	.LFE104:
 212              		.section	.text.LoRaMacParserData,"ax",%progbits
 213              		.align	1
 214              		.global	LoRaMacParserData
 215              		.syntax unified
 216              		.thumb
 217              		.thumb_func
 219              	LoRaMacParserData:
 220              	.LVL23:
 221              	.LFB105:
  79:Middlewares/Third_Party/LoRaWAN/Mac/LoRaMacParser.c **** 
  80:Middlewares/Third_Party/LoRaWAN/Mac/LoRaMacParser.c **** LoRaMacParserStatus_t LoRaMacParserData( LoRaMacMessageData_t* macMsg )
  81:Middlewares/Third_Party/LoRaWAN/Mac/LoRaMacParser.c **** {
 222              		.loc 1 81 1 is_stmt 1 view -0
 223              		.cfi_startproc
 224              		@ args = 0, pretend = 0, frame = 0
 225              		@ frame_needed = 0, uses_anonymous_args = 0
  82:Middlewares/Third_Party/LoRaWAN/Mac/LoRaMacParser.c ****     if( ( macMsg == 0 ) || ( macMsg->Buffer == 0 ) )
 226              		.loc 1 82 5 view .LVU71
 227              		.loc 1 82 7 is_stmt 0 view .LVU72
 228 0000 0028     		cmp	r0, #0
 229 0002 58D0     		beq	.L16
  81:Middlewares/Third_Party/LoRaWAN/Mac/LoRaMacParser.c ****     if( ( macMsg == 0 ) || ( macMsg->Buffer == 0 ) )
 230              		.loc 1 81 1 discriminator 1 view .LVU73
 231 0004 10B5     		push	{r4, lr}
 232              	.LCFI3:
 233              		.cfi_def_cfa_offset 8
 234              		.cfi_offset 4, -8
 235              		.cfi_offset 14, -4
 236 0006 0446     		mov	r4, r0
 237              		.loc 1 82 36 discriminator 1 view .LVU74
 238 0008 0168     		ldr	r1, [r0]
 239              		.loc 1 82 25 discriminator 1 view .LVU75
 240 000a 0029     		cmp	r1, #0
 241 000c 55D0     		beq	.L17
  83:Middlewares/Third_Party/LoRaWAN/Mac/LoRaMacParser.c ****     {
  84:Middlewares/Third_Party/LoRaWAN/Mac/LoRaMacParser.c ****         return LORAMAC_PARSER_ERROR_NPE;
  85:Middlewares/Third_Party/LoRaWAN/Mac/LoRaMacParser.c ****     }
  86:Middlewares/Third_Party/LoRaWAN/Mac/LoRaMacParser.c **** 
  87:Middlewares/Third_Party/LoRaWAN/Mac/LoRaMacParser.c ****     uint16_t bufItr = 0;
 242              		.loc 1 87 5 is_stmt 1 view .LVU76
 243              	.LVL24:
  88:Middlewares/Third_Party/LoRaWAN/Mac/LoRaMacParser.c **** 
  89:Middlewares/Third_Party/LoRaWAN/Mac/LoRaMacParser.c ****     macMsg->MHDR.Value = macMsg->Buffer[bufItr++];
 244              		.loc 1 89 5 view .LVU77
 245              		.loc 1 89 40 is_stmt 0 view .LVU78
 246 000e 0B78     		ldrb	r3, [r1]	@ zero_extendqisi2
ARM GAS  C:\Users\NATHAN~1\AppData\Local\Temp\ccYlKLp3.s 			page 7


 247              		.loc 1 89 24 view .LVU79
 248 0010 4371     		strb	r3, [r0, #5]
  90:Middlewares/Third_Party/LoRaWAN/Mac/LoRaMacParser.c **** 
  91:Middlewares/Third_Party/LoRaWAN/Mac/LoRaMacParser.c ****     macMsg->FHDR.DevAddr = macMsg->Buffer[bufItr++];
 249              		.loc 1 91 5 is_stmt 1 view .LVU80
 250              	.LVL25:
 251              		.loc 1 91 42 is_stmt 0 view .LVU81
 252 0012 4B78     		ldrb	r3, [r1, #1]	@ zero_extendqisi2
 253              		.loc 1 91 26 view .LVU82
 254 0014 8360     		str	r3, [r0, #8]
  92:Middlewares/Third_Party/LoRaWAN/Mac/LoRaMacParser.c ****     macMsg->FHDR.DevAddr |= ( ( uint32_t ) macMsg->Buffer[bufItr++] << 8 );
 255              		.loc 1 92 5 is_stmt 1 view .LVU83
 256              	.LVL26:
 257              		.loc 1 92 58 is_stmt 0 view .LVU84
 258 0016 8A78     		ldrb	r2, [r1, #2]	@ zero_extendqisi2
 259              		.loc 1 92 26 view .LVU85
 260 0018 43EA0223 		orr	r3, r3, r2, lsl #8
 261 001c 8360     		str	r3, [r0, #8]
  93:Middlewares/Third_Party/LoRaWAN/Mac/LoRaMacParser.c ****     macMsg->FHDR.DevAddr |= ( ( uint32_t ) macMsg->Buffer[bufItr++] << 16 );
 262              		.loc 1 93 5 is_stmt 1 view .LVU86
 263              	.LVL27:
 264              		.loc 1 93 58 is_stmt 0 view .LVU87
 265 001e CA78     		ldrb	r2, [r1, #3]	@ zero_extendqisi2
 266              		.loc 1 93 26 view .LVU88
 267 0020 43EA0243 		orr	r3, r3, r2, lsl #16
 268 0024 8360     		str	r3, [r0, #8]
  94:Middlewares/Third_Party/LoRaWAN/Mac/LoRaMacParser.c ****     macMsg->FHDR.DevAddr |= ( ( uint32_t ) macMsg->Buffer[bufItr++] << 24 );
 269              		.loc 1 94 5 is_stmt 1 view .LVU89
 270              	.LVL28:
 271              		.loc 1 94 58 is_stmt 0 view .LVU90
 272 0026 0A79     		ldrb	r2, [r1, #4]	@ zero_extendqisi2
 273              		.loc 1 94 26 view .LVU91
 274 0028 43EA0263 		orr	r3, r3, r2, lsl #24
 275 002c 8360     		str	r3, [r0, #8]
  95:Middlewares/Third_Party/LoRaWAN/Mac/LoRaMacParser.c **** 
  96:Middlewares/Third_Party/LoRaWAN/Mac/LoRaMacParser.c ****     macMsg->FHDR.FCtrl.Value = macMsg->Buffer[bufItr++];
 276              		.loc 1 96 5 is_stmt 1 view .LVU92
 277              	.LVL29:
 278              		.loc 1 96 46 is_stmt 0 view .LVU93
 279 002e 4B79     		ldrb	r3, [r1, #5]	@ zero_extendqisi2
 280              		.loc 1 96 30 view .LVU94
 281 0030 0373     		strb	r3, [r0, #12]
  97:Middlewares/Third_Party/LoRaWAN/Mac/LoRaMacParser.c **** 
  98:Middlewares/Third_Party/LoRaWAN/Mac/LoRaMacParser.c ****     macMsg->FHDR.FCnt = macMsg->Buffer[bufItr++];
 282              		.loc 1 98 5 is_stmt 1 view .LVU95
 283              	.LVL30:
 284              		.loc 1 98 39 is_stmt 0 view .LVU96
 285 0032 8B79     		ldrb	r3, [r1, #6]	@ zero_extendqisi2
 286              		.loc 1 98 23 view .LVU97
 287 0034 C381     		strh	r3, [r0, #14]	@ movhi
  99:Middlewares/Third_Party/LoRaWAN/Mac/LoRaMacParser.c ****     macMsg->FHDR.FCnt |= macMsg->Buffer[bufItr++] << 8;
 288              		.loc 1 99 5 is_stmt 1 view .LVU98
 289              	.LVL31:
 290              		.loc 1 99 40 is_stmt 0 view .LVU99
 291 0036 CA79     		ldrb	r2, [r1, #7]	@ zero_extendqisi2
 292              		.loc 1 99 23 view .LVU100
 293 0038 43EA0223 		orr	r3, r3, r2, lsl #8
ARM GAS  C:\Users\NATHAN~1\AppData\Local\Temp\ccYlKLp3.s 			page 8


 294 003c C381     		strh	r3, [r0, #14]	@ movhi
 100:Middlewares/Third_Party/LoRaWAN/Mac/LoRaMacParser.c **** 
 101:Middlewares/Third_Party/LoRaWAN/Mac/LoRaMacParser.c ****     if( macMsg->FHDR.FCtrl.Bits.FOptsLen <= 15 )
 295              		.loc 1 101 5 is_stmt 1 view .LVU101
 102:Middlewares/Third_Party/LoRaWAN/Mac/LoRaMacParser.c ****     {
 103:Middlewares/Third_Party/LoRaWAN/Mac/LoRaMacParser.c ****         memcpy1( macMsg->FHDR.FOpts, &macMsg->Buffer[bufItr], macMsg->FHDR.FCtrl.Bits.FOptsLen );
 296              		.loc 1 103 9 view .LVU102
 297              		.loc 1 103 86 is_stmt 0 view .LVU103
 298 003e 027B     		ldrb	r2, [r0, #12]	@ zero_extendqisi2
 299              		.loc 1 103 9 view .LVU104
 300 0040 02F00F02 		and	r2, r2, #15
 301 0044 0831     		adds	r1, r1, #8
 302 0046 1030     		adds	r0, r0, #16
 303              	.LVL32:
 304              		.loc 1 103 9 view .LVU105
 305 0048 FFF7FEFF 		bl	memcpy1
 306              	.LVL33:
 104:Middlewares/Third_Party/LoRaWAN/Mac/LoRaMacParser.c ****         bufItr = bufItr + macMsg->FHDR.FCtrl.Bits.FOptsLen;
 307              		.loc 1 104 9 is_stmt 1 view .LVU106
 308              		.loc 1 104 50 is_stmt 0 view .LVU107
 309 004c 237B     		ldrb	r3, [r4, #12]	@ zero_extendqisi2
 310 004e 03F00F03 		and	r3, r3, #15
 311              		.loc 1 104 16 view .LVU108
 312 0052 03F10800 		add	r0, r3, #8
 313              	.LVL34:
 105:Middlewares/Third_Party/LoRaWAN/Mac/LoRaMacParser.c ****     }
 106:Middlewares/Third_Party/LoRaWAN/Mac/LoRaMacParser.c ****     else
 107:Middlewares/Third_Party/LoRaWAN/Mac/LoRaMacParser.c ****     {
 108:Middlewares/Third_Party/LoRaWAN/Mac/LoRaMacParser.c ****         return LORAMAC_PARSER_FAIL;
 109:Middlewares/Third_Party/LoRaWAN/Mac/LoRaMacParser.c ****     }
 110:Middlewares/Third_Party/LoRaWAN/Mac/LoRaMacParser.c **** 
 111:Middlewares/Third_Party/LoRaWAN/Mac/LoRaMacParser.c ****     // Initialize anyway with zero.
 112:Middlewares/Third_Party/LoRaWAN/Mac/LoRaMacParser.c ****     macMsg->FPort = 0;
 314              		.loc 1 112 5 is_stmt 1 view .LVU109
 315              		.loc 1 112 19 is_stmt 0 view .LVU110
 316 0056 0022     		movs	r2, #0
 317 0058 84F82020 		strb	r2, [r4, #32]
 113:Middlewares/Third_Party/LoRaWAN/Mac/LoRaMacParser.c ****     macMsg->FRMPayloadSize = 0;
 318              		.loc 1 113 5 is_stmt 1 view .LVU111
 319              		.loc 1 113 28 is_stmt 0 view .LVU112
 320 005c 84F82820 		strb	r2, [r4, #40]
 114:Middlewares/Third_Party/LoRaWAN/Mac/LoRaMacParser.c **** 
 115:Middlewares/Third_Party/LoRaWAN/Mac/LoRaMacParser.c ****     if( ( macMsg->BufSize - bufItr - LORAMAC_MIC_FIELD_SIZE ) > 0 )
 321              		.loc 1 115 5 is_stmt 1 view .LVU113
 322              		.loc 1 115 17 is_stmt 0 view .LVU114
 323 0060 2279     		ldrb	r2, [r4, #4]	@ zero_extendqisi2
 324              		.loc 1 115 27 view .LVU115
 325 0062 111A     		subs	r1, r2, r0
 326              		.loc 1 115 7 view .LVU116
 327 0064 0429     		cmp	r1, #4
 328 0066 16DC     		bgt	.L22
 329              	.LVL35:
 330              	.L15:
 116:Middlewares/Third_Party/LoRaWAN/Mac/LoRaMacParser.c ****     {
 117:Middlewares/Third_Party/LoRaWAN/Mac/LoRaMacParser.c ****         macMsg->FPort = macMsg->Buffer[bufItr++];
 118:Middlewares/Third_Party/LoRaWAN/Mac/LoRaMacParser.c **** 
 119:Middlewares/Third_Party/LoRaWAN/Mac/LoRaMacParser.c ****         macMsg->FRMPayloadSize = ( macMsg->BufSize - bufItr - LORAMAC_MIC_FIELD_SIZE );
ARM GAS  C:\Users\NATHAN~1\AppData\Local\Temp\ccYlKLp3.s 			page 9


 120:Middlewares/Third_Party/LoRaWAN/Mac/LoRaMacParser.c ****         memcpy1( macMsg->FRMPayload, &macMsg->Buffer[bufItr], macMsg->FRMPayloadSize );
 121:Middlewares/Third_Party/LoRaWAN/Mac/LoRaMacParser.c ****         bufItr = bufItr + macMsg->FRMPayloadSize;
 122:Middlewares/Third_Party/LoRaWAN/Mac/LoRaMacParser.c ****     }
 123:Middlewares/Third_Party/LoRaWAN/Mac/LoRaMacParser.c **** 
 124:Middlewares/Third_Party/LoRaWAN/Mac/LoRaMacParser.c ****     macMsg->MIC = ( uint32_t ) macMsg->Buffer[( macMsg->BufSize - LORAMAC_MIC_FIELD_SIZE )];
 331              		.loc 1 124 5 is_stmt 1 view .LVU117
 332              		.loc 1 124 38 is_stmt 0 view .LVU118
 333 0068 2268     		ldr	r2, [r4]
 334              		.loc 1 124 55 view .LVU119
 335 006a 2379     		ldrb	r3, [r4, #4]	@ zero_extendqisi2
 336              		.loc 1 124 46 view .LVU120
 337 006c 1A44     		add	r2, r2, r3
 338 006e 12F8043C 		ldrb	r3, [r2, #-4]	@ zero_extendqisi2
 339              		.loc 1 124 17 view .LVU121
 340 0072 E362     		str	r3, [r4, #44]
 125:Middlewares/Third_Party/LoRaWAN/Mac/LoRaMacParser.c ****     macMsg->MIC |= ( ( uint32_t ) macMsg->Buffer[( macMsg->BufSize - LORAMAC_MIC_FIELD_SIZE ) + 1] 
 341              		.loc 1 125 5 is_stmt 1 view .LVU122
 342              		.loc 1 125 49 is_stmt 0 view .LVU123
 343 0074 12F8031C 		ldrb	r1, [r2, #-3]	@ zero_extendqisi2
 344              		.loc 1 125 17 view .LVU124
 345 0078 43EA0123 		orr	r3, r3, r1, lsl #8
 346 007c E362     		str	r3, [r4, #44]
 126:Middlewares/Third_Party/LoRaWAN/Mac/LoRaMacParser.c ****     macMsg->MIC |= ( ( uint32_t ) macMsg->Buffer[( macMsg->BufSize - LORAMAC_MIC_FIELD_SIZE ) + 2] 
 347              		.loc 1 126 5 is_stmt 1 view .LVU125
 348              		.loc 1 126 49 is_stmt 0 view .LVU126
 349 007e 12F8021C 		ldrb	r1, [r2, #-2]	@ zero_extendqisi2
 350              		.loc 1 126 17 view .LVU127
 351 0082 43EA0143 		orr	r3, r3, r1, lsl #16
 352 0086 E362     		str	r3, [r4, #44]
 127:Middlewares/Third_Party/LoRaWAN/Mac/LoRaMacParser.c ****     macMsg->MIC |= ( ( uint32_t ) macMsg->Buffer[( macMsg->BufSize - LORAMAC_MIC_FIELD_SIZE ) + 3] 
 353              		.loc 1 127 5 is_stmt 1 view .LVU128
 354              		.loc 1 127 49 is_stmt 0 view .LVU129
 355 0088 12F8012C 		ldrb	r2, [r2, #-1]	@ zero_extendqisi2
 356              		.loc 1 127 17 view .LVU130
 357 008c 43EA0263 		orr	r3, r3, r2, lsl #24
 358 0090 E362     		str	r3, [r4, #44]
 128:Middlewares/Third_Party/LoRaWAN/Mac/LoRaMacParser.c **** 
 129:Middlewares/Third_Party/LoRaWAN/Mac/LoRaMacParser.c ****     return LORAMAC_PARSER_SUCCESS;
 359              		.loc 1 129 5 is_stmt 1 view .LVU131
 360              		.loc 1 129 12 is_stmt 0 view .LVU132
 361 0092 0020     		movs	r0, #0
 362              	.L14:
 130:Middlewares/Third_Party/LoRaWAN/Mac/LoRaMacParser.c **** }
 363              		.loc 1 130 1 view .LVU133
 364 0094 10BD     		pop	{r4, pc}
 365              	.LVL36:
 366              	.L22:
 117:Middlewares/Third_Party/LoRaWAN/Mac/LoRaMacParser.c **** 
 367              		.loc 1 117 9 is_stmt 1 view .LVU134
 117:Middlewares/Third_Party/LoRaWAN/Mac/LoRaMacParser.c **** 
 368              		.loc 1 117 31 is_stmt 0 view .LVU135
 369 0096 2168     		ldr	r1, [r4]
 117:Middlewares/Third_Party/LoRaWAN/Mac/LoRaMacParser.c **** 
 370              		.loc 1 117 46 view .LVU136
 371 0098 0933     		adds	r3, r3, #9
 372              	.LVL37:
 117:Middlewares/Third_Party/LoRaWAN/Mac/LoRaMacParser.c **** 
ARM GAS  C:\Users\NATHAN~1\AppData\Local\Temp\ccYlKLp3.s 			page 10


 373              		.loc 1 117 39 view .LVU137
 374 009a 085C     		ldrb	r0, [r1, r0]	@ zero_extendqisi2
 117:Middlewares/Third_Party/LoRaWAN/Mac/LoRaMacParser.c **** 
 375              		.loc 1 117 23 view .LVU138
 376 009c 84F82000 		strb	r0, [r4, #32]
 119:Middlewares/Third_Party/LoRaWAN/Mac/LoRaMacParser.c ****         memcpy1( macMsg->FRMPayload, &macMsg->Buffer[bufItr], macMsg->FRMPayloadSize );
 377              		.loc 1 119 9 is_stmt 1 view .LVU139
 119:Middlewares/Third_Party/LoRaWAN/Mac/LoRaMacParser.c ****         memcpy1( macMsg->FRMPayload, &macMsg->Buffer[bufItr], macMsg->FRMPayloadSize );
 378              		.loc 1 119 52 is_stmt 0 view .LVU140
 379 00a0 D21A     		subs	r2, r2, r3
 380 00a2 D2B2     		uxtb	r2, r2
 119:Middlewares/Third_Party/LoRaWAN/Mac/LoRaMacParser.c ****         memcpy1( macMsg->FRMPayload, &macMsg->Buffer[bufItr], macMsg->FRMPayloadSize );
 381              		.loc 1 119 61 view .LVU141
 382 00a4 043A     		subs	r2, r2, #4
 383 00a6 D2B2     		uxtb	r2, r2
 119:Middlewares/Third_Party/LoRaWAN/Mac/LoRaMacParser.c ****         memcpy1( macMsg->FRMPayload, &macMsg->Buffer[bufItr], macMsg->FRMPayloadSize );
 384              		.loc 1 119 32 view .LVU142
 385 00a8 84F82820 		strb	r2, [r4, #40]
 120:Middlewares/Third_Party/LoRaWAN/Mac/LoRaMacParser.c ****         bufItr = bufItr + macMsg->FRMPayloadSize;
 386              		.loc 1 120 9 is_stmt 1 view .LVU143
 387 00ac 1944     		add	r1, r1, r3
 388 00ae 606A     		ldr	r0, [r4, #36]
 389 00b0 FFF7FEFF 		bl	memcpy1
 390              	.LVL38:
 121:Middlewares/Third_Party/LoRaWAN/Mac/LoRaMacParser.c ****     }
 391              		.loc 1 121 9 view .LVU144
 121:Middlewares/Third_Party/LoRaWAN/Mac/LoRaMacParser.c ****     }
 392              		.loc 1 121 9 is_stmt 0 view .LVU145
 393 00b4 D8E7     		b	.L15
 394              	.LVL39:
 395              	.L16:
 396              	.LCFI4:
 397              		.cfi_def_cfa_offset 0
 398              		.cfi_restore 4
 399              		.cfi_restore 14
  84:Middlewares/Third_Party/LoRaWAN/Mac/LoRaMacParser.c ****     }
 400              		.loc 1 84 16 view .LVU146
 401 00b6 0220     		movs	r0, #2
 402              	.LVL40:
 403              		.loc 1 130 1 view .LVU147
 404 00b8 7047     		bx	lr
 405              	.LVL41:
 406              	.L17:
 407              	.LCFI5:
 408              		.cfi_def_cfa_offset 8
 409              		.cfi_offset 4, -8
 410              		.cfi_offset 14, -4
  84:Middlewares/Third_Party/LoRaWAN/Mac/LoRaMacParser.c ****     }
 411              		.loc 1 84 16 view .LVU148
 412 00ba 0220     		movs	r0, #2
 413              	.LVL42:
  84:Middlewares/Third_Party/LoRaWAN/Mac/LoRaMacParser.c ****     }
 414              		.loc 1 84 16 view .LVU149
 415 00bc EAE7     		b	.L14
 416              		.cfi_endproc
 417              	.LFE105:
 419              		.text
ARM GAS  C:\Users\NATHAN~1\AppData\Local\Temp\ccYlKLp3.s 			page 11


 420              	.Letext0:
 421              		.file 2 "c:\\program files (x86)\\gnu arm embedded toolchain\\10 2021.10\\arm-none-eabi\\include\\
 422              		.file 3 "c:\\program files (x86)\\gnu arm embedded toolchain\\10 2021.10\\arm-none-eabi\\include\\
 423              		.file 4 "Middlewares/Third_Party/LoRaWAN/Mac/LoRaMacHeaderTypes.h"
 424              		.file 5 "Middlewares/Third_Party/LoRaWAN/Mac/LoRaMacMessageTypes.h"
 425              		.file 6 "Middlewares/Third_Party/LoRaWAN/Mac/LoRaMacParser.h"
 426              		.file 7 "Middlewares/Third_Party/LoRaWAN/Utilities/utilities.h"
ARM GAS  C:\Users\NATHAN~1\AppData\Local\Temp\ccYlKLp3.s 			page 12


DEFINED SYMBOLS
                            *ABS*:00000000 LoRaMacParser.c
C:\Users\NATHAN~1\AppData\Local\Temp\ccYlKLp3.s:18     .text.LoRaMacParserJoinAccept:00000000 $t
C:\Users\NATHAN~1\AppData\Local\Temp\ccYlKLp3.s:24     .text.LoRaMacParserJoinAccept:00000000 LoRaMacParserJoinAccept
C:\Users\NATHAN~1\AppData\Local\Temp\ccYlKLp3.s:213    .text.LoRaMacParserData:00000000 $t
C:\Users\NATHAN~1\AppData\Local\Temp\ccYlKLp3.s:219    .text.LoRaMacParserData:00000000 LoRaMacParserData

UNDEFINED SYMBOLS
memcpy1
