ARM GAS  C:\Users\NATHAN~1\AppData\Local\Temp\ccBdggxK.s 			page 1


   1              		.cpu cortex-m4
   2              		.arch armv7e-m
   3              		.fpu softvfp
   4              		.eabi_attribute 20, 1
   5              		.eabi_attribute 21, 1
   6              		.eabi_attribute 23, 3
   7              		.eabi_attribute 24, 1
   8              		.eabi_attribute 25, 1
   9              		.eabi_attribute 26, 1
  10              		.eabi_attribute 30, 1
  11              		.eabi_attribute 34, 1
  12              		.eabi_attribute 18, 4
  13              		.file	"radio_fw.c"
  14              		.text
  15              	.Ltext0:
  16              		.cfi_sections	.debug_frame
  17              		.section	.text.RFW_TransmitLongPacket,"ax",%progbits
  18              		.align	1
  19              		.global	RFW_TransmitLongPacket
  20              		.syntax unified
  21              		.thumb
  22              		.thumb_func
  24              	RFW_TransmitLongPacket:
  25              	.LVL0:
  26              	.LFB991:
  27              		.file 1 "Middlewares/Third_Party/SubGHz_Phy/stm32_radio_driver/radio_fw.c"
   1:Middlewares/Third_Party/SubGHz_Phy/stm32_radio_driver/radio_fw.c **** /**
   2:Middlewares/Third_Party/SubGHz_Phy/stm32_radio_driver/radio_fw.c ****   ******************************************************************************
   3:Middlewares/Third_Party/SubGHz_Phy/stm32_radio_driver/radio_fw.c ****   * @file    radio_fw.c
   4:Middlewares/Third_Party/SubGHz_Phy/stm32_radio_driver/radio_fw.c ****   * @author  MCD Application Team
   5:Middlewares/Third_Party/SubGHz_Phy/stm32_radio_driver/radio_fw.c ****   * @brief   extended radio functionality SubGHz_Phy Middleware
   6:Middlewares/Third_Party/SubGHz_Phy/stm32_radio_driver/radio_fw.c ****   ******************************************************************************
   7:Middlewares/Third_Party/SubGHz_Phy/stm32_radio_driver/radio_fw.c ****   * @attention
   8:Middlewares/Third_Party/SubGHz_Phy/stm32_radio_driver/radio_fw.c ****   *
   9:Middlewares/Third_Party/SubGHz_Phy/stm32_radio_driver/radio_fw.c ****   * <h2><center>&copy; Copyright (c) 2020 STMicroelectronics.
  10:Middlewares/Third_Party/SubGHz_Phy/stm32_radio_driver/radio_fw.c ****   * All rights reserved.</center></h2>
  11:Middlewares/Third_Party/SubGHz_Phy/stm32_radio_driver/radio_fw.c ****   *
  12:Middlewares/Third_Party/SubGHz_Phy/stm32_radio_driver/radio_fw.c ****   * This software component is licensed by ST under BSD 3-Clause license,
  13:Middlewares/Third_Party/SubGHz_Phy/stm32_radio_driver/radio_fw.c ****   * the "License"; You may not use this file except in compliance with the
  14:Middlewares/Third_Party/SubGHz_Phy/stm32_radio_driver/radio_fw.c ****   * License. You may obtain a copy of the License at:
  15:Middlewares/Third_Party/SubGHz_Phy/stm32_radio_driver/radio_fw.c ****   *                        opensource.org/licenses/BSD-3-Clause
  16:Middlewares/Third_Party/SubGHz_Phy/stm32_radio_driver/radio_fw.c ****   *
  17:Middlewares/Third_Party/SubGHz_Phy/stm32_radio_driver/radio_fw.c ****   ******************************************************************************
  18:Middlewares/Third_Party/SubGHz_Phy/stm32_radio_driver/radio_fw.c ****   */
  19:Middlewares/Third_Party/SubGHz_Phy/stm32_radio_driver/radio_fw.c **** 
  20:Middlewares/Third_Party/SubGHz_Phy/stm32_radio_driver/radio_fw.c **** /* Includes ------------------------------------------------------------------*/
  21:Middlewares/Third_Party/SubGHz_Phy/stm32_radio_driver/radio_fw.c **** #include <math.h>
  22:Middlewares/Third_Party/SubGHz_Phy/stm32_radio_driver/radio_fw.c **** #include "timer.h"
  23:Middlewares/Third_Party/SubGHz_Phy/stm32_radio_driver/radio_fw.c **** #include "radio.h"
  24:Middlewares/Third_Party/SubGHz_Phy/stm32_radio_driver/radio_fw.c **** #include "radio_fw.h"
  25:Middlewares/Third_Party/SubGHz_Phy/stm32_radio_driver/radio_fw.c **** #include "radio_driver.h"
  26:Middlewares/Third_Party/SubGHz_Phy/stm32_radio_driver/radio_fw.c **** #include "radio_conf.h"
  27:Middlewares/Third_Party/SubGHz_Phy/stm32_radio_driver/radio_fw.c **** #include "mw_log_conf.h"
  28:Middlewares/Third_Party/SubGHz_Phy/stm32_radio_driver/radio_fw.c **** 
  29:Middlewares/Third_Party/SubGHz_Phy/stm32_radio_driver/radio_fw.c **** /* External variables --------------------------------------------------------*/
  30:Middlewares/Third_Party/SubGHz_Phy/stm32_radio_driver/radio_fw.c **** /* Private typedef -----------------------------------------------------------*/
  31:Middlewares/Third_Party/SubGHz_Phy/stm32_radio_driver/radio_fw.c **** 
ARM GAS  C:\Users\NATHAN~1\AppData\Local\Temp\ccBdggxK.s 			page 2


  32:Middlewares/Third_Party/SubGHz_Phy/stm32_radio_driver/radio_fw.c **** /**
  33:Middlewares/Third_Party/SubGHz_Phy/stm32_radio_driver/radio_fw.c ****  * Radio RFWPacket and global parameters
  34:Middlewares/Third_Party/SubGHz_Phy/stm32_radio_driver/radio_fw.c ****  * In RFWPacket mode, the packet is 'Fixed length' without Hw Crc check and without Hw (de-)whiteni
  35:Middlewares/Third_Party/SubGHz_Phy/stm32_radio_driver/radio_fw.c ****  */
  36:Middlewares/Third_Party/SubGHz_Phy/stm32_radio_driver/radio_fw.c **** typedef struct 
  37:Middlewares/Third_Party/SubGHz_Phy/stm32_radio_driver/radio_fw.c **** {
  38:Middlewares/Third_Party/SubGHz_Phy/stm32_radio_driver/radio_fw.c ****     uint8_t Enable;                    /* RFWPacket mode On: 1 or Off: 0*/
  39:Middlewares/Third_Party/SubGHz_Phy/stm32_radio_driver/radio_fw.c ****     uint8_t PayloadLengthFieldSize;    /* Size of the packet length Field*/
  40:Middlewares/Third_Party/SubGHz_Phy/stm32_radio_driver/radio_fw.c ****     uint8_t CrcEnable;                 /* enable crc calculation and check*/
  41:Middlewares/Third_Party/SubGHz_Phy/stm32_radio_driver/radio_fw.c ****     uint8_t CrcFieldSize;              /* size of the packet length Field*/
  42:Middlewares/Third_Party/SubGHz_Phy/stm32_radio_driver/radio_fw.c ****     uint16_t CrcPolynomial;            /* Init Crc polynomial, to set before running RFW_CrcRun*/
  43:Middlewares/Third_Party/SubGHz_Phy/stm32_radio_driver/radio_fw.c ****     uint16_t CrcSeed;                  /* Init Crc seed to set before running RFW_CrcRun*/
  44:Middlewares/Third_Party/SubGHz_Phy/stm32_radio_driver/radio_fw.c ****     RADIO_FSK_CrcTypes_t CrcType;      /* Init Crc types to set before running RFW_CrcRun*/
  45:Middlewares/Third_Party/SubGHz_Phy/stm32_radio_driver/radio_fw.c ****     uint16_t WhiteSeed;                /* Init whitening seed, to set before running Radio_FwWhiteR
  46:Middlewares/Third_Party/SubGHz_Phy/stm32_radio_driver/radio_fw.c ****     uint16_t LongPacketMaxRxLength;    /* Maximum expected amount of bytes in payload*/
  47:Middlewares/Third_Party/SubGHz_Phy/stm32_radio_driver/radio_fw.c ****     RadioModems_t Modem;
  48:Middlewares/Third_Party/SubGHz_Phy/stm32_radio_driver/radio_fw.c ****     RadioEvents_t* RadioEvents;
  49:Middlewares/Third_Party/SubGHz_Phy/stm32_radio_driver/radio_fw.c **** } RFwInit_t;
  50:Middlewares/Third_Party/SubGHz_Phy/stm32_radio_driver/radio_fw.c **** 
  51:Middlewares/Third_Party/SubGHz_Phy/stm32_radio_driver/radio_fw.c **** typedef struct 
  52:Middlewares/Third_Party/SubGHz_Phy/stm32_radio_driver/radio_fw.c **** {
  53:Middlewares/Third_Party/SubGHz_Phy/stm32_radio_driver/radio_fw.c ****     RFwInit_t Init;                    /*Init structure, set at Rx or Tx config*/
  54:Middlewares/Third_Party/SubGHz_Phy/stm32_radio_driver/radio_fw.c ****     uint16_t CrcLfsrState;             /*State of LFSR crc, set from CrcSeed at beginning of each p
  55:Middlewares/Third_Party/SubGHz_Phy/stm32_radio_driver/radio_fw.c ****     uint16_t WhiteLfsrState;           /*State of LFSR whitening, set from WhiteSeed at beginning o
  56:Middlewares/Third_Party/SubGHz_Phy/stm32_radio_driver/radio_fw.c ****                                          use to save LFSR state after rx payload length de-withenin
  57:Middlewares/Third_Party/SubGHz_Phy/stm32_radio_driver/radio_fw.c ****     uint16_t PayloadLength;            /*In Rx, Payload length is first byte(s) of the payload excl
  58:Middlewares/Third_Party/SubGHz_Phy/stm32_radio_driver/radio_fw.c ****     uint8_t LongPacketModeEnable;      /* set to one when RFW_TransmitLongPacket or RFW_ReceiveLong
  59:Middlewares/Third_Party/SubGHz_Phy/stm32_radio_driver/radio_fw.c ****     TimerEvent_t Timer;                /*Timer to get/Set Rx(Tx)Bytes*/
  60:Middlewares/Third_Party/SubGHz_Phy/stm32_radio_driver/radio_fw.c ****     uint16_t LongPacketRemainingBytes; /* Count remaining bytes to send receive (including crc)*/
  61:Middlewares/Third_Party/SubGHz_Phy/stm32_radio_driver/radio_fw.c ****     uint8_t RadioBufferOffset;         /* Radio buffer offset*/
  62:Middlewares/Third_Party/SubGHz_Phy/stm32_radio_driver/radio_fw.c ****     uint16_t RxPayloadOffset;          /* RxPayloadOffset buffer offset*/
  63:Middlewares/Third_Party/SubGHz_Phy/stm32_radio_driver/radio_fw.c ****     void (*RxLongPacketStoreChunkCb) (uint8_t* buffer, uint8_t buffer_size);
  64:Middlewares/Third_Party/SubGHz_Phy/stm32_radio_driver/radio_fw.c ****     void (*TxLongPacketGetNextChunkCb) (uint8_t** buffer, uint8_t buffer_size);
  65:Middlewares/Third_Party/SubGHz_Phy/stm32_radio_driver/radio_fw.c ****     uint8_t AntSwitchPaSelect;
  66:Middlewares/Third_Party/SubGHz_Phy/stm32_radio_driver/radio_fw.c ****     uint32_t BitRate;
  67:Middlewares/Third_Party/SubGHz_Phy/stm32_radio_driver/radio_fw.c ****     TimerEvent_t* RxTimeoutTimer;
  68:Middlewares/Third_Party/SubGHz_Phy/stm32_radio_driver/radio_fw.c ****     TimerEvent_t* TxTimeoutTimer;
  69:Middlewares/Third_Party/SubGHz_Phy/stm32_radio_driver/radio_fw.c **** } RadioFw_t;
  70:Middlewares/Third_Party/SubGHz_Phy/stm32_radio_driver/radio_fw.c **** 
  71:Middlewares/Third_Party/SubGHz_Phy/stm32_radio_driver/radio_fw.c **** /* Private define ------------------------------------------------------------*/
  72:Middlewares/Third_Party/SubGHz_Phy/stm32_radio_driver/radio_fw.c **** 
  73:Middlewares/Third_Party/SubGHz_Phy/stm32_radio_driver/radio_fw.c **** #define RADIO_BUF_SIZE 255 //bytes SubG IP  internal Buffer
  74:Middlewares/Third_Party/SubGHz_Phy/stm32_radio_driver/radio_fw.c **** 
  75:Middlewares/Third_Party/SubGHz_Phy/stm32_radio_driver/radio_fw.c **** #define LONGPACKET_CHUNK_LENGTH_BYTES ((int32_t) 128) //bytes (half Radio fifo)
  76:Middlewares/Third_Party/SubGHz_Phy/stm32_radio_driver/radio_fw.c **** 
  77:Middlewares/Third_Party/SubGHz_Phy/stm32_radio_driver/radio_fw.c **** /* Private macro -------------------------------------------------------------*/
  78:Middlewares/Third_Party/SubGHz_Phy/stm32_radio_driver/radio_fw.c **** /**
  79:Middlewares/Third_Party/SubGHz_Phy/stm32_radio_driver/radio_fw.c ****   * @brief Calculates ceiling division of ( X / N )
  80:Middlewares/Third_Party/SubGHz_Phy/stm32_radio_driver/radio_fw.c ****   *
  81:Middlewares/Third_Party/SubGHz_Phy/stm32_radio_driver/radio_fw.c ****   * @param [IN] X numerator
  82:Middlewares/Third_Party/SubGHz_Phy/stm32_radio_driver/radio_fw.c ****   * @param [IN] N denominator
  83:Middlewares/Third_Party/SubGHz_Phy/stm32_radio_driver/radio_fw.c ****   *
  84:Middlewares/Third_Party/SubGHz_Phy/stm32_radio_driver/radio_fw.c ****   */
  85:Middlewares/Third_Party/SubGHz_Phy/stm32_radio_driver/radio_fw.c **** #ifndef DIVC
  86:Middlewares/Third_Party/SubGHz_Phy/stm32_radio_driver/radio_fw.c **** #define DIVC( X, N )                ( ( ( X ) + ( N ) - 1 ) / ( N ) )
  87:Middlewares/Third_Party/SubGHz_Phy/stm32_radio_driver/radio_fw.c **** #endif
  88:Middlewares/Third_Party/SubGHz_Phy/stm32_radio_driver/radio_fw.c **** 
ARM GAS  C:\Users\NATHAN~1\AppData\Local\Temp\ccBdggxK.s 			page 3


  89:Middlewares/Third_Party/SubGHz_Phy/stm32_radio_driver/radio_fw.c **** /**
  90:Middlewares/Third_Party/SubGHz_Phy/stm32_radio_driver/radio_fw.c ****   * @brief Calculates rounding division of ( X / N )
  91:Middlewares/Third_Party/SubGHz_Phy/stm32_radio_driver/radio_fw.c ****   *
  92:Middlewares/Third_Party/SubGHz_Phy/stm32_radio_driver/radio_fw.c ****   * @param [IN] X numerator
  93:Middlewares/Third_Party/SubGHz_Phy/stm32_radio_driver/radio_fw.c ****   * @param [IN] N denominator
  94:Middlewares/Third_Party/SubGHz_Phy/stm32_radio_driver/radio_fw.c ****   *
  95:Middlewares/Third_Party/SubGHz_Phy/stm32_radio_driver/radio_fw.c ****   */
  96:Middlewares/Third_Party/SubGHz_Phy/stm32_radio_driver/radio_fw.c **** #ifndef DIVR
  97:Middlewares/Third_Party/SubGHz_Phy/stm32_radio_driver/radio_fw.c **** #define DIVR( X, N )                ( ( ( X ) + ( ((X)>0?(N):(N))>>1 ) ) / ( N ) )
  98:Middlewares/Third_Party/SubGHz_Phy/stm32_radio_driver/radio_fw.c **** #endif
  99:Middlewares/Third_Party/SubGHz_Phy/stm32_radio_driver/radio_fw.c **** 
 100:Middlewares/Third_Party/SubGHz_Phy/stm32_radio_driver/radio_fw.c **** /*can be overridden in radio_conf.h*/
 101:Middlewares/Third_Party/SubGHz_Phy/stm32_radio_driver/radio_fw.c **** #ifndef RFW_IT_INIT
 102:Middlewares/Third_Party/SubGHz_Phy/stm32_radio_driver/radio_fw.c **** #define RFW_IT_INIT() 
 103:Middlewares/Third_Party/SubGHz_Phy/stm32_radio_driver/radio_fw.c **** #endif
 104:Middlewares/Third_Party/SubGHz_Phy/stm32_radio_driver/radio_fw.c **** 
 105:Middlewares/Third_Party/SubGHz_Phy/stm32_radio_driver/radio_fw.c **** #ifndef RFW_GET_PAYLOAD_PROCESS
 106:Middlewares/Third_Party/SubGHz_Phy/stm32_radio_driver/radio_fw.c **** #define RFW_GET_PAYLOAD_PROCESS() RFW_GetPayloadProcess()
 107:Middlewares/Third_Party/SubGHz_Phy/stm32_radio_driver/radio_fw.c **** #endif
 108:Middlewares/Third_Party/SubGHz_Phy/stm32_radio_driver/radio_fw.c **** /*can be overridden in radio_conf.h*/
 109:Middlewares/Third_Party/SubGHz_Phy/stm32_radio_driver/radio_fw.c **** #ifndef RFW_TRANSMIT_LONGPACKET_TX_CHUNK_PROCESS
 110:Middlewares/Third_Party/SubGHz_Phy/stm32_radio_driver/radio_fw.c **** #define RFW_TRANSMIT_LONGPACKET_TX_CHUNK_PROCESS() RFW_TransmitLongPacket_TxChunkProcess()
 111:Middlewares/Third_Party/SubGHz_Phy/stm32_radio_driver/radio_fw.c **** #endif
 112:Middlewares/Third_Party/SubGHz_Phy/stm32_radio_driver/radio_fw.c **** 
 113:Middlewares/Third_Party/SubGHz_Phy/stm32_radio_driver/radio_fw.c **** #ifndef RFW_MW_LOG_ENABLE
 114:Middlewares/Third_Party/SubGHz_Phy/stm32_radio_driver/radio_fw.c **** #define RFW_MW_LOG(...)
 115:Middlewares/Third_Party/SubGHz_Phy/stm32_radio_driver/radio_fw.c **** #else
 116:Middlewares/Third_Party/SubGHz_Phy/stm32_radio_driver/radio_fw.c **** #define RFW_MW_LOG   MW_LOG
 117:Middlewares/Third_Party/SubGHz_Phy/stm32_radio_driver/radio_fw.c **** #endif
 118:Middlewares/Third_Party/SubGHz_Phy/stm32_radio_driver/radio_fw.c **** 
 119:Middlewares/Third_Party/SubGHz_Phy/stm32_radio_driver/radio_fw.c **** #ifndef RFW_ENABLE
 120:Middlewares/Third_Party/SubGHz_Phy/stm32_radio_driver/radio_fw.c **** #define RFW_ENABLE 0
 121:Middlewares/Third_Party/SubGHz_Phy/stm32_radio_driver/radio_fw.c **** #endif
 122:Middlewares/Third_Party/SubGHz_Phy/stm32_radio_driver/radio_fw.c **** 
 123:Middlewares/Third_Party/SubGHz_Phy/stm32_radio_driver/radio_fw.c **** #ifndef RFW_LONGPACKET_ENABLE
 124:Middlewares/Third_Party/SubGHz_Phy/stm32_radio_driver/radio_fw.c **** #define RFW_LONGPACKET_ENABLE 0
 125:Middlewares/Third_Party/SubGHz_Phy/stm32_radio_driver/radio_fw.c **** #endif
 126:Middlewares/Third_Party/SubGHz_Phy/stm32_radio_driver/radio_fw.c **** 
 127:Middlewares/Third_Party/SubGHz_Phy/stm32_radio_driver/radio_fw.c **** #ifndef RADIO_MEMCPY8
 128:Middlewares/Third_Party/SubGHz_Phy/stm32_radio_driver/radio_fw.c **** #define RADIO_MEMCPY8 memcpy
 129:Middlewares/Third_Party/SubGHz_Phy/stm32_radio_driver/radio_fw.c **** #endif
 130:Middlewares/Third_Party/SubGHz_Phy/stm32_radio_driver/radio_fw.c **** 
 131:Middlewares/Third_Party/SubGHz_Phy/stm32_radio_driver/radio_fw.c **** #ifndef RADIO_MEMSET8
 132:Middlewares/Third_Party/SubGHz_Phy/stm32_radio_driver/radio_fw.c **** #define RADIO_MEMSET8 memset
 133:Middlewares/Third_Party/SubGHz_Phy/stm32_radio_driver/radio_fw.c **** #endif
 134:Middlewares/Third_Party/SubGHz_Phy/stm32_radio_driver/radio_fw.c **** 
 135:Middlewares/Third_Party/SubGHz_Phy/stm32_radio_driver/radio_fw.c **** #if ((RFW_LONGPACKET_ENABLE==1)&&(RFW_ENABLE==0))
 136:Middlewares/Third_Party/SubGHz_Phy/stm32_radio_driver/radio_fw.c **** #error RFW_ENABLE must be defined to 1 if RFW_LONGPACKET_ENABLE is defined to 1
 137:Middlewares/Third_Party/SubGHz_Phy/stm32_radio_driver/radio_fw.c **** #endif
 138:Middlewares/Third_Party/SubGHz_Phy/stm32_radio_driver/radio_fw.c **** 
 139:Middlewares/Third_Party/SubGHz_Phy/stm32_radio_driver/radio_fw.c **** /* Private variables ---------------------------------------------------------*/
 140:Middlewares/Third_Party/SubGHz_Phy/stm32_radio_driver/radio_fw.c **** #if (RFW_ENABLE ==1 )
 141:Middlewares/Third_Party/SubGHz_Phy/stm32_radio_driver/radio_fw.c **** static RadioFw_t RFWPacket={0};
 142:Middlewares/Third_Party/SubGHz_Phy/stm32_radio_driver/radio_fw.c **** /*Radio buffer chunk*/
 143:Middlewares/Third_Party/SubGHz_Phy/stm32_radio_driver/radio_fw.c **** static uint8_t ChunkBuffer[RADIO_BUF_SIZE];
 144:Middlewares/Third_Party/SubGHz_Phy/stm32_radio_driver/radio_fw.c **** /*Radio buffer chunk for packet <=RADIO_BUF_SIZE and */
 145:Middlewares/Third_Party/SubGHz_Phy/stm32_radio_driver/radio_fw.c **** static uint8_t RxBuffer[RADIO_BUF_SIZE];
ARM GAS  C:\Users\NATHAN~1\AppData\Local\Temp\ccBdggxK.s 			page 4


 146:Middlewares/Third_Party/SubGHz_Phy/stm32_radio_driver/radio_fw.c **** #endif
 147:Middlewares/Third_Party/SubGHz_Phy/stm32_radio_driver/radio_fw.c **** /* Private function prototypes -----------------------------------------------*/
 148:Middlewares/Third_Party/SubGHz_Phy/stm32_radio_driver/radio_fw.c **** #if (RFW_ENABLE ==1 )
 149:Middlewares/Third_Party/SubGHz_Phy/stm32_radio_driver/radio_fw.c **** /**
 150:Middlewares/Third_Party/SubGHz_Phy/stm32_radio_driver/radio_fw.c ****  * @brief Record the seed of the (de-)Whitening algorithm
 151:Middlewares/Third_Party/SubGHz_Phy/stm32_radio_driver/radio_fw.c ****  *
 152:Middlewares/Third_Party/SubGHz_Phy/stm32_radio_driver/radio_fw.c ****  * @param [IN] RFwInit_t      the whitening Init structure
 153:Middlewares/Third_Party/SubGHz_Phy/stm32_radio_driver/radio_fw.c ****  * @param [IN] WhiteSeed        the Initial seed of the Whitening algorithm
 154:Middlewares/Third_Party/SubGHz_Phy/stm32_radio_driver/radio_fw.c ****  */
 155:Middlewares/Third_Party/SubGHz_Phy/stm32_radio_driver/radio_fw.c **** static void RFW_WhiteInitState(RFwInit_t* Init, uint16_t WhiteSeed);
 156:Middlewares/Third_Party/SubGHz_Phy/stm32_radio_driver/radio_fw.c **** 
 157:Middlewares/Third_Party/SubGHz_Phy/stm32_radio_driver/radio_fw.c **** /**
 158:Middlewares/Third_Party/SubGHz_Phy/stm32_radio_driver/radio_fw.c ****  * @brief Set the state of the Whitening algorithm from the seed
 159:Middlewares/Third_Party/SubGHz_Phy/stm32_radio_driver/radio_fw.c ****  *
 160:Middlewares/Third_Party/SubGHz_Phy/stm32_radio_driver/radio_fw.c ****  * @param [IN] RFWPacket      the whitening structure
 161:Middlewares/Third_Party/SubGHz_Phy/stm32_radio_driver/radio_fw.c ****  * @param [IN] whiteSeed             the Initial seed of the Whitening algorithm
 162:Middlewares/Third_Party/SubGHz_Phy/stm32_radio_driver/radio_fw.c ****  */
 163:Middlewares/Third_Party/SubGHz_Phy/stm32_radio_driver/radio_fw.c **** static void RFW_WhiteSetState(RadioFw_t* RFWPacket);
 164:Middlewares/Third_Party/SubGHz_Phy/stm32_radio_driver/radio_fw.c **** 
 165:Middlewares/Third_Party/SubGHz_Phy/stm32_radio_driver/radio_fw.c **** /**
 166:Middlewares/Third_Party/SubGHz_Phy/stm32_radio_driver/radio_fw.c ****  * @brief Initialize seed of the Crc algorithm
 167:Middlewares/Third_Party/SubGHz_Phy/stm32_radio_driver/radio_fw.c ****  *
 168:Middlewares/Third_Party/SubGHz_Phy/stm32_radio_driver/radio_fw.c ****  * @param [IN] RFWPacket      the whitening Init structure
 169:Middlewares/Third_Party/SubGHz_Phy/stm32_radio_driver/radio_fw.c ****  * @param [IN] CrcPolynomial         the Initial seed of the Crc algorithm
 170:Middlewares/Third_Party/SubGHz_Phy/stm32_radio_driver/radio_fw.c ****  * @param [IN] CrcSeed               the Initial seed of the Crc seed
 171:Middlewares/Third_Party/SubGHz_Phy/stm32_radio_driver/radio_fw.c ****  * @param [IN] CrcSeed               the Initial seed of the Crc types (Ibm/CCITT)
 172:Middlewares/Third_Party/SubGHz_Phy/stm32_radio_driver/radio_fw.c **** 
 173:Middlewares/Third_Party/SubGHz_Phy/stm32_radio_driver/radio_fw.c ****  */
 174:Middlewares/Third_Party/SubGHz_Phy/stm32_radio_driver/radio_fw.c **** static void RFW_CrcInitState(RFwInit_t* Init, const uint16_t CrcPolynomial, const uint16_t CrcSeed,
 175:Middlewares/Third_Party/SubGHz_Phy/stm32_radio_driver/radio_fw.c **** 
 176:Middlewares/Third_Party/SubGHz_Phy/stm32_radio_driver/radio_fw.c **** /**
 177:Middlewares/Third_Party/SubGHz_Phy/stm32_radio_driver/radio_fw.c ****  * @brief Run the Crc algorithm
 178:Middlewares/Third_Party/SubGHz_Phy/stm32_radio_driver/radio_fw.c ****  * @param [IN] RFWPacket      the whitening structure
 179:Middlewares/Third_Party/SubGHz_Phy/stm32_radio_driver/radio_fw.c ****  */
 180:Middlewares/Third_Party/SubGHz_Phy/stm32_radio_driver/radio_fw.c **** static void RFW_CrcSetState(RadioFw_t* RFWPacket);
 181:Middlewares/Third_Party/SubGHz_Phy/stm32_radio_driver/radio_fw.c **** /**
 182:Middlewares/Third_Party/SubGHz_Phy/stm32_radio_driver/radio_fw.c ****  * @brief Run the Whitening algorithm
 183:Middlewares/Third_Party/SubGHz_Phy/stm32_radio_driver/radio_fw.c ****  *
 184:Middlewares/Third_Party/SubGHz_Phy/stm32_radio_driver/radio_fw.c ****  * @param [IN] RFWPacket      the whitening structure
 185:Middlewares/Third_Party/SubGHz_Phy/stm32_radio_driver/radio_fw.c ****  * @param [IN/OUT] Payload    the Payload to (de-)Whiten and the payload result
 186:Middlewares/Third_Party/SubGHz_Phy/stm32_radio_driver/radio_fw.c ****  * @param [IN] Size           the Payload size
 187:Middlewares/Third_Party/SubGHz_Phy/stm32_radio_driver/radio_fw.c ****  */
 188:Middlewares/Third_Party/SubGHz_Phy/stm32_radio_driver/radio_fw.c **** static void RFW_WhiteRun(RadioFw_t* RFWPacket, uint8_t* Payload, uint32_t Size);
 189:Middlewares/Third_Party/SubGHz_Phy/stm32_radio_driver/radio_fw.c **** 
 190:Middlewares/Third_Party/SubGHz_Phy/stm32_radio_driver/radio_fw.c **** /**
 191:Middlewares/Third_Party/SubGHz_Phy/stm32_radio_driver/radio_fw.c ****  * @brief Run the Crc algorithm
 192:Middlewares/Third_Party/SubGHz_Phy/stm32_radio_driver/radio_fw.c ****  *
 193:Middlewares/Third_Party/SubGHz_Phy/stm32_radio_driver/radio_fw.c ****  * @param [IN] RFWPacket      the whitening structure
 194:Middlewares/Third_Party/SubGHz_Phy/stm32_radio_driver/radio_fw.c ****  * @param [IN] Payload        the Payload to calculate the Crc
 195:Middlewares/Third_Party/SubGHz_Phy/stm32_radio_driver/radio_fw.c ****  * @param [IN] Size           the Payload size
 196:Middlewares/Third_Party/SubGHz_Phy/stm32_radio_driver/radio_fw.c ****  * @param [OUT] CrcResult     the result of the Crc calculation
 197:Middlewares/Third_Party/SubGHz_Phy/stm32_radio_driver/radio_fw.c ****  */
 198:Middlewares/Third_Party/SubGHz_Phy/stm32_radio_driver/radio_fw.c **** static int32_t RFW_CrcRun(RadioFw_t* const RFWPacket, const uint8_t* Payload, const uint32_t Size, 
 199:Middlewares/Third_Party/SubGHz_Phy/stm32_radio_driver/radio_fw.c **** 
 200:Middlewares/Third_Party/SubGHz_Phy/stm32_radio_driver/radio_fw.c **** /**
 201:Middlewares/Third_Party/SubGHz_Phy/stm32_radio_driver/radio_fw.c ****  * @brief Compute Crc Byte
 202:Middlewares/Third_Party/SubGHz_Phy/stm32_radio_driver/radio_fw.c ****  *
ARM GAS  C:\Users\NATHAN~1\AppData\Local\Temp\ccBdggxK.s 			page 5


 203:Middlewares/Third_Party/SubGHz_Phy/stm32_radio_driver/radio_fw.c ****  * @param [IN] crc        Crc bytes
 204:Middlewares/Third_Party/SubGHz_Phy/stm32_radio_driver/radio_fw.c ****  * @param [IN] dataByte        the data byte
 205:Middlewares/Third_Party/SubGHz_Phy/stm32_radio_driver/radio_fw.c ****  * @param [OUT] polynomial     the polynomial to use
 206:Middlewares/Third_Party/SubGHz_Phy/stm32_radio_driver/radio_fw.c ****  * @return crc bytes out
 207:Middlewares/Third_Party/SubGHz_Phy/stm32_radio_driver/radio_fw.c ****  */
 208:Middlewares/Third_Party/SubGHz_Phy/stm32_radio_driver/radio_fw.c **** uint16_t RFW_CrcRun1Byte( uint16_t Crc, uint8_t DataByte, uint16_t Polynomial );
 209:Middlewares/Third_Party/SubGHz_Phy/stm32_radio_driver/radio_fw.c **** 
 210:Middlewares/Third_Party/SubGHz_Phy/stm32_radio_driver/radio_fw.c **** /**
 211:Middlewares/Third_Party/SubGHz_Phy/stm32_radio_driver/radio_fw.c ****  * @brief Get the payload length after sync
 212:Middlewares/Third_Party/SubGHz_Phy/stm32_radio_driver/radio_fw.c ****  *
 213:Middlewares/Third_Party/SubGHz_Phy/stm32_radio_driver/radio_fw.c ****  * @param [OUT] PayloadLength        the length of PayloadOnly excluding CrcLengthField
 214:Middlewares/Third_Party/SubGHz_Phy/stm32_radio_driver/radio_fw.c ****  * @return 0 when no parameters error, -1 otherwise
 215:Middlewares/Third_Party/SubGHz_Phy/stm32_radio_driver/radio_fw.c ****  */
 216:Middlewares/Third_Party/SubGHz_Phy/stm32_radio_driver/radio_fw.c **** static int32_t RFW_GetPacketLength(uint16_t* PayloadLength);
 217:Middlewares/Third_Party/SubGHz_Phy/stm32_radio_driver/radio_fw.c **** 
 218:Middlewares/Third_Party/SubGHz_Phy/stm32_radio_driver/radio_fw.c **** /**
 219:Middlewares/Third_Party/SubGHz_Phy/stm32_radio_driver/radio_fw.c ****  * @brief RFW_GetPayloadTimerEvent TimerEvent to get the payload data, de-whitening, and crc verifi
 220:Middlewares/Third_Party/SubGHz_Phy/stm32_radio_driver/radio_fw.c ****  *
 221:Middlewares/Third_Party/SubGHz_Phy/stm32_radio_driver/radio_fw.c ****  * @Note calls RFW_GetPayloadProcess directly inside IRQ (default) or in background with sequencer 
 222:Middlewares/Third_Party/SubGHz_Phy/stm32_radio_driver/radio_fw.c ****  * @param [IN] context        context of the timer
 223:Middlewares/Third_Party/SubGHz_Phy/stm32_radio_driver/radio_fw.c ****  */
 224:Middlewares/Third_Party/SubGHz_Phy/stm32_radio_driver/radio_fw.c **** static void RFW_GetPayloadTimerEvent( void * context);
 225:Middlewares/Third_Party/SubGHz_Phy/stm32_radio_driver/radio_fw.c **** 
 226:Middlewares/Third_Party/SubGHz_Phy/stm32_radio_driver/radio_fw.c **** /**
 227:Middlewares/Third_Party/SubGHz_Phy/stm32_radio_driver/radio_fw.c ****  * @brief RFW_GetPayloadProcess process to get the payload data, de-whitening, and crc verification
 228:Middlewares/Third_Party/SubGHz_Phy/stm32_radio_driver/radio_fw.c ****  */
 229:Middlewares/Third_Party/SubGHz_Phy/stm32_radio_driver/radio_fw.c **** static void RFW_GetPayloadProcess( void );
 230:Middlewares/Third_Party/SubGHz_Phy/stm32_radio_driver/radio_fw.c **** 
 231:Middlewares/Third_Party/SubGHz_Phy/stm32_radio_driver/radio_fw.c **** #if (RFW_LONGPACKET_ENABLE ==1 )
 232:Middlewares/Third_Party/SubGHz_Phy/stm32_radio_driver/radio_fw.c **** /**
 233:Middlewares/Third_Party/SubGHz_Phy/stm32_radio_driver/radio_fw.c ****  * @brief RFW_TransmitLongPacket_NewTxChunkTimer: long packet Tx timer callback to process intermed
 234:Middlewares/Third_Party/SubGHz_Phy/stm32_radio_driver/radio_fw.c ****  * @Note calls RFW_TransmitLongPacket_TxChunkProcess directly inside IRQ (default) or in background
 235:Middlewares/Third_Party/SubGHz_Phy/stm32_radio_driver/radio_fw.c ****  *
 236:Middlewares/Third_Party/SubGHz_Phy/stm32_radio_driver/radio_fw.c ****  * @param [In] param        unused
 237:Middlewares/Third_Party/SubGHz_Phy/stm32_radio_driver/radio_fw.c ****  */
 238:Middlewares/Third_Party/SubGHz_Phy/stm32_radio_driver/radio_fw.c **** static void RFW_TransmitLongPacket_NewTxChunkTimerEvent( void * param );
 239:Middlewares/Third_Party/SubGHz_Phy/stm32_radio_driver/radio_fw.c **** 
 240:Middlewares/Third_Party/SubGHz_Phy/stm32_radio_driver/radio_fw.c **** /**
 241:Middlewares/Third_Party/SubGHz_Phy/stm32_radio_driver/radio_fw.c ****  * @brief RFW_TransmitLongPacket_TxChunkProcess: tx long packet process intermediate chunk of TxDat
 242:Middlewares/Third_Party/SubGHz_Phy/stm32_radio_driver/radio_fw.c ****  */
 243:Middlewares/Third_Party/SubGHz_Phy/stm32_radio_driver/radio_fw.c **** static void RFW_TransmitLongPacket_TxChunkProcess( void );
 244:Middlewares/Third_Party/SubGHz_Phy/stm32_radio_driver/radio_fw.c **** #endif
 245:Middlewares/Third_Party/SubGHz_Phy/stm32_radio_driver/radio_fw.c **** 
 246:Middlewares/Third_Party/SubGHz_Phy/stm32_radio_driver/radio_fw.c **** /**
 247:Middlewares/Third_Party/SubGHz_Phy/stm32_radio_driver/radio_fw.c ****  * @brief RFW_GetPayload get the payload of 
 248:Middlewares/Third_Party/SubGHz_Phy/stm32_radio_driver/radio_fw.c ****  *
 249:Middlewares/Third_Party/SubGHz_Phy/stm32_radio_driver/radio_fw.c ****  * @param [In] Offset        Offset of the 
 250:Middlewares/Third_Party/SubGHz_Phy/stm32_radio_driver/radio_fw.c ****  * @param [In] Length        carrier frequency offset in Hertz
 251:Middlewares/Third_Party/SubGHz_Phy/stm32_radio_driver/radio_fw.c ****  */
 252:Middlewares/Third_Party/SubGHz_Phy/stm32_radio_driver/radio_fw.c **** static void RFW_GetPayload( uint8_t Offset, uint8_t Length );
 253:Middlewares/Third_Party/SubGHz_Phy/stm32_radio_driver/radio_fw.c **** #endif
 254:Middlewares/Third_Party/SubGHz_Phy/stm32_radio_driver/radio_fw.c **** 
 255:Middlewares/Third_Party/SubGHz_Phy/stm32_radio_driver/radio_fw.c **** /* Exported functions --------------------------------------------------------*/
 256:Middlewares/Third_Party/SubGHz_Phy/stm32_radio_driver/radio_fw.c **** int32_t RFW_TransmitLongPacket( uint16_t payload_size, uint32_t timeout, void (*TxLongPacketGetNext
 257:Middlewares/Third_Party/SubGHz_Phy/stm32_radio_driver/radio_fw.c **** {
  28              		.loc 1 257 1 view -0
  29              		.cfi_startproc
ARM GAS  C:\Users\NATHAN~1\AppData\Local\Temp\ccBdggxK.s 			page 6


  30              		@ args = 0, pretend = 0, frame = 0
  31              		@ frame_needed = 0, uses_anonymous_args = 0
  32              		@ link register save eliminated.
 258:Middlewares/Third_Party/SubGHz_Phy/stm32_radio_driver/radio_fw.c ****   int32_t status=0;
  33              		.loc 1 258 3 view .LVU1
 259:Middlewares/Third_Party/SubGHz_Phy/stm32_radio_driver/radio_fw.c **** #if (RFW_LONGPACKET_ENABLE ==1 )
 260:Middlewares/Third_Party/SubGHz_Phy/stm32_radio_driver/radio_fw.c ****   uint32_t total_size= payload_size+ RFWPacket.Init.PayloadLengthFieldSize+ RFWPacket.Init.CrcField
 261:Middlewares/Third_Party/SubGHz_Phy/stm32_radio_driver/radio_fw.c **** 
 262:Middlewares/Third_Party/SubGHz_Phy/stm32_radio_driver/radio_fw.c ****   RFW_MW_LOG( TS_ON, VLEVEL_M,  "RevID=%04X\r\n", LL_DBGMCU_GetRevisionID() );
 263:Middlewares/Third_Party/SubGHz_Phy/stm32_radio_driver/radio_fw.c **** 
 264:Middlewares/Third_Party/SubGHz_Phy/stm32_radio_driver/radio_fw.c ****   if ((TxLongPacketGetNextChunkCb==NULL)||
 265:Middlewares/Third_Party/SubGHz_Phy/stm32_radio_driver/radio_fw.c ****       (payload_size> (1<<(8*RFWPacket.Init.PayloadLengthFieldSize))-1) ||/*check that size fits ins
 266:Middlewares/Third_Party/SubGHz_Phy/stm32_radio_driver/radio_fw.c ****       (RFWPacket.Init.Enable==0) ||/* Can only be used when after RadioSetTxGenericConfig*/
 267:Middlewares/Third_Party/SubGHz_Phy/stm32_radio_driver/radio_fw.c ****       (LL_DBGMCU_GetRevisionID() < 0x1003 ) )   /* Only available from stm32wl revision Y*/
 268:Middlewares/Third_Party/SubGHz_Phy/stm32_radio_driver/radio_fw.c ****   {
 269:Middlewares/Third_Party/SubGHz_Phy/stm32_radio_driver/radio_fw.c ****     status= -1;
 270:Middlewares/Third_Party/SubGHz_Phy/stm32_radio_driver/radio_fw.c ****   }
 271:Middlewares/Third_Party/SubGHz_Phy/stm32_radio_driver/radio_fw.c ****   else
 272:Middlewares/Third_Party/SubGHz_Phy/stm32_radio_driver/radio_fw.c ****   {
 273:Middlewares/Third_Party/SubGHz_Phy/stm32_radio_driver/radio_fw.c ****     /*chunk buffer pointer fed by the application*/
 274:Middlewares/Third_Party/SubGHz_Phy/stm32_radio_driver/radio_fw.c ****     uint8_t* app_chunk_buffer_ptr=NULL;
 275:Middlewares/Third_Party/SubGHz_Phy/stm32_radio_driver/radio_fw.c ****     /*size of the chunk to be sent*/
 276:Middlewares/Third_Party/SubGHz_Phy/stm32_radio_driver/radio_fw.c ****     uint8_t chunk_size;
 277:Middlewares/Third_Party/SubGHz_Phy/stm32_radio_driver/radio_fw.c ****     uint8_t crc_size;
 278:Middlewares/Third_Party/SubGHz_Phy/stm32_radio_driver/radio_fw.c ****     /*timeout for next chunk*/
 279:Middlewares/Third_Party/SubGHz_Phy/stm32_radio_driver/radio_fw.c ****     uint32_t chunk_timeout;
 280:Middlewares/Third_Party/SubGHz_Phy/stm32_radio_driver/radio_fw.c ****     /*Records call back*/
 281:Middlewares/Third_Party/SubGHz_Phy/stm32_radio_driver/radio_fw.c ****     RFWPacket.TxLongPacketGetNextChunkCb=TxLongPacketGetNextChunkCb;
 282:Middlewares/Third_Party/SubGHz_Phy/stm32_radio_driver/radio_fw.c **** 
 283:Middlewares/Third_Party/SubGHz_Phy/stm32_radio_driver/radio_fw.c ****     /* Radio IRQ is set to DIO1 by default */
 284:Middlewares/Third_Party/SubGHz_Phy/stm32_radio_driver/radio_fw.c ****     SUBGRF_SetDioIrqParams( IRQ_TX_DONE | IRQ_RX_TX_TIMEOUT,
 285:Middlewares/Third_Party/SubGHz_Phy/stm32_radio_driver/radio_fw.c ****                             IRQ_TX_DONE | IRQ_RX_TX_TIMEOUT,
 286:Middlewares/Third_Party/SubGHz_Phy/stm32_radio_driver/radio_fw.c ****                             IRQ_RADIO_NONE,
 287:Middlewares/Third_Party/SubGHz_Phy/stm32_radio_driver/radio_fw.c ****                             IRQ_RADIO_NONE );
 288:Middlewares/Third_Party/SubGHz_Phy/stm32_radio_driver/radio_fw.c **** 
 289:Middlewares/Third_Party/SubGHz_Phy/stm32_radio_driver/radio_fw.c ****     /* ST_WORKAROUND_BEGIN : Set the debug pin and update the radio switch */
 290:Middlewares/Third_Party/SubGHz_Phy/stm32_radio_driver/radio_fw.c ****     /* Set DBG pin */
 291:Middlewares/Third_Party/SubGHz_Phy/stm32_radio_driver/radio_fw.c ****     DBG_GPIO_RADIO_TX(SET);
 292:Middlewares/Third_Party/SubGHz_Phy/stm32_radio_driver/radio_fw.c ****     /* Set RF switch */
 293:Middlewares/Third_Party/SubGHz_Phy/stm32_radio_driver/radio_fw.c ****     SUBGRF_SetSwitch(RFWPacket.AntSwitchPaSelect, RFSWITCH_TX);
 294:Middlewares/Third_Party/SubGHz_Phy/stm32_radio_driver/radio_fw.c ****     /* ST_WORKAROUND_END */
 295:Middlewares/Third_Party/SubGHz_Phy/stm32_radio_driver/radio_fw.c **** 
 296:Middlewares/Third_Party/SubGHz_Phy/stm32_radio_driver/radio_fw.c ****     switch(RFWPacket.Init.Modem)
 297:Middlewares/Third_Party/SubGHz_Phy/stm32_radio_driver/radio_fw.c ****     {
 298:Middlewares/Third_Party/SubGHz_Phy/stm32_radio_driver/radio_fw.c ****         case MODEM_FSK:
 299:Middlewares/Third_Party/SubGHz_Phy/stm32_radio_driver/radio_fw.c ****         {
 300:Middlewares/Third_Party/SubGHz_Phy/stm32_radio_driver/radio_fw.c ****             if (RFWPacket.Init.Enable==1)
 301:Middlewares/Third_Party/SubGHz_Phy/stm32_radio_driver/radio_fw.c ****             {
 302:Middlewares/Third_Party/SubGHz_Phy/stm32_radio_driver/radio_fw.c ****               /*crc will be calculated on the fly along with packet chunk transmission*/
 303:Middlewares/Third_Party/SubGHz_Phy/stm32_radio_driver/radio_fw.c ****               uint8_t crc_result[2];
 304:Middlewares/Third_Party/SubGHz_Phy/stm32_radio_driver/radio_fw.c ****               /*init radio buffer offset*/
 305:Middlewares/Third_Party/SubGHz_Phy/stm32_radio_driver/radio_fw.c ****               RFWPacket.RadioBufferOffset=0;
 306:Middlewares/Third_Party/SubGHz_Phy/stm32_radio_driver/radio_fw.c ****               /*long packet mode enable*/
 307:Middlewares/Third_Party/SubGHz_Phy/stm32_radio_driver/radio_fw.c ****               RFWPacket.LongPacketModeEnable=1;
 308:Middlewares/Third_Party/SubGHz_Phy/stm32_radio_driver/radio_fw.c ****               /*Remaining bytes to transmit*/
 309:Middlewares/Third_Party/SubGHz_Phy/stm32_radio_driver/radio_fw.c ****               RFWPacket.LongPacketRemainingBytes=total_size;
 310:Middlewares/Third_Party/SubGHz_Phy/stm32_radio_driver/radio_fw.c ****               /*Records total payload bytes to transmit*/
ARM GAS  C:\Users\NATHAN~1\AppData\Local\Temp\ccBdggxK.s 			page 7


 311:Middlewares/Third_Party/SubGHz_Phy/stm32_radio_driver/radio_fw.c ****               RFWPacket.PayloadLength=total_size;
 312:Middlewares/Third_Party/SubGHz_Phy/stm32_radio_driver/radio_fw.c ****               if (total_size> RADIO_BUF_SIZE)
 313:Middlewares/Third_Party/SubGHz_Phy/stm32_radio_driver/radio_fw.c ****               {
 314:Middlewares/Third_Party/SubGHz_Phy/stm32_radio_driver/radio_fw.c ****                 /*cut in chunk*/
 315:Middlewares/Third_Party/SubGHz_Phy/stm32_radio_driver/radio_fw.c ****                 if (total_size<RADIO_BUF_SIZE+RFWPacket.Init.CrcFieldSize)
 316:Middlewares/Third_Party/SubGHz_Phy/stm32_radio_driver/radio_fw.c ****                 {
 317:Middlewares/Third_Party/SubGHz_Phy/stm32_radio_driver/radio_fw.c ****                   /*reduce chunk so that crc is treated in the next chunk*/
 318:Middlewares/Third_Party/SubGHz_Phy/stm32_radio_driver/radio_fw.c ****                   chunk_size= RADIO_BUF_SIZE-RFWPacket.Init.PayloadLengthFieldSize-RFWPacket.Init.C
 319:Middlewares/Third_Party/SubGHz_Phy/stm32_radio_driver/radio_fw.c ****                 }
 320:Middlewares/Third_Party/SubGHz_Phy/stm32_radio_driver/radio_fw.c ****                 else
 321:Middlewares/Third_Party/SubGHz_Phy/stm32_radio_driver/radio_fw.c ****                 {
 322:Middlewares/Third_Party/SubGHz_Phy/stm32_radio_driver/radio_fw.c ****                   chunk_size= RADIO_BUF_SIZE-RFWPacket.Init.PayloadLengthFieldSize;
 323:Middlewares/Third_Party/SubGHz_Phy/stm32_radio_driver/radio_fw.c ****                 }
 324:Middlewares/Third_Party/SubGHz_Phy/stm32_radio_driver/radio_fw.c ****                 /*Set crc size for the crc calculation: no crc here because it is not the end of th
 325:Middlewares/Third_Party/SubGHz_Phy/stm32_radio_driver/radio_fw.c ****                 crc_size= 0;
 326:Middlewares/Third_Party/SubGHz_Phy/stm32_radio_driver/radio_fw.c ****               }
 327:Middlewares/Third_Party/SubGHz_Phy/stm32_radio_driver/radio_fw.c ****               else
 328:Middlewares/Third_Party/SubGHz_Phy/stm32_radio_driver/radio_fw.c ****               {
 329:Middlewares/Third_Party/SubGHz_Phy/stm32_radio_driver/radio_fw.c ****                 chunk_size= payload_size;
 330:Middlewares/Third_Party/SubGHz_Phy/stm32_radio_driver/radio_fw.c ****                 /*Set crc size for the crc calculation*/
 331:Middlewares/Third_Party/SubGHz_Phy/stm32_radio_driver/radio_fw.c ****                 crc_size= RFWPacket.Init.CrcFieldSize;
 332:Middlewares/Third_Party/SubGHz_Phy/stm32_radio_driver/radio_fw.c ****               }
 333:Middlewares/Third_Party/SubGHz_Phy/stm32_radio_driver/radio_fw.c ****               /* Prepend payload size before Payload*/
 334:Middlewares/Third_Party/SubGHz_Phy/stm32_radio_driver/radio_fw.c ****               if (RFWPacket.Init.PayloadLengthFieldSize==1)
 335:Middlewares/Third_Party/SubGHz_Phy/stm32_radio_driver/radio_fw.c ****               {
 336:Middlewares/Third_Party/SubGHz_Phy/stm32_radio_driver/radio_fw.c ****                 ChunkBuffer[0]=payload_size;
 337:Middlewares/Third_Party/SubGHz_Phy/stm32_radio_driver/radio_fw.c ****               }
 338:Middlewares/Third_Party/SubGHz_Phy/stm32_radio_driver/radio_fw.c ****               else
 339:Middlewares/Third_Party/SubGHz_Phy/stm32_radio_driver/radio_fw.c ****               {
 340:Middlewares/Third_Party/SubGHz_Phy/stm32_radio_driver/radio_fw.c ****                 ChunkBuffer[0]=(uint8_t) ((payload_size)>>8);
 341:Middlewares/Third_Party/SubGHz_Phy/stm32_radio_driver/radio_fw.c ****                 ChunkBuffer[1]=(uint8_t) ((payload_size)&0xFF);
 342:Middlewares/Third_Party/SubGHz_Phy/stm32_radio_driver/radio_fw.c ****               }
 343:Middlewares/Third_Party/SubGHz_Phy/stm32_radio_driver/radio_fw.c ****               /* Get Tx chunk from app*/
 344:Middlewares/Third_Party/SubGHz_Phy/stm32_radio_driver/radio_fw.c ****               TxLongPacketGetNextChunkCb(&app_chunk_buffer_ptr, chunk_size);
 345:Middlewares/Third_Party/SubGHz_Phy/stm32_radio_driver/radio_fw.c ****               
 346:Middlewares/Third_Party/SubGHz_Phy/stm32_radio_driver/radio_fw.c ****               /* Copy first chunk in ChunkBuffer Buffer*/
 347:Middlewares/Third_Party/SubGHz_Phy/stm32_radio_driver/radio_fw.c ****               RADIO_MEMCPY8(&ChunkBuffer[RFWPacket.Init.PayloadLengthFieldSize], app_chunk_buffer_p
 348:Middlewares/Third_Party/SubGHz_Phy/stm32_radio_driver/radio_fw.c **** 
 349:Middlewares/Third_Party/SubGHz_Phy/stm32_radio_driver/radio_fw.c ****               if (RFWPacket.Init.CrcEnable== 1)
 350:Middlewares/Third_Party/SubGHz_Phy/stm32_radio_driver/radio_fw.c ****               {
 351:Middlewares/Third_Party/SubGHz_Phy/stm32_radio_driver/radio_fw.c ****                 /* Set the state of the Crc to crc_seed*/
 352:Middlewares/Third_Party/SubGHz_Phy/stm32_radio_driver/radio_fw.c ****                 RFW_CrcSetState(&RFWPacket);
 353:Middlewares/Third_Party/SubGHz_Phy/stm32_radio_driver/radio_fw.c ****                 /* Run the crc calculation on payload length and payload*/
 354:Middlewares/Third_Party/SubGHz_Phy/stm32_radio_driver/radio_fw.c ****                 RFW_CrcRun(&RFWPacket, ChunkBuffer, RFWPacket.Init.PayloadLengthFieldSize+ chunk_si
 355:Middlewares/Third_Party/SubGHz_Phy/stm32_radio_driver/radio_fw.c ****                 /* Append the crc result after the payload if total_size<= RADIO_BUF_SIZE*/
 356:Middlewares/Third_Party/SubGHz_Phy/stm32_radio_driver/radio_fw.c ****                 RADIO_MEMCPY8(&ChunkBuffer[RFWPacket.Init.PayloadLengthFieldSize+ chunk_size], crc_
 357:Middlewares/Third_Party/SubGHz_Phy/stm32_radio_driver/radio_fw.c ****               }
 358:Middlewares/Third_Party/SubGHz_Phy/stm32_radio_driver/radio_fw.c ****               /* Init whitening at beginning of the packet*/
 359:Middlewares/Third_Party/SubGHz_Phy/stm32_radio_driver/radio_fw.c ****               RFW_WhiteSetState(&RFWPacket);
 360:Middlewares/Third_Party/SubGHz_Phy/stm32_radio_driver/radio_fw.c ****               /* Run the whitening calculation on payload length, payload and crc if crc fits insid
 361:Middlewares/Third_Party/SubGHz_Phy/stm32_radio_driver/radio_fw.c ****               RFW_WhiteRun(&RFWPacket, &ChunkBuffer[0],RFWPacket.Init.PayloadLengthFieldSize+ chunk
 362:Middlewares/Third_Party/SubGHz_Phy/stm32_radio_driver/radio_fw.c ****               /* Configure the Transmitter to send all*/
 363:Middlewares/Third_Party/SubGHz_Phy/stm32_radio_driver/radio_fw.c ****               /* Init radio buffer */
 364:Middlewares/Third_Party/SubGHz_Phy/stm32_radio_driver/radio_fw.c ****               SUBGRF_WriteRegister(SUBGHZ_RTXPLDLEN,RFWPacket.Init.PayloadLengthFieldSize+ chunk_si
 365:Middlewares/Third_Party/SubGHz_Phy/stm32_radio_driver/radio_fw.c ****               SUBGRF_WriteRegister(SUBGHZ_TX_ADR_PTR,0);
 366:Middlewares/Third_Party/SubGHz_Phy/stm32_radio_driver/radio_fw.c ****               /* Send*/
 367:Middlewares/Third_Party/SubGHz_Phy/stm32_radio_driver/radio_fw.c ****               SUBGRF_SendPayload( ChunkBuffer, RFWPacket.Init.PayloadLengthFieldSize+ chunk_size+ c
ARM GAS  C:\Users\NATHAN~1\AppData\Local\Temp\ccBdggxK.s 			page 8


 368:Middlewares/Third_Party/SubGHz_Phy/stm32_radio_driver/radio_fw.c ****               if (total_size> RADIO_BUF_SIZE)
 369:Middlewares/Third_Party/SubGHz_Phy/stm32_radio_driver/radio_fw.c ****               {
 370:Middlewares/Third_Party/SubGHz_Phy/stm32_radio_driver/radio_fw.c ****                 /*in case total size is greater than RADIO_BUF_SIZE, need to program a timer to get
 371:Middlewares/Third_Party/SubGHz_Phy/stm32_radio_driver/radio_fw.c ****                 //RFWPacket.LongPacketRemainingBytes-= RFWPacket.Init.PayloadLengthFieldSize+ chunk
 372:Middlewares/Third_Party/SubGHz_Phy/stm32_radio_driver/radio_fw.c ****                 /*Initialize Timer to get new chunk and update radio ptr*/
 373:Middlewares/Third_Party/SubGHz_Phy/stm32_radio_driver/radio_fw.c ****                 chunk_timeout = ( LONGPACKET_CHUNK_LENGTH_BYTES* 8 * 1000)/RFWPacket.BitRate;
 374:Middlewares/Third_Party/SubGHz_Phy/stm32_radio_driver/radio_fw.c ****                 RFW_MW_LOG( TS_ON, VLEVEL_M,  "Timeout=%d,\r\n", chunk_timeout);
 375:Middlewares/Third_Party/SubGHz_Phy/stm32_radio_driver/radio_fw.c ****                 TimerInit( &RFWPacket.Timer, RFW_TransmitLongPacket_NewTxChunkTimerEvent );
 376:Middlewares/Third_Party/SubGHz_Phy/stm32_radio_driver/radio_fw.c ****                 TimerSetValue( &RFWPacket.Timer, chunk_timeout );
 377:Middlewares/Third_Party/SubGHz_Phy/stm32_radio_driver/radio_fw.c ****                 TimerStart( &RFWPacket.Timer);
 378:Middlewares/Third_Party/SubGHz_Phy/stm32_radio_driver/radio_fw.c ****                 /*Write bit infinite_sequence = 1, required for long packet*/
 379:Middlewares/Third_Party/SubGHz_Phy/stm32_radio_driver/radio_fw.c ****                 uint8_t reg = SUBGRF_ReadRegister(SUBGHZ_PKTCTL1A);
 380:Middlewares/Third_Party/SubGHz_Phy/stm32_radio_driver/radio_fw.c ****                 SUBGRF_WriteRegister(SUBGHZ_PKTCTL1A, reg | 0x02);
 381:Middlewares/Third_Party/SubGHz_Phy/stm32_radio_driver/radio_fw.c ****                 
 382:Middlewares/Third_Party/SubGHz_Phy/stm32_radio_driver/radio_fw.c ****                 TimerSetValue( RFWPacket.RxTimeoutTimer, timeout );
 383:Middlewares/Third_Party/SubGHz_Phy/stm32_radio_driver/radio_fw.c ****                 TimerStart( RFWPacket.RxTimeoutTimer);
 384:Middlewares/Third_Party/SubGHz_Phy/stm32_radio_driver/radio_fw.c ****               }
 385:Middlewares/Third_Party/SubGHz_Phy/stm32_radio_driver/radio_fw.c ****             }
 386:Middlewares/Third_Party/SubGHz_Phy/stm32_radio_driver/radio_fw.c ****             else
 387:Middlewares/Third_Party/SubGHz_Phy/stm32_radio_driver/radio_fw.c ****             {
 388:Middlewares/Third_Party/SubGHz_Phy/stm32_radio_driver/radio_fw.c ****               /* error*/
 389:Middlewares/Third_Party/SubGHz_Phy/stm32_radio_driver/radio_fw.c ****               status= -1;
 390:Middlewares/Third_Party/SubGHz_Phy/stm32_radio_driver/radio_fw.c ****             }
 391:Middlewares/Third_Party/SubGHz_Phy/stm32_radio_driver/radio_fw.c ****             break;
 392:Middlewares/Third_Party/SubGHz_Phy/stm32_radio_driver/radio_fw.c ****         }
 393:Middlewares/Third_Party/SubGHz_Phy/stm32_radio_driver/radio_fw.c ****         case MODEM_LORA:
 394:Middlewares/Third_Party/SubGHz_Phy/stm32_radio_driver/radio_fw.c ****         {
 395:Middlewares/Third_Party/SubGHz_Phy/stm32_radio_driver/radio_fw.c ****             /* not supported by the radio Ip*/
 396:Middlewares/Third_Party/SubGHz_Phy/stm32_radio_driver/radio_fw.c ****             status= -2;
 397:Middlewares/Third_Party/SubGHz_Phy/stm32_radio_driver/radio_fw.c ****             break;
 398:Middlewares/Third_Party/SubGHz_Phy/stm32_radio_driver/radio_fw.c ****         }
 399:Middlewares/Third_Party/SubGHz_Phy/stm32_radio_driver/radio_fw.c ****         case MODEM_BPSK:
 400:Middlewares/Third_Party/SubGHz_Phy/stm32_radio_driver/radio_fw.c ****         {
 401:Middlewares/Third_Party/SubGHz_Phy/stm32_radio_driver/radio_fw.c ****            /* not supported by the FW*/
 402:Middlewares/Third_Party/SubGHz_Phy/stm32_radio_driver/radio_fw.c ****             status= -2;
 403:Middlewares/Third_Party/SubGHz_Phy/stm32_radio_driver/radio_fw.c ****             break;
 404:Middlewares/Third_Party/SubGHz_Phy/stm32_radio_driver/radio_fw.c ****         }
 405:Middlewares/Third_Party/SubGHz_Phy/stm32_radio_driver/radio_fw.c ****         case MODEM_SIGFOX_TX:
 406:Middlewares/Third_Party/SubGHz_Phy/stm32_radio_driver/radio_fw.c ****         {
 407:Middlewares/Third_Party/SubGHz_Phy/stm32_radio_driver/radio_fw.c ****             /* not supported by the FW*/
 408:Middlewares/Third_Party/SubGHz_Phy/stm32_radio_driver/radio_fw.c ****             status= -2;
 409:Middlewares/Third_Party/SubGHz_Phy/stm32_radio_driver/radio_fw.c ****             break;
 410:Middlewares/Third_Party/SubGHz_Phy/stm32_radio_driver/radio_fw.c ****         }
 411:Middlewares/Third_Party/SubGHz_Phy/stm32_radio_driver/radio_fw.c ****         default:
 412:Middlewares/Third_Party/SubGHz_Phy/stm32_radio_driver/radio_fw.c ****             break;
 413:Middlewares/Third_Party/SubGHz_Phy/stm32_radio_driver/radio_fw.c ****     }
 414:Middlewares/Third_Party/SubGHz_Phy/stm32_radio_driver/radio_fw.c ****   }
 415:Middlewares/Third_Party/SubGHz_Phy/stm32_radio_driver/radio_fw.c **** #else
 416:Middlewares/Third_Party/SubGHz_Phy/stm32_radio_driver/radio_fw.c ****   status= -1;
  34              		.loc 1 416 3 view .LVU2
 417:Middlewares/Third_Party/SubGHz_Phy/stm32_radio_driver/radio_fw.c **** #endif
 418:Middlewares/Third_Party/SubGHz_Phy/stm32_radio_driver/radio_fw.c ****   return status;
  35              		.loc 1 418 3 view .LVU3
 419:Middlewares/Third_Party/SubGHz_Phy/stm32_radio_driver/radio_fw.c **** }
  36              		.loc 1 419 1 is_stmt 0 view .LVU4
  37 0000 4FF0FF30 		mov	r0, #-1
  38              	.LVL1:
ARM GAS  C:\Users\NATHAN~1\AppData\Local\Temp\ccBdggxK.s 			page 9


  39              		.loc 1 419 1 view .LVU5
  40 0004 7047     		bx	lr
  41              		.cfi_endproc
  42              	.LFE991:
  44              		.section	.text.RFW_ReceiveLongPacket,"ax",%progbits
  45              		.align	1
  46              		.global	RFW_ReceiveLongPacket
  47              		.syntax unified
  48              		.thumb
  49              		.thumb_func
  51              	RFW_ReceiveLongPacket:
  52              	.LVL2:
  53              	.LFB992:
 420:Middlewares/Third_Party/SubGHz_Phy/stm32_radio_driver/radio_fw.c **** 
 421:Middlewares/Third_Party/SubGHz_Phy/stm32_radio_driver/radio_fw.c **** int32_t RFW_ReceiveLongPacket( uint8_t boosted_mode, uint32_t timeout, void (*RxLongPacketStoreChun
 422:Middlewares/Third_Party/SubGHz_Phy/stm32_radio_driver/radio_fw.c **** {
  54              		.loc 1 422 1 is_stmt 1 view -0
  55              		.cfi_startproc
  56              		@ args = 0, pretend = 0, frame = 0
  57              		@ frame_needed = 0, uses_anonymous_args = 0
  58              		@ link register save eliminated.
 423:Middlewares/Third_Party/SubGHz_Phy/stm32_radio_driver/radio_fw.c ****   int32_t status=0;
  59              		.loc 1 423 3 view .LVU7
 424:Middlewares/Third_Party/SubGHz_Phy/stm32_radio_driver/radio_fw.c **** #if (RFW_LONGPACKET_ENABLE ==1 )
 425:Middlewares/Third_Party/SubGHz_Phy/stm32_radio_driver/radio_fw.c ****   if ((RxLongPacketStoreChunkCb==NULL) ||
 426:Middlewares/Third_Party/SubGHz_Phy/stm32_radio_driver/radio_fw.c ****       (RFWPacket.Init.Enable==0)) /* Can only be used when after RadioSetRxGenericConfig*/
 427:Middlewares/Third_Party/SubGHz_Phy/stm32_radio_driver/radio_fw.c ****   {
 428:Middlewares/Third_Party/SubGHz_Phy/stm32_radio_driver/radio_fw.c ****     status= -1;
 429:Middlewares/Third_Party/SubGHz_Phy/stm32_radio_driver/radio_fw.c ****   }
 430:Middlewares/Third_Party/SubGHz_Phy/stm32_radio_driver/radio_fw.c ****   else
 431:Middlewares/Third_Party/SubGHz_Phy/stm32_radio_driver/radio_fw.c ****   {
 432:Middlewares/Third_Party/SubGHz_Phy/stm32_radio_driver/radio_fw.c ****     /*Records call back*/
 433:Middlewares/Third_Party/SubGHz_Phy/stm32_radio_driver/radio_fw.c ****     RFWPacket.RxLongPacketStoreChunkCb=RxLongPacketStoreChunkCb;
 434:Middlewares/Third_Party/SubGHz_Phy/stm32_radio_driver/radio_fw.c ****     SUBGRF_SetDioIrqParams( IRQ_SYNCWORD_VALID | IRQ_RX_TX_TIMEOUT,
 435:Middlewares/Third_Party/SubGHz_Phy/stm32_radio_driver/radio_fw.c ****                             IRQ_SYNCWORD_VALID | IRQ_RX_TX_TIMEOUT,
 436:Middlewares/Third_Party/SubGHz_Phy/stm32_radio_driver/radio_fw.c ****                             IRQ_RADIO_NONE,
 437:Middlewares/Third_Party/SubGHz_Phy/stm32_radio_driver/radio_fw.c ****                             IRQ_RADIO_NONE );
 438:Middlewares/Third_Party/SubGHz_Phy/stm32_radio_driver/radio_fw.c ****     SUBGRF_SetSwitch(RFWPacket.AntSwitchPaSelect, RFSWITCH_RX);
 439:Middlewares/Third_Party/SubGHz_Phy/stm32_radio_driver/radio_fw.c ****     /*init radio buffer offset*/
 440:Middlewares/Third_Party/SubGHz_Phy/stm32_radio_driver/radio_fw.c ****     RFWPacket.RadioBufferOffset=0;
 441:Middlewares/Third_Party/SubGHz_Phy/stm32_radio_driver/radio_fw.c ****     /* Init whitening at beginning of the packet*/
 442:Middlewares/Third_Party/SubGHz_Phy/stm32_radio_driver/radio_fw.c ****     RFW_WhiteSetState(&RFWPacket);
 443:Middlewares/Third_Party/SubGHz_Phy/stm32_radio_driver/radio_fw.c ****     /* Set the state of the Crc to crc_seed*/
 444:Middlewares/Third_Party/SubGHz_Phy/stm32_radio_driver/radio_fw.c ****     RFW_CrcSetState(&RFWPacket);
 445:Middlewares/Third_Party/SubGHz_Phy/stm32_radio_driver/radio_fw.c ****     /* Init radio buffer */
 446:Middlewares/Third_Party/SubGHz_Phy/stm32_radio_driver/radio_fw.c ****     SUBGRF_WriteRegister(SUBGHZ_RTXPLDLEN,255);
 447:Middlewares/Third_Party/SubGHz_Phy/stm32_radio_driver/radio_fw.c ****     SUBGRF_WriteRegister(SUBGHZ_RX_ADR_PTR,0);
 448:Middlewares/Third_Party/SubGHz_Phy/stm32_radio_driver/radio_fw.c ****     /*enable long packet*/
 449:Middlewares/Third_Party/SubGHz_Phy/stm32_radio_driver/radio_fw.c ****     RFWPacket.LongPacketModeEnable=1;
 450:Middlewares/Third_Party/SubGHz_Phy/stm32_radio_driver/radio_fw.c ****     
 451:Middlewares/Third_Party/SubGHz_Phy/stm32_radio_driver/radio_fw.c ****     if( timeout != 0 )
 452:Middlewares/Third_Party/SubGHz_Phy/stm32_radio_driver/radio_fw.c ****     {
 453:Middlewares/Third_Party/SubGHz_Phy/stm32_radio_driver/radio_fw.c ****         TimerSetValue( RFWPacket.RxTimeoutTimer, timeout );
 454:Middlewares/Third_Party/SubGHz_Phy/stm32_radio_driver/radio_fw.c ****         TimerStart( RFWPacket.RxTimeoutTimer );
 455:Middlewares/Third_Party/SubGHz_Phy/stm32_radio_driver/radio_fw.c ****     }
 456:Middlewares/Third_Party/SubGHz_Phy/stm32_radio_driver/radio_fw.c ****     DBG_GPIO_RADIO_RX(SET);
 457:Middlewares/Third_Party/SubGHz_Phy/stm32_radio_driver/radio_fw.c ****     if (boosted_mode ==1)
ARM GAS  C:\Users\NATHAN~1\AppData\Local\Temp\ccBdggxK.s 			page 10


 458:Middlewares/Third_Party/SubGHz_Phy/stm32_radio_driver/radio_fw.c ****     {
 459:Middlewares/Third_Party/SubGHz_Phy/stm32_radio_driver/radio_fw.c ****       SUBGRF_SetRxBoosted( 0xFFFFFF ); // Rx Continuous
 460:Middlewares/Third_Party/SubGHz_Phy/stm32_radio_driver/radio_fw.c ****     }
 461:Middlewares/Third_Party/SubGHz_Phy/stm32_radio_driver/radio_fw.c ****     else
 462:Middlewares/Third_Party/SubGHz_Phy/stm32_radio_driver/radio_fw.c ****     {
 463:Middlewares/Third_Party/SubGHz_Phy/stm32_radio_driver/radio_fw.c ****       SUBGRF_SetRx( 0xFFFFFF ); // Rx Continuous
 464:Middlewares/Third_Party/SubGHz_Phy/stm32_radio_driver/radio_fw.c ****     }
 465:Middlewares/Third_Party/SubGHz_Phy/stm32_radio_driver/radio_fw.c ****   }
 466:Middlewares/Third_Party/SubGHz_Phy/stm32_radio_driver/radio_fw.c **** #else
 467:Middlewares/Third_Party/SubGHz_Phy/stm32_radio_driver/radio_fw.c ****   status= -1;
  60              		.loc 1 467 3 view .LVU8
 468:Middlewares/Third_Party/SubGHz_Phy/stm32_radio_driver/radio_fw.c **** #endif
 469:Middlewares/Third_Party/SubGHz_Phy/stm32_radio_driver/radio_fw.c ****   return status;
  61              		.loc 1 469 3 view .LVU9
 470:Middlewares/Third_Party/SubGHz_Phy/stm32_radio_driver/radio_fw.c **** }
  62              		.loc 1 470 1 is_stmt 0 view .LVU10
  63 0000 4FF0FF30 		mov	r0, #-1
  64              	.LVL3:
  65              		.loc 1 470 1 view .LVU11
  66 0004 7047     		bx	lr
  67              		.cfi_endproc
  68              	.LFE992:
  70              		.section	.text.RFW_Init,"ax",%progbits
  71              		.align	1
  72              		.global	RFW_Init
  73              		.syntax unified
  74              		.thumb
  75              		.thumb_func
  77              	RFW_Init:
  78              	.LVL4:
  79              	.LFB993:
 471:Middlewares/Third_Party/SubGHz_Phy/stm32_radio_driver/radio_fw.c **** 
 472:Middlewares/Third_Party/SubGHz_Phy/stm32_radio_driver/radio_fw.c **** int32_t RFW_Init( ConfigGeneric_t* config, RadioEvents_t* RadioEvents, TimerEvent_t* TimeoutTimerEv
 473:Middlewares/Third_Party/SubGHz_Phy/stm32_radio_driver/radio_fw.c **** {
  80              		.loc 1 473 1 is_stmt 1 view -0
  81              		.cfi_startproc
  82              		@ args = 0, pretend = 0, frame = 0
  83              		@ frame_needed = 0, uses_anonymous_args = 0
  84              		@ link register save eliminated.
 474:Middlewares/Third_Party/SubGHz_Phy/stm32_radio_driver/radio_fw.c **** #if (RFW_ENABLE ==1 )
 475:Middlewares/Third_Party/SubGHz_Phy/stm32_radio_driver/radio_fw.c ****   RADIO_FSK_PacketLengthModes_t HeaderType;
 476:Middlewares/Third_Party/SubGHz_Phy/stm32_radio_driver/radio_fw.c ****   uint32_t RxMaxPayloadLength= 0;
 477:Middlewares/Third_Party/SubGHz_Phy/stm32_radio_driver/radio_fw.c ****   RADIO_FSK_CrcTypes_t CrcLength;
 478:Middlewares/Third_Party/SubGHz_Phy/stm32_radio_driver/radio_fw.c ****   uint16_t whiteSeed;
 479:Middlewares/Third_Party/SubGHz_Phy/stm32_radio_driver/radio_fw.c ****   uint16_t CrcPolynomial;
 480:Middlewares/Third_Party/SubGHz_Phy/stm32_radio_driver/radio_fw.c ****   uint16_t CrcSeed;
 481:Middlewares/Third_Party/SubGHz_Phy/stm32_radio_driver/radio_fw.c ****   if (config->rtx ==CONFIG_TX)
 482:Middlewares/Third_Party/SubGHz_Phy/stm32_radio_driver/radio_fw.c ****   {
 483:Middlewares/Third_Party/SubGHz_Phy/stm32_radio_driver/radio_fw.c ****     HeaderType=    config->TxConfig->fsk.HeaderType;
 484:Middlewares/Third_Party/SubGHz_Phy/stm32_radio_driver/radio_fw.c ****     CrcLength=     config->TxConfig->fsk.CrcLength;
 485:Middlewares/Third_Party/SubGHz_Phy/stm32_radio_driver/radio_fw.c ****     whiteSeed=     config->TxConfig->fsk.whiteSeed;
 486:Middlewares/Third_Party/SubGHz_Phy/stm32_radio_driver/radio_fw.c ****     CrcPolynomial= config->TxConfig->fsk.CrcPolynomial;
 487:Middlewares/Third_Party/SubGHz_Phy/stm32_radio_driver/radio_fw.c ****     CrcSeed=       config->TxConfig->fsk.CrcSeed;
 488:Middlewares/Third_Party/SubGHz_Phy/stm32_radio_driver/radio_fw.c ****     RFWPacket.BitRate= config->TxConfig->fsk.BitRate;
 489:Middlewares/Third_Party/SubGHz_Phy/stm32_radio_driver/radio_fw.c ****     RFWPacket.TxTimeoutTimer= TimeoutTimerEvent;
 490:Middlewares/Third_Party/SubGHz_Phy/stm32_radio_driver/radio_fw.c ****   }
 491:Middlewares/Third_Party/SubGHz_Phy/stm32_radio_driver/radio_fw.c ****   else
ARM GAS  C:\Users\NATHAN~1\AppData\Local\Temp\ccBdggxK.s 			page 11


 492:Middlewares/Third_Party/SubGHz_Phy/stm32_radio_driver/radio_fw.c ****   {
 493:Middlewares/Third_Party/SubGHz_Phy/stm32_radio_driver/radio_fw.c ****     HeaderType=          config->RxConfig->fsk.LengthMode;
 494:Middlewares/Third_Party/SubGHz_Phy/stm32_radio_driver/radio_fw.c ****     CrcLength=           config->RxConfig->fsk.CrcLength;
 495:Middlewares/Third_Party/SubGHz_Phy/stm32_radio_driver/radio_fw.c ****     RxMaxPayloadLength = config->RxConfig->fsk.MaxPayloadLength;
 496:Middlewares/Third_Party/SubGHz_Phy/stm32_radio_driver/radio_fw.c ****     whiteSeed=           config->RxConfig->fsk.whiteSeed;
 497:Middlewares/Third_Party/SubGHz_Phy/stm32_radio_driver/radio_fw.c ****     CrcPolynomial=       config->RxConfig->fsk.CrcPolynomial;
 498:Middlewares/Third_Party/SubGHz_Phy/stm32_radio_driver/radio_fw.c ****     CrcSeed=             config->RxConfig->fsk.CrcSeed;
 499:Middlewares/Third_Party/SubGHz_Phy/stm32_radio_driver/radio_fw.c ****     RFWPacket.BitRate=   config->RxConfig->fsk.BitRate;
 500:Middlewares/Third_Party/SubGHz_Phy/stm32_radio_driver/radio_fw.c ****     RFWPacket.RxTimeoutTimer= TimeoutTimerEvent;
 501:Middlewares/Third_Party/SubGHz_Phy/stm32_radio_driver/radio_fw.c ****   }
 502:Middlewares/Third_Party/SubGHz_Phy/stm32_radio_driver/radio_fw.c ****   if( ( RadioEvents != NULL ) && ( RadioEvents->RxError ) )
 503:Middlewares/Third_Party/SubGHz_Phy/stm32_radio_driver/radio_fw.c ****   {
 504:Middlewares/Third_Party/SubGHz_Phy/stm32_radio_driver/radio_fw.c ****     RFWPacket.Init.RadioEvents=RadioEvents;
 505:Middlewares/Third_Party/SubGHz_Phy/stm32_radio_driver/radio_fw.c ****   }
 506:Middlewares/Third_Party/SubGHz_Phy/stm32_radio_driver/radio_fw.c ****   else
 507:Middlewares/Third_Party/SubGHz_Phy/stm32_radio_driver/radio_fw.c ****   {
 508:Middlewares/Third_Party/SubGHz_Phy/stm32_radio_driver/radio_fw.c ****     return -1;
 509:Middlewares/Third_Party/SubGHz_Phy/stm32_radio_driver/radio_fw.c ****   }
 510:Middlewares/Third_Party/SubGHz_Phy/stm32_radio_driver/radio_fw.c ****   if (HeaderType==RADIO_FSK_PACKET_2BYTES_LENGTH)
 511:Middlewares/Third_Party/SubGHz_Phy/stm32_radio_driver/radio_fw.c ****   {
 512:Middlewares/Third_Party/SubGHz_Phy/stm32_radio_driver/radio_fw.c **** #if (RFW_LONGPACKET_ENABLE ==1 )
 513:Middlewares/Third_Party/SubGHz_Phy/stm32_radio_driver/radio_fw.c ****     RFWPacket.Init.PayloadLengthFieldSize= 2;
 514:Middlewares/Third_Party/SubGHz_Phy/stm32_radio_driver/radio_fw.c **** #else
 515:Middlewares/Third_Party/SubGHz_Phy/stm32_radio_driver/radio_fw.c ****     return -1;
 516:Middlewares/Third_Party/SubGHz_Phy/stm32_radio_driver/radio_fw.c **** #endif
 517:Middlewares/Third_Party/SubGHz_Phy/stm32_radio_driver/radio_fw.c ****   }
 518:Middlewares/Third_Party/SubGHz_Phy/stm32_radio_driver/radio_fw.c ****   else
 519:Middlewares/Third_Party/SubGHz_Phy/stm32_radio_driver/radio_fw.c ****   {
 520:Middlewares/Third_Party/SubGHz_Phy/stm32_radio_driver/radio_fw.c ****     RFWPacket.Init.PayloadLengthFieldSize= 1;
 521:Middlewares/Third_Party/SubGHz_Phy/stm32_radio_driver/radio_fw.c ****   }
 522:Middlewares/Third_Party/SubGHz_Phy/stm32_radio_driver/radio_fw.c ****     /*record, used to reject packet in length decoded at sync time out greater than LongPacketMaxRx
 523:Middlewares/Third_Party/SubGHz_Phy/stm32_radio_driver/radio_fw.c ****   RFWPacket.Init.LongPacketMaxRxLength= RxMaxPayloadLength;
 524:Middlewares/Third_Party/SubGHz_Phy/stm32_radio_driver/radio_fw.c ****   if (CrcLength== RADIO_FSK_CRC_OFF)
 525:Middlewares/Third_Party/SubGHz_Phy/stm32_radio_driver/radio_fw.c ****   {
 526:Middlewares/Third_Party/SubGHz_Phy/stm32_radio_driver/radio_fw.c ****     RFWPacket.Init.CrcEnable =0;
 527:Middlewares/Third_Party/SubGHz_Phy/stm32_radio_driver/radio_fw.c ****     RFWPacket.Init.CrcFieldSize= 0;
 528:Middlewares/Third_Party/SubGHz_Phy/stm32_radio_driver/radio_fw.c ****   }
 529:Middlewares/Third_Party/SubGHz_Phy/stm32_radio_driver/radio_fw.c ****   else
 530:Middlewares/Third_Party/SubGHz_Phy/stm32_radio_driver/radio_fw.c ****   {
 531:Middlewares/Third_Party/SubGHz_Phy/stm32_radio_driver/radio_fw.c ****     RFWPacket.Init.CrcEnable =1;
 532:Middlewares/Third_Party/SubGHz_Phy/stm32_radio_driver/radio_fw.c ****     RFWPacket.Init.CrcFieldSize= 2;
 533:Middlewares/Third_Party/SubGHz_Phy/stm32_radio_driver/radio_fw.c ****   }
 534:Middlewares/Third_Party/SubGHz_Phy/stm32_radio_driver/radio_fw.c ****   /*Macro can be used to init interrupt behaviour*/
 535:Middlewares/Third_Party/SubGHz_Phy/stm32_radio_driver/radio_fw.c ****   RFW_IT_INIT();
 536:Middlewares/Third_Party/SubGHz_Phy/stm32_radio_driver/radio_fw.c ****   /*Initialise whitening Seed*/
 537:Middlewares/Third_Party/SubGHz_Phy/stm32_radio_driver/radio_fw.c ****   RFW_WhiteInitState(&RFWPacket.Init, whiteSeed);
 538:Middlewares/Third_Party/SubGHz_Phy/stm32_radio_driver/radio_fw.c ****   /*Initialise Crc Seed*/
 539:Middlewares/Third_Party/SubGHz_Phy/stm32_radio_driver/radio_fw.c ****   RFW_CrcInitState(&RFWPacket.Init, CrcPolynomial, CrcSeed, CrcLength);
 540:Middlewares/Third_Party/SubGHz_Phy/stm32_radio_driver/radio_fw.c ****   /*Enable the RFWPacket decoding*/
 541:Middlewares/Third_Party/SubGHz_Phy/stm32_radio_driver/radio_fw.c ****   RFWPacket.Init.Enable=1;
 542:Middlewares/Third_Party/SubGHz_Phy/stm32_radio_driver/radio_fw.c ****   /* Initialize Timer for end of fixed packet, started at sync*/
 543:Middlewares/Third_Party/SubGHz_Phy/stm32_radio_driver/radio_fw.c ****   TimerInit( &RFWPacket.Timer, RFW_GetPayloadTimerEvent );
 544:Middlewares/Third_Party/SubGHz_Phy/stm32_radio_driver/radio_fw.c ****   return 0;
 545:Middlewares/Third_Party/SubGHz_Phy/stm32_radio_driver/radio_fw.c **** #else
 546:Middlewares/Third_Party/SubGHz_Phy/stm32_radio_driver/radio_fw.c ****   return -1;
  85              		.loc 1 546 3 view .LVU13
 547:Middlewares/Third_Party/SubGHz_Phy/stm32_radio_driver/radio_fw.c **** #endif
ARM GAS  C:\Users\NATHAN~1\AppData\Local\Temp\ccBdggxK.s 			page 12


 548:Middlewares/Third_Party/SubGHz_Phy/stm32_radio_driver/radio_fw.c **** }
  86              		.loc 1 548 1 is_stmt 0 view .LVU14
  87 0000 4FF0FF30 		mov	r0, #-1
  88              	.LVL5:
  89              		.loc 1 548 1 view .LVU15
  90 0004 7047     		bx	lr
  91              		.cfi_endproc
  92              	.LFE993:
  94              		.section	.text.RFW_DeInit,"ax",%progbits
  95              		.align	1
  96              		.global	RFW_DeInit
  97              		.syntax unified
  98              		.thumb
  99              		.thumb_func
 101              	RFW_DeInit:
 102              	.LFB994:
 549:Middlewares/Third_Party/SubGHz_Phy/stm32_radio_driver/radio_fw.c **** 
 550:Middlewares/Third_Party/SubGHz_Phy/stm32_radio_driver/radio_fw.c **** void RFW_DeInit( void)
 551:Middlewares/Third_Party/SubGHz_Phy/stm32_radio_driver/radio_fw.c **** {
 103              		.loc 1 551 1 is_stmt 1 view -0
 104              		.cfi_startproc
 105              		@ args = 0, pretend = 0, frame = 0
 106              		@ frame_needed = 0, uses_anonymous_args = 0
 107              		@ link register save eliminated.
 552:Middlewares/Third_Party/SubGHz_Phy/stm32_radio_driver/radio_fw.c **** #if (RFW_ENABLE ==1 )
 553:Middlewares/Third_Party/SubGHz_Phy/stm32_radio_driver/radio_fw.c ****   RFWPacket.Init.Enable=0; /*Disable the RFWPacket decoding*/
 554:Middlewares/Third_Party/SubGHz_Phy/stm32_radio_driver/radio_fw.c **** #endif
 555:Middlewares/Third_Party/SubGHz_Phy/stm32_radio_driver/radio_fw.c **** }
 108              		.loc 1 555 1 view .LVU17
 109 0000 7047     		bx	lr
 110              		.cfi_endproc
 111              	.LFE994:
 113              		.section	.text.RFW_Is_Init,"ax",%progbits
 114              		.align	1
 115              		.global	RFW_Is_Init
 116              		.syntax unified
 117              		.thumb
 118              		.thumb_func
 120              	RFW_Is_Init:
 121              	.LFB995:
 556:Middlewares/Third_Party/SubGHz_Phy/stm32_radio_driver/radio_fw.c **** 
 557:Middlewares/Third_Party/SubGHz_Phy/stm32_radio_driver/radio_fw.c **** uint8_t RFW_Is_Init( void)
 558:Middlewares/Third_Party/SubGHz_Phy/stm32_radio_driver/radio_fw.c **** {
 122              		.loc 1 558 1 view -0
 123              		.cfi_startproc
 124              		@ args = 0, pretend = 0, frame = 0
 125              		@ frame_needed = 0, uses_anonymous_args = 0
 126              		@ link register save eliminated.
 559:Middlewares/Third_Party/SubGHz_Phy/stm32_radio_driver/radio_fw.c **** #if (RFW_ENABLE ==1 )
 560:Middlewares/Third_Party/SubGHz_Phy/stm32_radio_driver/radio_fw.c ****   return RFWPacket.Init.Enable;
 561:Middlewares/Third_Party/SubGHz_Phy/stm32_radio_driver/radio_fw.c **** #else
 562:Middlewares/Third_Party/SubGHz_Phy/stm32_radio_driver/radio_fw.c ****   return 0;
 127              		.loc 1 562 3 view .LVU19
 563:Middlewares/Third_Party/SubGHz_Phy/stm32_radio_driver/radio_fw.c **** #endif
 564:Middlewares/Third_Party/SubGHz_Phy/stm32_radio_driver/radio_fw.c **** }
 128              		.loc 1 564 1 is_stmt 0 view .LVU20
 129 0000 0020     		movs	r0, #0
ARM GAS  C:\Users\NATHAN~1\AppData\Local\Temp\ccBdggxK.s 			page 13


 130 0002 7047     		bx	lr
 131              		.cfi_endproc
 132              	.LFE995:
 134              		.section	.text.RFW_Is_LongPacketModeEnabled,"ax",%progbits
 135              		.align	1
 136              		.global	RFW_Is_LongPacketModeEnabled
 137              		.syntax unified
 138              		.thumb
 139              		.thumb_func
 141              	RFW_Is_LongPacketModeEnabled:
 142              	.LFB996:
 565:Middlewares/Third_Party/SubGHz_Phy/stm32_radio_driver/radio_fw.c **** 
 566:Middlewares/Third_Party/SubGHz_Phy/stm32_radio_driver/radio_fw.c **** uint8_t RFW_Is_LongPacketModeEnabled( void)
 567:Middlewares/Third_Party/SubGHz_Phy/stm32_radio_driver/radio_fw.c **** {
 143              		.loc 1 567 1 is_stmt 1 view -0
 144              		.cfi_startproc
 145              		@ args = 0, pretend = 0, frame = 0
 146              		@ frame_needed = 0, uses_anonymous_args = 0
 147              		@ link register save eliminated.
 568:Middlewares/Third_Party/SubGHz_Phy/stm32_radio_driver/radio_fw.c **** #if (RFW_ENABLE ==1 )
 569:Middlewares/Third_Party/SubGHz_Phy/stm32_radio_driver/radio_fw.c ****   return RFWPacket.LongPacketModeEnable;
 570:Middlewares/Third_Party/SubGHz_Phy/stm32_radio_driver/radio_fw.c **** #else
 571:Middlewares/Third_Party/SubGHz_Phy/stm32_radio_driver/radio_fw.c ****   return 0;
 148              		.loc 1 571 3 view .LVU22
 572:Middlewares/Third_Party/SubGHz_Phy/stm32_radio_driver/radio_fw.c **** #endif
 573:Middlewares/Third_Party/SubGHz_Phy/stm32_radio_driver/radio_fw.c **** }
 149              		.loc 1 573 1 is_stmt 0 view .LVU23
 150 0000 0020     		movs	r0, #0
 151 0002 7047     		bx	lr
 152              		.cfi_endproc
 153              	.LFE996:
 155              		.section	.text.RFW_SetAntSwitch,"ax",%progbits
 156              		.align	1
 157              		.global	RFW_SetAntSwitch
 158              		.syntax unified
 159              		.thumb
 160              		.thumb_func
 162              	RFW_SetAntSwitch:
 163              	.LVL6:
 164              	.LFB997:
 574:Middlewares/Third_Party/SubGHz_Phy/stm32_radio_driver/radio_fw.c **** 
 575:Middlewares/Third_Party/SubGHz_Phy/stm32_radio_driver/radio_fw.c **** void RFW_SetAntSwitch( uint8_t AntSwitch)
 576:Middlewares/Third_Party/SubGHz_Phy/stm32_radio_driver/radio_fw.c **** {
 165              		.loc 1 576 1 is_stmt 1 view -0
 166              		.cfi_startproc
 167              		@ args = 0, pretend = 0, frame = 0
 168              		@ frame_needed = 0, uses_anonymous_args = 0
 169              		@ link register save eliminated.
 577:Middlewares/Third_Party/SubGHz_Phy/stm32_radio_driver/radio_fw.c **** #if (RFW_ENABLE ==1 )
 578:Middlewares/Third_Party/SubGHz_Phy/stm32_radio_driver/radio_fw.c ****   RFWPacket.AntSwitchPaSelect=AntSwitch;
 579:Middlewares/Third_Party/SubGHz_Phy/stm32_radio_driver/radio_fw.c **** #endif
 580:Middlewares/Third_Party/SubGHz_Phy/stm32_radio_driver/radio_fw.c **** }
 170              		.loc 1 580 1 view .LVU25
 171 0000 7047     		bx	lr
 172              		.cfi_endproc
 173              	.LFE997:
 175              		.section	.text.RFW_TransmitInit,"ax",%progbits
ARM GAS  C:\Users\NATHAN~1\AppData\Local\Temp\ccBdggxK.s 			page 14


 176              		.align	1
 177              		.global	RFW_TransmitInit
 178              		.syntax unified
 179              		.thumb
 180              		.thumb_func
 182              	RFW_TransmitInit:
 183              	.LVL7:
 184              	.LFB998:
 581:Middlewares/Third_Party/SubGHz_Phy/stm32_radio_driver/radio_fw.c **** 
 582:Middlewares/Third_Party/SubGHz_Phy/stm32_radio_driver/radio_fw.c **** int32_t RFW_TransmitInit(uint8_t* inOutBuffer, uint8_t size, uint8_t* outSize)
 583:Middlewares/Third_Party/SubGHz_Phy/stm32_radio_driver/radio_fw.c **** {
 185              		.loc 1 583 1 view -0
 186              		.cfi_startproc
 187              		@ args = 0, pretend = 0, frame = 0
 188              		@ frame_needed = 0, uses_anonymous_args = 0
 189              		@ link register save eliminated.
 584:Middlewares/Third_Party/SubGHz_Phy/stm32_radio_driver/radio_fw.c ****   int32_t status=-1;
 190              		.loc 1 584 3 view .LVU27
 585:Middlewares/Third_Party/SubGHz_Phy/stm32_radio_driver/radio_fw.c **** #if (RFW_ENABLE ==1 )
 586:Middlewares/Third_Party/SubGHz_Phy/stm32_radio_driver/radio_fw.c ****   uint8_t crc_result[2];
 587:Middlewares/Third_Party/SubGHz_Phy/stm32_radio_driver/radio_fw.c ****   if (size+RFWPacket.Init.PayloadLengthFieldSize+ RFWPacket.Init.CrcFieldSize> RADIO_BUF_SIZE)
 588:Middlewares/Third_Party/SubGHz_Phy/stm32_radio_driver/radio_fw.c ****   {
 589:Middlewares/Third_Party/SubGHz_Phy/stm32_radio_driver/radio_fw.c ****     RFW_MW_LOG( TS_ON, VLEVEL_M, "RadioSend Oversize\r\n");
 590:Middlewares/Third_Party/SubGHz_Phy/stm32_radio_driver/radio_fw.c ****     status= -1;
 591:Middlewares/Third_Party/SubGHz_Phy/stm32_radio_driver/radio_fw.c ****   }
 592:Middlewares/Third_Party/SubGHz_Phy/stm32_radio_driver/radio_fw.c ****   else
 593:Middlewares/Third_Party/SubGHz_Phy/stm32_radio_driver/radio_fw.c ****   {
 594:Middlewares/Third_Party/SubGHz_Phy/stm32_radio_driver/radio_fw.c ****     /* Copy tx buffer in payload*/
 595:Middlewares/Third_Party/SubGHz_Phy/stm32_radio_driver/radio_fw.c ****     RADIO_MEMCPY8(&ChunkBuffer[RFWPacket.Init.PayloadLengthFieldSize], inOutBuffer, size);
 596:Middlewares/Third_Party/SubGHz_Phy/stm32_radio_driver/radio_fw.c ****     /* Calculate the crc on */
 597:Middlewares/Third_Party/SubGHz_Phy/stm32_radio_driver/radio_fw.c ****     /* Payload Size without the packet length field nor the CRC */
 598:Middlewares/Third_Party/SubGHz_Phy/stm32_radio_driver/radio_fw.c ****     /* Prepend payload size before Payload*/
 599:Middlewares/Third_Party/SubGHz_Phy/stm32_radio_driver/radio_fw.c ****     if (RFWPacket.Init.PayloadLengthFieldSize==1)
 600:Middlewares/Third_Party/SubGHz_Phy/stm32_radio_driver/radio_fw.c ****     {
 601:Middlewares/Third_Party/SubGHz_Phy/stm32_radio_driver/radio_fw.c ****       ChunkBuffer[0]=size;
 602:Middlewares/Third_Party/SubGHz_Phy/stm32_radio_driver/radio_fw.c ****     }
 603:Middlewares/Third_Party/SubGHz_Phy/stm32_radio_driver/radio_fw.c ****     else
 604:Middlewares/Third_Party/SubGHz_Phy/stm32_radio_driver/radio_fw.c ****     {
 605:Middlewares/Third_Party/SubGHz_Phy/stm32_radio_driver/radio_fw.c ****       ChunkBuffer[0]=0;
 606:Middlewares/Third_Party/SubGHz_Phy/stm32_radio_driver/radio_fw.c ****       ChunkBuffer[1]=size;
 607:Middlewares/Third_Party/SubGHz_Phy/stm32_radio_driver/radio_fw.c ****     }
 608:Middlewares/Third_Party/SubGHz_Phy/stm32_radio_driver/radio_fw.c ****     if (RFWPacket.Init.CrcEnable== 1)
 609:Middlewares/Third_Party/SubGHz_Phy/stm32_radio_driver/radio_fw.c ****     {
 610:Middlewares/Third_Party/SubGHz_Phy/stm32_radio_driver/radio_fw.c ****       /* Set the state of the Crc to crc_seed*/
 611:Middlewares/Third_Party/SubGHz_Phy/stm32_radio_driver/radio_fw.c ****       RFW_CrcSetState(&RFWPacket);
 612:Middlewares/Third_Party/SubGHz_Phy/stm32_radio_driver/radio_fw.c ****       /*Run the crc calculation on payload length and payload*/
 613:Middlewares/Third_Party/SubGHz_Phy/stm32_radio_driver/radio_fw.c ****       RFW_CrcRun(&RFWPacket, &ChunkBuffer[0],size+ RFWPacket.Init.PayloadLengthFieldSize, crc_resul
 614:Middlewares/Third_Party/SubGHz_Phy/stm32_radio_driver/radio_fw.c ****     /*append the crc result afater the payload*/
 615:Middlewares/Third_Party/SubGHz_Phy/stm32_radio_driver/radio_fw.c ****       RADIO_MEMCPY8(&ChunkBuffer[size+ RFWPacket.Init.PayloadLengthFieldSize], crc_result, RFWPacke
 616:Middlewares/Third_Party/SubGHz_Phy/stm32_radio_driver/radio_fw.c ****     }
 617:Middlewares/Third_Party/SubGHz_Phy/stm32_radio_driver/radio_fw.c ****     /*init whitening at beginning of the packet*/
 618:Middlewares/Third_Party/SubGHz_Phy/stm32_radio_driver/radio_fw.c ****     RFW_WhiteSetState(&RFWPacket);
 619:Middlewares/Third_Party/SubGHz_Phy/stm32_radio_driver/radio_fw.c ****     /*Run the whitening calculation on payload length, payload and crc*/
 620:Middlewares/Third_Party/SubGHz_Phy/stm32_radio_driver/radio_fw.c ****     RFW_WhiteRun(&RFWPacket, &ChunkBuffer[0],size+ RFWPacket.Init.PayloadLengthFieldSize+ RFWPacket
 621:Middlewares/Third_Party/SubGHz_Phy/stm32_radio_driver/radio_fw.c ****     /*Configure the Transmitter to send all*/
 622:Middlewares/Third_Party/SubGHz_Phy/stm32_radio_driver/radio_fw.c ****     *outSize=(uint8_t) size+ RFWPacket.Init.PayloadLengthFieldSize+ RFWPacket.Init.CrcFieldSize;
 623:Middlewares/Third_Party/SubGHz_Phy/stm32_radio_driver/radio_fw.c ****     /*copy result*/
ARM GAS  C:\Users\NATHAN~1\AppData\Local\Temp\ccBdggxK.s 			page 15


 624:Middlewares/Third_Party/SubGHz_Phy/stm32_radio_driver/radio_fw.c ****     RADIO_MEMCPY8(inOutBuffer, ChunkBuffer, *outSize);
 625:Middlewares/Third_Party/SubGHz_Phy/stm32_radio_driver/radio_fw.c ****     
 626:Middlewares/Third_Party/SubGHz_Phy/stm32_radio_driver/radio_fw.c ****     RFWPacket.LongPacketModeEnable=0;
 627:Middlewares/Third_Party/SubGHz_Phy/stm32_radio_driver/radio_fw.c ****     
 628:Middlewares/Third_Party/SubGHz_Phy/stm32_radio_driver/radio_fw.c ****     status= 0;
 629:Middlewares/Third_Party/SubGHz_Phy/stm32_radio_driver/radio_fw.c ****   }
 630:Middlewares/Third_Party/SubGHz_Phy/stm32_radio_driver/radio_fw.c **** #endif
 631:Middlewares/Third_Party/SubGHz_Phy/stm32_radio_driver/radio_fw.c ****   return status;
 191              		.loc 1 631 3 view .LVU28
 632:Middlewares/Third_Party/SubGHz_Phy/stm32_radio_driver/radio_fw.c **** }
 192              		.loc 1 632 1 is_stmt 0 view .LVU29
 193 0000 4FF0FF30 		mov	r0, #-1
 194              	.LVL8:
 195              		.loc 1 632 1 view .LVU30
 196 0004 7047     		bx	lr
 197              		.cfi_endproc
 198              	.LFE998:
 200              		.section	.text.RFW_ReceiveInit,"ax",%progbits
 201              		.align	1
 202              		.global	RFW_ReceiveInit
 203              		.syntax unified
 204              		.thumb
 205              		.thumb_func
 207              	RFW_ReceiveInit:
 208              	.LFB999:
 633:Middlewares/Third_Party/SubGHz_Phy/stm32_radio_driver/radio_fw.c **** 
 634:Middlewares/Third_Party/SubGHz_Phy/stm32_radio_driver/radio_fw.c **** int32_t RFW_ReceiveInit( void )
 635:Middlewares/Third_Party/SubGHz_Phy/stm32_radio_driver/radio_fw.c **** {
 209              		.loc 1 635 1 is_stmt 1 view -0
 210              		.cfi_startproc
 211              		@ args = 0, pretend = 0, frame = 0
 212              		@ frame_needed = 0, uses_anonymous_args = 0
 213              		@ link register save eliminated.
 636:Middlewares/Third_Party/SubGHz_Phy/stm32_radio_driver/radio_fw.c **** #if (RFW_ENABLE ==1 )
 637:Middlewares/Third_Party/SubGHz_Phy/stm32_radio_driver/radio_fw.c ****   /* Radio IRQ is set to DIO1 by default */
 638:Middlewares/Third_Party/SubGHz_Phy/stm32_radio_driver/radio_fw.c ****   SUBGRF_SetDioIrqParams( IRQ_RADIO_ALL&(~IRQ_RX_DONE), //IRQ_RX_DONE | IRQ_RX_TX_TIMEOUT,
 639:Middlewares/Third_Party/SubGHz_Phy/stm32_radio_driver/radio_fw.c ****                           IRQ_RADIO_ALL&(~IRQ_RX_DONE), //IRQ_RX_DONE | IRQ_RX_TX_TIMEOUT,
 640:Middlewares/Third_Party/SubGHz_Phy/stm32_radio_driver/radio_fw.c ****                           IRQ_RADIO_NONE,
 641:Middlewares/Third_Party/SubGHz_Phy/stm32_radio_driver/radio_fw.c ****                           IRQ_RADIO_NONE );
 642:Middlewares/Third_Party/SubGHz_Phy/stm32_radio_driver/radio_fw.c **** /*init whitening at beginning of the packet*/
 643:Middlewares/Third_Party/SubGHz_Phy/stm32_radio_driver/radio_fw.c ****   RFW_WhiteSetState(&RFWPacket);
 644:Middlewares/Third_Party/SubGHz_Phy/stm32_radio_driver/radio_fw.c **** /* Set the state of the Crc to crc_seed*/
 645:Middlewares/Third_Party/SubGHz_Phy/stm32_radio_driver/radio_fw.c ****   RFW_CrcSetState(&RFWPacket);
 646:Middlewares/Third_Party/SubGHz_Phy/stm32_radio_driver/radio_fw.c ****   
 647:Middlewares/Third_Party/SubGHz_Phy/stm32_radio_driver/radio_fw.c ****   RFWPacket.RxPayloadOffset=0;
 648:Middlewares/Third_Party/SubGHz_Phy/stm32_radio_driver/radio_fw.c ****   
 649:Middlewares/Third_Party/SubGHz_Phy/stm32_radio_driver/radio_fw.c ****   RFWPacket.LongPacketModeEnable=0;
 650:Middlewares/Third_Party/SubGHz_Phy/stm32_radio_driver/radio_fw.c ****   return 0;
 651:Middlewares/Third_Party/SubGHz_Phy/stm32_radio_driver/radio_fw.c **** #else
 652:Middlewares/Third_Party/SubGHz_Phy/stm32_radio_driver/radio_fw.c ****   return -1;
 214              		.loc 1 652 3 view .LVU32
 653:Middlewares/Third_Party/SubGHz_Phy/stm32_radio_driver/radio_fw.c **** #endif
 654:Middlewares/Third_Party/SubGHz_Phy/stm32_radio_driver/radio_fw.c **** }
 215              		.loc 1 654 1 is_stmt 0 view .LVU33
 216 0000 4FF0FF30 		mov	r0, #-1
 217 0004 7047     		bx	lr
 218              		.cfi_endproc
ARM GAS  C:\Users\NATHAN~1\AppData\Local\Temp\ccBdggxK.s 			page 16


 219              	.LFE999:
 221              		.section	.text.RFW_DeInit_TxLongPacket,"ax",%progbits
 222              		.align	1
 223              		.global	RFW_DeInit_TxLongPacket
 224              		.syntax unified
 225              		.thumb
 226              		.thumb_func
 228              	RFW_DeInit_TxLongPacket:
 229              	.LFB1000:
 655:Middlewares/Third_Party/SubGHz_Phy/stm32_radio_driver/radio_fw.c **** 
 656:Middlewares/Third_Party/SubGHz_Phy/stm32_radio_driver/radio_fw.c **** void RFW_DeInit_TxLongPacket(void)
 657:Middlewares/Third_Party/SubGHz_Phy/stm32_radio_driver/radio_fw.c **** {
 230              		.loc 1 657 1 is_stmt 1 view -0
 231              		.cfi_startproc
 232              		@ args = 0, pretend = 0, frame = 0
 233              		@ frame_needed = 0, uses_anonymous_args = 0
 234              		@ link register save eliminated.
 658:Middlewares/Third_Party/SubGHz_Phy/stm32_radio_driver/radio_fw.c **** #if (RFW_LONGPACKET_ENABLE ==1 )
 659:Middlewares/Third_Party/SubGHz_Phy/stm32_radio_driver/radio_fw.c ****   /*long packet WA*/
 660:Middlewares/Third_Party/SubGHz_Phy/stm32_radio_driver/radio_fw.c ****   uint8_t reg = SUBGRF_ReadRegister(SUBGHZ_PKTCTL1A);
 661:Middlewares/Third_Party/SubGHz_Phy/stm32_radio_driver/radio_fw.c ****   SUBGRF_WriteRegister(SUBGHZ_PKTCTL1A, reg & ~0x02);//clear infinite_sequence bit
 662:Middlewares/Third_Party/SubGHz_Phy/stm32_radio_driver/radio_fw.c ****   SUBGRF_WriteRegister(SUBGHZ_RTXPLDLEN, 0xFF); //RxTxPldLen: reset to 0xFF
 663:Middlewares/Third_Party/SubGHz_Phy/stm32_radio_driver/radio_fw.c **** #endif
 664:Middlewares/Third_Party/SubGHz_Phy/stm32_radio_driver/radio_fw.c **** }
 235              		.loc 1 664 1 view .LVU35
 236 0000 7047     		bx	lr
 237              		.cfi_endproc
 238              	.LFE1000:
 240              		.section	.text.RFW_ReceivePayload,"ax",%progbits
 241              		.align	1
 242              		.global	RFW_ReceivePayload
 243              		.syntax unified
 244              		.thumb
 245              		.thumb_func
 247              	RFW_ReceivePayload:
 248              	.LFB1001:
 665:Middlewares/Third_Party/SubGHz_Phy/stm32_radio_driver/radio_fw.c **** 
 666:Middlewares/Third_Party/SubGHz_Phy/stm32_radio_driver/radio_fw.c **** void RFW_ReceivePayload( void )
 667:Middlewares/Third_Party/SubGHz_Phy/stm32_radio_driver/radio_fw.c **** {
 249              		.loc 1 667 1 view -0
 250              		.cfi_startproc
 251              		@ args = 0, pretend = 0, frame = 0
 252              		@ frame_needed = 0, uses_anonymous_args = 0
 253              		@ link register save eliminated.
 668:Middlewares/Third_Party/SubGHz_Phy/stm32_radio_driver/radio_fw.c **** #if (RFW_ENABLE ==1 )
 669:Middlewares/Third_Party/SubGHz_Phy/stm32_radio_driver/radio_fw.c ****   uint16_t PayloadLength= 0;
 670:Middlewares/Third_Party/SubGHz_Phy/stm32_radio_driver/radio_fw.c ****   if (RFW_GetPacketLength(&PayloadLength)==0)
 671:Middlewares/Third_Party/SubGHz_Phy/stm32_radio_driver/radio_fw.c ****   {
 672:Middlewares/Third_Party/SubGHz_Phy/stm32_radio_driver/radio_fw.c ****     uint32_t timeout;
 673:Middlewares/Third_Party/SubGHz_Phy/stm32_radio_driver/radio_fw.c ****     uint32_t packet_length= PayloadLength+RFWPacket.Init.CrcFieldSize;
 674:Middlewares/Third_Party/SubGHz_Phy/stm32_radio_driver/radio_fw.c ****     /*record payload length*/
 675:Middlewares/Third_Party/SubGHz_Phy/stm32_radio_driver/radio_fw.c ****     RFWPacket.PayloadLength= PayloadLength;
 676:Middlewares/Third_Party/SubGHz_Phy/stm32_radio_driver/radio_fw.c ****     /*record remaining payload length*/
 677:Middlewares/Third_Party/SubGHz_Phy/stm32_radio_driver/radio_fw.c ****     RFWPacket.LongPacketRemainingBytes = (uint16_t) packet_length;
 678:Middlewares/Third_Party/SubGHz_Phy/stm32_radio_driver/radio_fw.c ****     /*record rx buffer offset*/
 679:Middlewares/Third_Party/SubGHz_Phy/stm32_radio_driver/radio_fw.c ****     RFWPacket.RadioBufferOffset = RFWPacket.Init.PayloadLengthFieldSize;
 680:Middlewares/Third_Party/SubGHz_Phy/stm32_radio_driver/radio_fw.c ****     /*if decoded PayloadLength is longer than LongPacketMaxRxLength, reject packet*/
ARM GAS  C:\Users\NATHAN~1\AppData\Local\Temp\ccBdggxK.s 			page 17


 681:Middlewares/Third_Party/SubGHz_Phy/stm32_radio_driver/radio_fw.c ****     if (PayloadLength>RFWPacket.Init.LongPacketMaxRxLength)
 682:Middlewares/Third_Party/SubGHz_Phy/stm32_radio_driver/radio_fw.c ****     {
 683:Middlewares/Third_Party/SubGHz_Phy/stm32_radio_driver/radio_fw.c ****        SUBGRF_SetStandby( STDBY_RC );
 684:Middlewares/Third_Party/SubGHz_Phy/stm32_radio_driver/radio_fw.c ****        RFWPacket.Init.RadioEvents->RxError( );
 685:Middlewares/Third_Party/SubGHz_Phy/stm32_radio_driver/radio_fw.c ****        return;
 686:Middlewares/Third_Party/SubGHz_Phy/stm32_radio_driver/radio_fw.c ****     }
 687:Middlewares/Third_Party/SubGHz_Phy/stm32_radio_driver/radio_fw.c ****     if (packet_length<LONGPACKET_CHUNK_LENGTH_BYTES)
 688:Middlewares/Third_Party/SubGHz_Phy/stm32_radio_driver/radio_fw.c ****     {
 689:Middlewares/Third_Party/SubGHz_Phy/stm32_radio_driver/radio_fw.c ****       /* all in one chunks*/
 690:Middlewares/Third_Party/SubGHz_Phy/stm32_radio_driver/radio_fw.c ****       /* calcucate time to end of packet*/
 691:Middlewares/Third_Party/SubGHz_Phy/stm32_radio_driver/radio_fw.c ****       timeout = DIVC( (packet_length) * 8 * 1000 , RFWPacket.BitRate)+2;
 692:Middlewares/Third_Party/SubGHz_Phy/stm32_radio_driver/radio_fw.c ****       /**/
 693:Middlewares/Third_Party/SubGHz_Phy/stm32_radio_driver/radio_fw.c ****       /* start timer at the end of the packet*/
 694:Middlewares/Third_Party/SubGHz_Phy/stm32_radio_driver/radio_fw.c ****       RFW_MW_LOG( TS_ON, VLEVEL_M,  "end packet in %dms\r\n", timeout);
 695:Middlewares/Third_Party/SubGHz_Phy/stm32_radio_driver/radio_fw.c **** 
 696:Middlewares/Third_Party/SubGHz_Phy/stm32_radio_driver/radio_fw.c ****     }
 697:Middlewares/Third_Party/SubGHz_Phy/stm32_radio_driver/radio_fw.c ****     else if (packet_length<(3*LONGPACKET_CHUNK_LENGTH_BYTES/2))
 698:Middlewares/Third_Party/SubGHz_Phy/stm32_radio_driver/radio_fw.c ****     {
 699:Middlewares/Third_Party/SubGHz_Phy/stm32_radio_driver/radio_fw.c ****       /* packet contained in 2 chunks*/
 700:Middlewares/Third_Party/SubGHz_Phy/stm32_radio_driver/radio_fw.c ****       /* make sure that crc not cut in chunk*/
 701:Middlewares/Third_Party/SubGHz_Phy/stm32_radio_driver/radio_fw.c ****       timeout = DIVR( (packet_length * 8 * 1000)/2 , RFWPacket.BitRate);
 702:Middlewares/Third_Party/SubGHz_Phy/stm32_radio_driver/radio_fw.c ****     }
 703:Middlewares/Third_Party/SubGHz_Phy/stm32_radio_driver/radio_fw.c ****     else
 704:Middlewares/Third_Party/SubGHz_Phy/stm32_radio_driver/radio_fw.c ****     {
 705:Middlewares/Third_Party/SubGHz_Phy/stm32_radio_driver/radio_fw.c ****       /* packet contained in multiple chunk*/
 706:Middlewares/Third_Party/SubGHz_Phy/stm32_radio_driver/radio_fw.c ****       /* program radio timer for first chunk*/
 707:Middlewares/Third_Party/SubGHz_Phy/stm32_radio_driver/radio_fw.c ****       timeout = DIVR( LONGPACKET_CHUNK_LENGTH_BYTES * 8 * 1000 , RFWPacket.BitRate);
 708:Middlewares/Third_Party/SubGHz_Phy/stm32_radio_driver/radio_fw.c ****     }
 709:Middlewares/Third_Party/SubGHz_Phy/stm32_radio_driver/radio_fw.c ****     TimerSetValue( &RFWPacket.Timer, timeout );
 710:Middlewares/Third_Party/SubGHz_Phy/stm32_radio_driver/radio_fw.c ****     TimerStart( &RFWPacket.Timer);
 711:Middlewares/Third_Party/SubGHz_Phy/stm32_radio_driver/radio_fw.c ****   }
 712:Middlewares/Third_Party/SubGHz_Phy/stm32_radio_driver/radio_fw.c ****   else
 713:Middlewares/Third_Party/SubGHz_Phy/stm32_radio_driver/radio_fw.c ****   {
 714:Middlewares/Third_Party/SubGHz_Phy/stm32_radio_driver/radio_fw.c ****     /*timeout*/
 715:Middlewares/Third_Party/SubGHz_Phy/stm32_radio_driver/radio_fw.c ****     SUBGRF_SetStandby( STDBY_RC );
 716:Middlewares/Third_Party/SubGHz_Phy/stm32_radio_driver/radio_fw.c ****     RFWPacket.Init.RadioEvents->RxTimeout( );
 717:Middlewares/Third_Party/SubGHz_Phy/stm32_radio_driver/radio_fw.c ****   }
 718:Middlewares/Third_Party/SubGHz_Phy/stm32_radio_driver/radio_fw.c **** #endif
 719:Middlewares/Third_Party/SubGHz_Phy/stm32_radio_driver/radio_fw.c **** }
 254              		.loc 1 719 1 view .LVU37
 255 0000 7047     		bx	lr
 256              		.cfi_endproc
 257              	.LFE1001:
 259              		.section	.text.RFW_SetRadioModem,"ax",%progbits
 260              		.align	1
 261              		.global	RFW_SetRadioModem
 262              		.syntax unified
 263              		.thumb
 264              		.thumb_func
 266              	RFW_SetRadioModem:
 267              	.LVL9:
 268              	.LFB1002:
 720:Middlewares/Third_Party/SubGHz_Phy/stm32_radio_driver/radio_fw.c **** 
 721:Middlewares/Third_Party/SubGHz_Phy/stm32_radio_driver/radio_fw.c **** void RFW_SetRadioModem(RadioModems_t Modem)
 722:Middlewares/Third_Party/SubGHz_Phy/stm32_radio_driver/radio_fw.c **** {
 269              		.loc 1 722 1 view -0
 270              		.cfi_startproc
ARM GAS  C:\Users\NATHAN~1\AppData\Local\Temp\ccBdggxK.s 			page 18


 271              		@ args = 0, pretend = 0, frame = 0
 272              		@ frame_needed = 0, uses_anonymous_args = 0
 273              		@ link register save eliminated.
 723:Middlewares/Third_Party/SubGHz_Phy/stm32_radio_driver/radio_fw.c **** #if (RFW_ENABLE ==1 )
 724:Middlewares/Third_Party/SubGHz_Phy/stm32_radio_driver/radio_fw.c ****   RFWPacket.Init.Modem= Modem;
 725:Middlewares/Third_Party/SubGHz_Phy/stm32_radio_driver/radio_fw.c **** #endif
 726:Middlewares/Third_Party/SubGHz_Phy/stm32_radio_driver/radio_fw.c **** }
 274              		.loc 1 726 1 view .LVU39
 275 0000 7047     		bx	lr
 276              		.cfi_endproc
 277              	.LFE1002:
 279              		.text
 280              	.Letext0:
 281              		.file 2 "c:\\program files (x86)\\gnu arm embedded toolchain\\10 2021.10\\arm-none-eabi\\include\\
 282              		.file 3 "c:\\program files (x86)\\gnu arm embedded toolchain\\10 2021.10\\arm-none-eabi\\include\\
 283              		.file 4 "Utilities/timer/stm32_timer.h"
 284              		.file 5 "Middlewares/Third_Party/SubGHz_Phy/radio.h"
 285              		.file 6 "Middlewares/Third_Party/SubGHz_Phy/radio_ex.h"
 286              		.file 7 "Middlewares/Third_Party/SubGHz_Phy/stm32_radio_driver/radio_fw.h"
 287              		.file 8 "Drivers/STM32WLxx_HAL_Driver/Inc/stm32wlxx_ll_dma.h"
ARM GAS  C:\Users\NATHAN~1\AppData\Local\Temp\ccBdggxK.s 			page 19


DEFINED SYMBOLS
                            *ABS*:00000000 radio_fw.c
C:\Users\NATHAN~1\AppData\Local\Temp\ccBdggxK.s:18     .text.RFW_TransmitLongPacket:00000000 $t
C:\Users\NATHAN~1\AppData\Local\Temp\ccBdggxK.s:24     .text.RFW_TransmitLongPacket:00000000 RFW_TransmitLongPacket
C:\Users\NATHAN~1\AppData\Local\Temp\ccBdggxK.s:45     .text.RFW_ReceiveLongPacket:00000000 $t
C:\Users\NATHAN~1\AppData\Local\Temp\ccBdggxK.s:51     .text.RFW_ReceiveLongPacket:00000000 RFW_ReceiveLongPacket
C:\Users\NATHAN~1\AppData\Local\Temp\ccBdggxK.s:71     .text.RFW_Init:00000000 $t
C:\Users\NATHAN~1\AppData\Local\Temp\ccBdggxK.s:77     .text.RFW_Init:00000000 RFW_Init
C:\Users\NATHAN~1\AppData\Local\Temp\ccBdggxK.s:95     .text.RFW_DeInit:00000000 $t
C:\Users\NATHAN~1\AppData\Local\Temp\ccBdggxK.s:101    .text.RFW_DeInit:00000000 RFW_DeInit
C:\Users\NATHAN~1\AppData\Local\Temp\ccBdggxK.s:114    .text.RFW_Is_Init:00000000 $t
C:\Users\NATHAN~1\AppData\Local\Temp\ccBdggxK.s:120    .text.RFW_Is_Init:00000000 RFW_Is_Init
C:\Users\NATHAN~1\AppData\Local\Temp\ccBdggxK.s:135    .text.RFW_Is_LongPacketModeEnabled:00000000 $t
C:\Users\NATHAN~1\AppData\Local\Temp\ccBdggxK.s:141    .text.RFW_Is_LongPacketModeEnabled:00000000 RFW_Is_LongPacketModeEnabled
C:\Users\NATHAN~1\AppData\Local\Temp\ccBdggxK.s:156    .text.RFW_SetAntSwitch:00000000 $t
C:\Users\NATHAN~1\AppData\Local\Temp\ccBdggxK.s:162    .text.RFW_SetAntSwitch:00000000 RFW_SetAntSwitch
C:\Users\NATHAN~1\AppData\Local\Temp\ccBdggxK.s:176    .text.RFW_TransmitInit:00000000 $t
C:\Users\NATHAN~1\AppData\Local\Temp\ccBdggxK.s:182    .text.RFW_TransmitInit:00000000 RFW_TransmitInit
C:\Users\NATHAN~1\AppData\Local\Temp\ccBdggxK.s:201    .text.RFW_ReceiveInit:00000000 $t
C:\Users\NATHAN~1\AppData\Local\Temp\ccBdggxK.s:207    .text.RFW_ReceiveInit:00000000 RFW_ReceiveInit
C:\Users\NATHAN~1\AppData\Local\Temp\ccBdggxK.s:222    .text.RFW_DeInit_TxLongPacket:00000000 $t
C:\Users\NATHAN~1\AppData\Local\Temp\ccBdggxK.s:228    .text.RFW_DeInit_TxLongPacket:00000000 RFW_DeInit_TxLongPacket
C:\Users\NATHAN~1\AppData\Local\Temp\ccBdggxK.s:241    .text.RFW_ReceivePayload:00000000 $t
C:\Users\NATHAN~1\AppData\Local\Temp\ccBdggxK.s:247    .text.RFW_ReceivePayload:00000000 RFW_ReceivePayload
C:\Users\NATHAN~1\AppData\Local\Temp\ccBdggxK.s:260    .text.RFW_SetRadioModem:00000000 $t
C:\Users\NATHAN~1\AppData\Local\Temp\ccBdggxK.s:266    .text.RFW_SetRadioModem:00000000 RFW_SetRadioModem

NO UNDEFINED SYMBOLS
