ARM GAS  C:\Users\NATHAN~1\AppData\Local\Temp\cceIHm5G.s 			page 1


   1              		.cpu cortex-m4
   2              		.arch armv7e-m
   3              		.fpu softvfp
   4              		.eabi_attribute 20, 1
   5              		.eabi_attribute 21, 1
   6              		.eabi_attribute 23, 3
   7              		.eabi_attribute 24, 1
   8              		.eabi_attribute 25, 1
   9              		.eabi_attribute 26, 1
  10              		.eabi_attribute 30, 1
  11              		.eabi_attribute 34, 1
  12              		.eabi_attribute 18, 4
  13              		.file	"stm32wlxx_hal_dma_ex.c"
  14              		.text
  15              	.Ltext0:
  16              		.cfi_sections	.debug_frame
  17              		.section	.text.HAL_DMAEx_ConfigMuxSync,"ax",%progbits
  18              		.align	1
  19              		.global	HAL_DMAEx_ConfigMuxSync
  20              		.syntax unified
  21              		.thumb
  22              		.thumb_func
  24              	HAL_DMAEx_ConfigMuxSync:
  25              	.LVL0:
  26              	.LFB968:
  27              		.file 1 "Drivers/STM32WLxx_HAL_Driver/Src/stm32wlxx_hal_dma_ex.c"
   1:Drivers/STM32WLxx_HAL_Driver/Src/stm32wlxx_hal_dma_ex.c **** /**
   2:Drivers/STM32WLxx_HAL_Driver/Src/stm32wlxx_hal_dma_ex.c ****   ******************************************************************************
   3:Drivers/STM32WLxx_HAL_Driver/Src/stm32wlxx_hal_dma_ex.c ****   * @file    stm32wlxx_hal_dma_ex.c
   4:Drivers/STM32WLxx_HAL_Driver/Src/stm32wlxx_hal_dma_ex.c ****   * @author  MCD Application Team
   5:Drivers/STM32WLxx_HAL_Driver/Src/stm32wlxx_hal_dma_ex.c ****   * @brief   DMA Extension HAL module driver
   6:Drivers/STM32WLxx_HAL_Driver/Src/stm32wlxx_hal_dma_ex.c ****   *         This file provides firmware functions to manage the following
   7:Drivers/STM32WLxx_HAL_Driver/Src/stm32wlxx_hal_dma_ex.c ****   *         functionalities of the DMA Extension peripheral:
   8:Drivers/STM32WLxx_HAL_Driver/Src/stm32wlxx_hal_dma_ex.c ****   *           + Extended features functions
   9:Drivers/STM32WLxx_HAL_Driver/Src/stm32wlxx_hal_dma_ex.c ****   *
  10:Drivers/STM32WLxx_HAL_Driver/Src/stm32wlxx_hal_dma_ex.c ****   @verbatim
  11:Drivers/STM32WLxx_HAL_Driver/Src/stm32wlxx_hal_dma_ex.c ****   ==============================================================================
  12:Drivers/STM32WLxx_HAL_Driver/Src/stm32wlxx_hal_dma_ex.c ****                         ##### How to use this driver #####
  13:Drivers/STM32WLxx_HAL_Driver/Src/stm32wlxx_hal_dma_ex.c ****   ==============================================================================
  14:Drivers/STM32WLxx_HAL_Driver/Src/stm32wlxx_hal_dma_ex.c ****   [..]
  15:Drivers/STM32WLxx_HAL_Driver/Src/stm32wlxx_hal_dma_ex.c ****   The DMA Extension HAL driver can be used as follows:
  16:Drivers/STM32WLxx_HAL_Driver/Src/stm32wlxx_hal_dma_ex.c ****    (+) Configure the DMAMUX Synchronization Block using HAL_DMAEx_ConfigMuxSync function.
  17:Drivers/STM32WLxx_HAL_Driver/Src/stm32wlxx_hal_dma_ex.c ****    (+) Configure the DMAMUX Request Generator Block using HAL_DMAEx_ConfigMuxRequestGenerator funct
  18:Drivers/STM32WLxx_HAL_Driver/Src/stm32wlxx_hal_dma_ex.c ****        Functions HAL_DMAEx_EnableMuxRequestGenerator and HAL_DMAEx_DisableMuxRequestGenerator can t
  19:Drivers/STM32WLxx_HAL_Driver/Src/stm32wlxx_hal_dma_ex.c ****        to respectively enable/disable the request generator.
  20:Drivers/STM32WLxx_HAL_Driver/Src/stm32wlxx_hal_dma_ex.c **** 
  21:Drivers/STM32WLxx_HAL_Driver/Src/stm32wlxx_hal_dma_ex.c ****    (+) To handle the DMAMUX Interrupts, the function  HAL_DMAEx_MUX_IRQHandler should be called fro
  22:Drivers/STM32WLxx_HAL_Driver/Src/stm32wlxx_hal_dma_ex.c ****        the DMAMUX IRQ handler i.e DMAMUX1_OVR_IRQHandler.
  23:Drivers/STM32WLxx_HAL_Driver/Src/stm32wlxx_hal_dma_ex.c ****        As only one interrupt line is available for all DMAMUX channels and request generators , HAL
  24:Drivers/STM32WLxx_HAL_Driver/Src/stm32wlxx_hal_dma_ex.c ****        called with, as parameter, the appropriate DMA handle as many as used DMAs in the user proje
  25:Drivers/STM32WLxx_HAL_Driver/Src/stm32wlxx_hal_dma_ex.c ****       (exception done if a given DMA is not using the DMAMUX SYNC block neither a request generator
  26:Drivers/STM32WLxx_HAL_Driver/Src/stm32wlxx_hal_dma_ex.c **** 
  27:Drivers/STM32WLxx_HAL_Driver/Src/stm32wlxx_hal_dma_ex.c ****   @endverbatim
  28:Drivers/STM32WLxx_HAL_Driver/Src/stm32wlxx_hal_dma_ex.c ****   ******************************************************************************
  29:Drivers/STM32WLxx_HAL_Driver/Src/stm32wlxx_hal_dma_ex.c ****   * @attention
  30:Drivers/STM32WLxx_HAL_Driver/Src/stm32wlxx_hal_dma_ex.c ****   *
  31:Drivers/STM32WLxx_HAL_Driver/Src/stm32wlxx_hal_dma_ex.c ****   * <h2><center>&copy; Copyright (c) 2020 STMicroelectronics.
ARM GAS  C:\Users\NATHAN~1\AppData\Local\Temp\cceIHm5G.s 			page 2


  32:Drivers/STM32WLxx_HAL_Driver/Src/stm32wlxx_hal_dma_ex.c ****   * All rights reserved.</center></h2>
  33:Drivers/STM32WLxx_HAL_Driver/Src/stm32wlxx_hal_dma_ex.c ****   *
  34:Drivers/STM32WLxx_HAL_Driver/Src/stm32wlxx_hal_dma_ex.c ****   * This software component is licensed by ST under BSD 3-Clause license,
  35:Drivers/STM32WLxx_HAL_Driver/Src/stm32wlxx_hal_dma_ex.c ****   * the "License"; You may not use this file except in compliance with the
  36:Drivers/STM32WLxx_HAL_Driver/Src/stm32wlxx_hal_dma_ex.c ****   * License. You may obtain a copy of the License at:
  37:Drivers/STM32WLxx_HAL_Driver/Src/stm32wlxx_hal_dma_ex.c ****   *                        opensource.org/licenses/BSD-3-Clause
  38:Drivers/STM32WLxx_HAL_Driver/Src/stm32wlxx_hal_dma_ex.c ****   *
  39:Drivers/STM32WLxx_HAL_Driver/Src/stm32wlxx_hal_dma_ex.c ****   ******************************************************************************
  40:Drivers/STM32WLxx_HAL_Driver/Src/stm32wlxx_hal_dma_ex.c ****   */
  41:Drivers/STM32WLxx_HAL_Driver/Src/stm32wlxx_hal_dma_ex.c **** 
  42:Drivers/STM32WLxx_HAL_Driver/Src/stm32wlxx_hal_dma_ex.c **** /* Includes ------------------------------------------------------------------*/
  43:Drivers/STM32WLxx_HAL_Driver/Src/stm32wlxx_hal_dma_ex.c **** #include "stm32wlxx_hal.h"
  44:Drivers/STM32WLxx_HAL_Driver/Src/stm32wlxx_hal_dma_ex.c **** 
  45:Drivers/STM32WLxx_HAL_Driver/Src/stm32wlxx_hal_dma_ex.c **** /** @addtogroup STM32WLxx_HAL_Driver
  46:Drivers/STM32WLxx_HAL_Driver/Src/stm32wlxx_hal_dma_ex.c ****   * @{
  47:Drivers/STM32WLxx_HAL_Driver/Src/stm32wlxx_hal_dma_ex.c ****   */
  48:Drivers/STM32WLxx_HAL_Driver/Src/stm32wlxx_hal_dma_ex.c **** 
  49:Drivers/STM32WLxx_HAL_Driver/Src/stm32wlxx_hal_dma_ex.c **** /** @defgroup DMAEx DMAEx
  50:Drivers/STM32WLxx_HAL_Driver/Src/stm32wlxx_hal_dma_ex.c ****   * @brief DMA Extended HAL module driver
  51:Drivers/STM32WLxx_HAL_Driver/Src/stm32wlxx_hal_dma_ex.c ****   * @{
  52:Drivers/STM32WLxx_HAL_Driver/Src/stm32wlxx_hal_dma_ex.c ****   */
  53:Drivers/STM32WLxx_HAL_Driver/Src/stm32wlxx_hal_dma_ex.c **** 
  54:Drivers/STM32WLxx_HAL_Driver/Src/stm32wlxx_hal_dma_ex.c **** #ifdef HAL_DMA_MODULE_ENABLED
  55:Drivers/STM32WLxx_HAL_Driver/Src/stm32wlxx_hal_dma_ex.c **** 
  56:Drivers/STM32WLxx_HAL_Driver/Src/stm32wlxx_hal_dma_ex.c **** /* Private typedef -----------------------------------------------------------*/
  57:Drivers/STM32WLxx_HAL_Driver/Src/stm32wlxx_hal_dma_ex.c **** /* Private define ------------------------------------------------------------*/
  58:Drivers/STM32WLxx_HAL_Driver/Src/stm32wlxx_hal_dma_ex.c **** /* Private macro -------------------------------------------------------------*/
  59:Drivers/STM32WLxx_HAL_Driver/Src/stm32wlxx_hal_dma_ex.c **** /* Private variables ---------------------------------------------------------*/
  60:Drivers/STM32WLxx_HAL_Driver/Src/stm32wlxx_hal_dma_ex.c **** /* Private Constants ---------------------------------------------------------*/
  61:Drivers/STM32WLxx_HAL_Driver/Src/stm32wlxx_hal_dma_ex.c **** /* Private function prototypes -----------------------------------------------*/
  62:Drivers/STM32WLxx_HAL_Driver/Src/stm32wlxx_hal_dma_ex.c **** /* Exported functions --------------------------------------------------------*/
  63:Drivers/STM32WLxx_HAL_Driver/Src/stm32wlxx_hal_dma_ex.c **** 
  64:Drivers/STM32WLxx_HAL_Driver/Src/stm32wlxx_hal_dma_ex.c **** 
  65:Drivers/STM32WLxx_HAL_Driver/Src/stm32wlxx_hal_dma_ex.c **** /** @defgroup DMAEx_Exported_Functions DMAEx Exported Functions
  66:Drivers/STM32WLxx_HAL_Driver/Src/stm32wlxx_hal_dma_ex.c ****   * @{
  67:Drivers/STM32WLxx_HAL_Driver/Src/stm32wlxx_hal_dma_ex.c ****   */
  68:Drivers/STM32WLxx_HAL_Driver/Src/stm32wlxx_hal_dma_ex.c **** 
  69:Drivers/STM32WLxx_HAL_Driver/Src/stm32wlxx_hal_dma_ex.c **** /** @defgroup DMAEx_Exported_Functions_Group1 DMAEx Extended features functions
  70:Drivers/STM32WLxx_HAL_Driver/Src/stm32wlxx_hal_dma_ex.c ****  *  @brief   Extended features functions
  71:Drivers/STM32WLxx_HAL_Driver/Src/stm32wlxx_hal_dma_ex.c ****  *
  72:Drivers/STM32WLxx_HAL_Driver/Src/stm32wlxx_hal_dma_ex.c **** @verbatim
  73:Drivers/STM32WLxx_HAL_Driver/Src/stm32wlxx_hal_dma_ex.c ****  ===============================================================================
  74:Drivers/STM32WLxx_HAL_Driver/Src/stm32wlxx_hal_dma_ex.c ****                 #####  Extended features functions  #####
  75:Drivers/STM32WLxx_HAL_Driver/Src/stm32wlxx_hal_dma_ex.c ****  ===============================================================================
  76:Drivers/STM32WLxx_HAL_Driver/Src/stm32wlxx_hal_dma_ex.c ****     [..]  This section provides functions allowing to:
  77:Drivers/STM32WLxx_HAL_Driver/Src/stm32wlxx_hal_dma_ex.c **** 
  78:Drivers/STM32WLxx_HAL_Driver/Src/stm32wlxx_hal_dma_ex.c ****     (+) Configure the DMAMUX Synchronization Block using HAL_DMAEx_ConfigMuxSync function.
  79:Drivers/STM32WLxx_HAL_Driver/Src/stm32wlxx_hal_dma_ex.c ****     (+) Configure the DMAMUX Request Generator Block using HAL_DMAEx_ConfigMuxRequestGenerator func
  80:Drivers/STM32WLxx_HAL_Driver/Src/stm32wlxx_hal_dma_ex.c ****        Functions HAL_DMAEx_EnableMuxRequestGenerator and HAL_DMAEx_DisableMuxRequestGenerator can t
  81:Drivers/STM32WLxx_HAL_Driver/Src/stm32wlxx_hal_dma_ex.c ****        to respectively enable/disable the request generator.
  82:Drivers/STM32WLxx_HAL_Driver/Src/stm32wlxx_hal_dma_ex.c ****     (+) Handle DMAMUX interrupts using HAL_DMAEx_MUX_IRQHandler : should be called from
  83:Drivers/STM32WLxx_HAL_Driver/Src/stm32wlxx_hal_dma_ex.c ****         the DMAMUX IRQ handler
  84:Drivers/STM32WLxx_HAL_Driver/Src/stm32wlxx_hal_dma_ex.c **** 
  85:Drivers/STM32WLxx_HAL_Driver/Src/stm32wlxx_hal_dma_ex.c **** @endverbatim
  86:Drivers/STM32WLxx_HAL_Driver/Src/stm32wlxx_hal_dma_ex.c ****   * @{
  87:Drivers/STM32WLxx_HAL_Driver/Src/stm32wlxx_hal_dma_ex.c ****   */
  88:Drivers/STM32WLxx_HAL_Driver/Src/stm32wlxx_hal_dma_ex.c **** 
ARM GAS  C:\Users\NATHAN~1\AppData\Local\Temp\cceIHm5G.s 			page 3


  89:Drivers/STM32WLxx_HAL_Driver/Src/stm32wlxx_hal_dma_ex.c **** /**
  90:Drivers/STM32WLxx_HAL_Driver/Src/stm32wlxx_hal_dma_ex.c ****   * @brief Configure the DMAMUX synchronization parameters for a given DMA channel (instance).
  91:Drivers/STM32WLxx_HAL_Driver/Src/stm32wlxx_hal_dma_ex.c ****   * @param hdma Pointer to a DMA_HandleTypeDef structure that contains
  92:Drivers/STM32WLxx_HAL_Driver/Src/stm32wlxx_hal_dma_ex.c ****   *             the configuration information for the specified DMA channel.
  93:Drivers/STM32WLxx_HAL_Driver/Src/stm32wlxx_hal_dma_ex.c ****   * @param pSyncConfig Pointer to HAL_DMA_MuxSyncConfigTypeDef contains the DMAMUX synchronization 
  94:Drivers/STM32WLxx_HAL_Driver/Src/stm32wlxx_hal_dma_ex.c ****   * @retval HAL status
  95:Drivers/STM32WLxx_HAL_Driver/Src/stm32wlxx_hal_dma_ex.c ****   */
  96:Drivers/STM32WLxx_HAL_Driver/Src/stm32wlxx_hal_dma_ex.c **** HAL_StatusTypeDef HAL_DMAEx_ConfigMuxSync(DMA_HandleTypeDef *hdma, HAL_DMA_MuxSyncConfigTypeDef *pS
  97:Drivers/STM32WLxx_HAL_Driver/Src/stm32wlxx_hal_dma_ex.c **** {
  28              		.loc 1 97 1 view -0
  29              		.cfi_startproc
  30              		@ args = 0, pretend = 0, frame = 0
  31              		@ frame_needed = 0, uses_anonymous_args = 0
  32              		@ link register save eliminated.
  98:Drivers/STM32WLxx_HAL_Driver/Src/stm32wlxx_hal_dma_ex.c ****   /* Check the parameters */
  99:Drivers/STM32WLxx_HAL_Driver/Src/stm32wlxx_hal_dma_ex.c ****   assert_param(IS_DMA_ALL_INSTANCE(hdma->Instance));
  33              		.loc 1 99 3 view .LVU1
 100:Drivers/STM32WLxx_HAL_Driver/Src/stm32wlxx_hal_dma_ex.c **** 
 101:Drivers/STM32WLxx_HAL_Driver/Src/stm32wlxx_hal_dma_ex.c ****   assert_param(IS_DMAMUX_SYNC_SIGNAL_ID(pSyncConfig->SyncSignalID));
  34              		.loc 1 101 3 view .LVU2
 102:Drivers/STM32WLxx_HAL_Driver/Src/stm32wlxx_hal_dma_ex.c **** 
 103:Drivers/STM32WLxx_HAL_Driver/Src/stm32wlxx_hal_dma_ex.c ****   assert_param(IS_DMAMUX_SYNC_POLARITY(pSyncConfig-> SyncPolarity));
  35              		.loc 1 103 3 view .LVU3
 104:Drivers/STM32WLxx_HAL_Driver/Src/stm32wlxx_hal_dma_ex.c ****   assert_param(IS_DMAMUX_SYNC_STATE(pSyncConfig->SyncEnable));
  36              		.loc 1 104 3 view .LVU4
 105:Drivers/STM32WLxx_HAL_Driver/Src/stm32wlxx_hal_dma_ex.c ****   assert_param(IS_DMAMUX_SYNC_EVENT(pSyncConfig->EventEnable));
  37              		.loc 1 105 3 view .LVU5
 106:Drivers/STM32WLxx_HAL_Driver/Src/stm32wlxx_hal_dma_ex.c ****   assert_param(IS_DMAMUX_SYNC_REQUEST_NUMBER(pSyncConfig->RequestNumber));
  38              		.loc 1 106 3 view .LVU6
 107:Drivers/STM32WLxx_HAL_Driver/Src/stm32wlxx_hal_dma_ex.c **** 
 108:Drivers/STM32WLxx_HAL_Driver/Src/stm32wlxx_hal_dma_ex.c ****   /*Check if the DMA state is ready */
 109:Drivers/STM32WLxx_HAL_Driver/Src/stm32wlxx_hal_dma_ex.c ****   if (hdma->State == HAL_DMA_STATE_READY)
  39              		.loc 1 109 3 view .LVU7
  40              		.loc 1 109 11 is_stmt 0 view .LVU8
  41 0000 90F82530 		ldrb	r3, [r0, #37]	@ zero_extendqisi2
  42 0004 DBB2     		uxtb	r3, r3
  43              		.loc 1 109 6 view .LVU9
  44 0006 012B     		cmp	r3, #1
  45 0008 22D1     		bne	.L2
 110:Drivers/STM32WLxx_HAL_Driver/Src/stm32wlxx_hal_dma_ex.c ****   {
 111:Drivers/STM32WLxx_HAL_Driver/Src/stm32wlxx_hal_dma_ex.c ****     /* Process Locked */
 112:Drivers/STM32WLxx_HAL_Driver/Src/stm32wlxx_hal_dma_ex.c ****     __HAL_LOCK(hdma);
  46              		.loc 1 112 5 is_stmt 1 view .LVU10
  47              		.loc 1 112 5 view .LVU11
  48 000a 90F82430 		ldrb	r3, [r0, #36]	@ zero_extendqisi2
  49 000e 012B     		cmp	r3, #1
  50 0010 22D0     		beq	.L4
  97:Drivers/STM32WLxx_HAL_Driver/Src/stm32wlxx_hal_dma_ex.c ****   /* Check the parameters */
  51              		.loc 1 97 1 is_stmt 0 discriminator 2 view .LVU12
  52 0012 30B4     		push	{r4, r5}
  53              	.LCFI0:
  54              		.cfi_def_cfa_offset 8
  55              		.cfi_offset 4, -8
  56              		.cfi_offset 5, -4
  57              		.loc 1 112 5 is_stmt 1 discriminator 2 view .LVU13
  58 0014 0123     		movs	r3, #1
  59 0016 80F82430 		strb	r3, [r0, #36]
ARM GAS  C:\Users\NATHAN~1\AppData\Local\Temp\cceIHm5G.s 			page 4


  60              		.loc 1 112 5 discriminator 2 view .LVU14
 113:Drivers/STM32WLxx_HAL_Driver/Src/stm32wlxx_hal_dma_ex.c **** 
 114:Drivers/STM32WLxx_HAL_Driver/Src/stm32wlxx_hal_dma_ex.c ****     /* Set the new synchronization parameters (and keep the request ID filled during the Init)*/
 115:Drivers/STM32WLxx_HAL_Driver/Src/stm32wlxx_hal_dma_ex.c ****     MODIFY_REG(hdma->DMAmuxChannel->CCR, \
  61              		.loc 1 115 5 discriminator 2 view .LVU15
  62 001a 846C     		ldr	r4, [r0, #72]
  63 001c 2268     		ldr	r2, [r4]
  64 001e 02F07F02 		and	r2, r2, #127
  65 0022 0B68     		ldr	r3, [r1]
  66 0024 CD68     		ldr	r5, [r1, #12]
  67 0026 05F1FF3C 		add	ip, r5, #-1
  68 002a 43EACC43 		orr	r3, r3, ip, lsl #19
  69 002e 4D68     		ldr	r5, [r1, #4]
  70 0030 2B43     		orrs	r3, r3, r5
  71 0032 91F808C0 		ldrb	ip, [r1, #8]	@ zero_extendqisi2
  72 0036 43EA0C43 		orr	r3, r3, ip, lsl #16
  73 003a 497A     		ldrb	r1, [r1, #9]	@ zero_extendqisi2
  74              	.LVL1:
  75              		.loc 1 115 5 is_stmt 0 discriminator 2 view .LVU16
  76 003c 43EA4123 		orr	r3, r3, r1, lsl #9
  77 0040 1343     		orrs	r3, r3, r2
  78 0042 2360     		str	r3, [r4]
 116:Drivers/STM32WLxx_HAL_Driver/Src/stm32wlxx_hal_dma_ex.c ****                (~DMAMUX_CxCR_DMAREQ_ID), \
 117:Drivers/STM32WLxx_HAL_Driver/Src/stm32wlxx_hal_dma_ex.c ****                (pSyncConfig->SyncSignalID | ((pSyncConfig->RequestNumber - 1U) << DMAMUX_CxCR_NBREQ
 118:Drivers/STM32WLxx_HAL_Driver/Src/stm32wlxx_hal_dma_ex.c ****                 pSyncConfig->SyncPolarity | ((uint32_t)pSyncConfig->SyncEnable << DMAMUX_CxCR_SE_Po
 119:Drivers/STM32WLxx_HAL_Driver/Src/stm32wlxx_hal_dma_ex.c ****                 ((uint32_t)pSyncConfig->EventEnable << DMAMUX_CxCR_EGE_Pos)));
 120:Drivers/STM32WLxx_HAL_Driver/Src/stm32wlxx_hal_dma_ex.c **** 
 121:Drivers/STM32WLxx_HAL_Driver/Src/stm32wlxx_hal_dma_ex.c ****     /* Process UnLocked */
 122:Drivers/STM32WLxx_HAL_Driver/Src/stm32wlxx_hal_dma_ex.c ****     __HAL_UNLOCK(hdma);
  79              		.loc 1 122 5 is_stmt 1 discriminator 2 view .LVU17
  80              		.loc 1 122 5 discriminator 2 view .LVU18
  81 0044 0023     		movs	r3, #0
  82 0046 80F82430 		strb	r3, [r0, #36]
  83              		.loc 1 122 5 discriminator 2 view .LVU19
 123:Drivers/STM32WLxx_HAL_Driver/Src/stm32wlxx_hal_dma_ex.c **** 
 124:Drivers/STM32WLxx_HAL_Driver/Src/stm32wlxx_hal_dma_ex.c ****     return HAL_OK;
  84              		.loc 1 124 5 discriminator 2 view .LVU20
  85              		.loc 1 124 12 is_stmt 0 discriminator 2 view .LVU21
  86 004a 1846     		mov	r0, r3
  87              	.LVL2:
 125:Drivers/STM32WLxx_HAL_Driver/Src/stm32wlxx_hal_dma_ex.c ****   }
 126:Drivers/STM32WLxx_HAL_Driver/Src/stm32wlxx_hal_dma_ex.c ****   else
 127:Drivers/STM32WLxx_HAL_Driver/Src/stm32wlxx_hal_dma_ex.c ****   {
 128:Drivers/STM32WLxx_HAL_Driver/Src/stm32wlxx_hal_dma_ex.c ****     /* Set the error code to busy */
 129:Drivers/STM32WLxx_HAL_Driver/Src/stm32wlxx_hal_dma_ex.c ****     hdma->ErrorCode = HAL_DMA_ERROR_BUSY;
 130:Drivers/STM32WLxx_HAL_Driver/Src/stm32wlxx_hal_dma_ex.c **** 
 131:Drivers/STM32WLxx_HAL_Driver/Src/stm32wlxx_hal_dma_ex.c ****     /* Return error status */
 132:Drivers/STM32WLxx_HAL_Driver/Src/stm32wlxx_hal_dma_ex.c ****     return HAL_ERROR;
 133:Drivers/STM32WLxx_HAL_Driver/Src/stm32wlxx_hal_dma_ex.c ****   }
 134:Drivers/STM32WLxx_HAL_Driver/Src/stm32wlxx_hal_dma_ex.c **** }
  88              		.loc 1 134 1 discriminator 2 view .LVU22
  89 004c 30BC     		pop	{r4, r5}
  90              	.LCFI1:
  91              		.cfi_restore 5
  92              		.cfi_restore 4
  93              		.cfi_def_cfa_offset 0
  94 004e 7047     		bx	lr
ARM GAS  C:\Users\NATHAN~1\AppData\Local\Temp\cceIHm5G.s 			page 5


  95              	.LVL3:
  96              	.L2:
 129:Drivers/STM32WLxx_HAL_Driver/Src/stm32wlxx_hal_dma_ex.c **** 
  97              		.loc 1 129 5 is_stmt 1 view .LVU23
 129:Drivers/STM32WLxx_HAL_Driver/Src/stm32wlxx_hal_dma_ex.c **** 
  98              		.loc 1 129 21 is_stmt 0 view .LVU24
  99 0050 8023     		movs	r3, #128
 100 0052 C363     		str	r3, [r0, #60]
 132:Drivers/STM32WLxx_HAL_Driver/Src/stm32wlxx_hal_dma_ex.c ****   }
 101              		.loc 1 132 5 is_stmt 1 view .LVU25
 132:Drivers/STM32WLxx_HAL_Driver/Src/stm32wlxx_hal_dma_ex.c ****   }
 102              		.loc 1 132 12 is_stmt 0 view .LVU26
 103 0054 0120     		movs	r0, #1
 104              	.LVL4:
 132:Drivers/STM32WLxx_HAL_Driver/Src/stm32wlxx_hal_dma_ex.c ****   }
 105              		.loc 1 132 12 view .LVU27
 106 0056 7047     		bx	lr
 107              	.LVL5:
 108              	.L4:
 112:Drivers/STM32WLxx_HAL_Driver/Src/stm32wlxx_hal_dma_ex.c **** 
 109              		.loc 1 112 5 view .LVU28
 110 0058 0220     		movs	r0, #2
 111              	.LVL6:
 112              		.loc 1 134 1 view .LVU29
 113 005a 7047     		bx	lr
 114              		.cfi_endproc
 115              	.LFE968:
 117              		.section	.text.HAL_DMAEx_ConfigMuxRequestGenerator,"ax",%progbits
 118              		.align	1
 119              		.global	HAL_DMAEx_ConfigMuxRequestGenerator
 120              		.syntax unified
 121              		.thumb
 122              		.thumb_func
 124              	HAL_DMAEx_ConfigMuxRequestGenerator:
 125              	.LVL7:
 126              	.LFB969:
 135:Drivers/STM32WLxx_HAL_Driver/Src/stm32wlxx_hal_dma_ex.c **** 
 136:Drivers/STM32WLxx_HAL_Driver/Src/stm32wlxx_hal_dma_ex.c **** /**
 137:Drivers/STM32WLxx_HAL_Driver/Src/stm32wlxx_hal_dma_ex.c ****   * @brief Configure the DMAMUX request generator block used by the given DMA channel (instance).
 138:Drivers/STM32WLxx_HAL_Driver/Src/stm32wlxx_hal_dma_ex.c ****   * @param hdma Pointer to a DMA_HandleTypeDef structure that contains
 139:Drivers/STM32WLxx_HAL_Driver/Src/stm32wlxx_hal_dma_ex.c ****   *             the configuration information for the specified DMA channel.
 140:Drivers/STM32WLxx_HAL_Driver/Src/stm32wlxx_hal_dma_ex.c ****   * @param pRequestGeneratorConfig Pointer to HAL_DMA_MuxRequestGeneratorConfigTypeDef
 141:Drivers/STM32WLxx_HAL_Driver/Src/stm32wlxx_hal_dma_ex.c ****   *                                contains the request generator parameters.
 142:Drivers/STM32WLxx_HAL_Driver/Src/stm32wlxx_hal_dma_ex.c ****   *
 143:Drivers/STM32WLxx_HAL_Driver/Src/stm32wlxx_hal_dma_ex.c ****   * @retval HAL status
 144:Drivers/STM32WLxx_HAL_Driver/Src/stm32wlxx_hal_dma_ex.c ****   */
 145:Drivers/STM32WLxx_HAL_Driver/Src/stm32wlxx_hal_dma_ex.c **** HAL_StatusTypeDef HAL_DMAEx_ConfigMuxRequestGenerator(DMA_HandleTypeDef *hdma, HAL_DMA_MuxRequestGe
 146:Drivers/STM32WLxx_HAL_Driver/Src/stm32wlxx_hal_dma_ex.c **** {
 127              		.loc 1 146 1 is_stmt 1 view -0
 128              		.cfi_startproc
 129              		@ args = 0, pretend = 0, frame = 0
 130              		@ frame_needed = 0, uses_anonymous_args = 0
 131              		@ link register save eliminated.
 147:Drivers/STM32WLxx_HAL_Driver/Src/stm32wlxx_hal_dma_ex.c ****   HAL_StatusTypeDef status;
 132              		.loc 1 147 3 view .LVU31
 148:Drivers/STM32WLxx_HAL_Driver/Src/stm32wlxx_hal_dma_ex.c ****   HAL_DMA_StateTypeDef temp_state = hdma->State;
 133              		.loc 1 148 3 view .LVU32
ARM GAS  C:\Users\NATHAN~1\AppData\Local\Temp\cceIHm5G.s 			page 6


 134              		.loc 1 148 24 is_stmt 0 view .LVU33
 135 0000 90F82530 		ldrb	r3, [r0, #37]	@ zero_extendqisi2
 136              	.LVL8:
 149:Drivers/STM32WLxx_HAL_Driver/Src/stm32wlxx_hal_dma_ex.c **** 
 150:Drivers/STM32WLxx_HAL_Driver/Src/stm32wlxx_hal_dma_ex.c ****   /* Check the parameters */
 151:Drivers/STM32WLxx_HAL_Driver/Src/stm32wlxx_hal_dma_ex.c ****   assert_param(IS_DMA_ALL_INSTANCE(hdma->Instance));
 137              		.loc 1 151 3 is_stmt 1 view .LVU34
 152:Drivers/STM32WLxx_HAL_Driver/Src/stm32wlxx_hal_dma_ex.c **** 
 153:Drivers/STM32WLxx_HAL_Driver/Src/stm32wlxx_hal_dma_ex.c ****   assert_param(IS_DMAMUX_REQUEST_GEN_SIGNAL_ID(pRequestGeneratorConfig->SignalID));
 138              		.loc 1 153 3 view .LVU35
 154:Drivers/STM32WLxx_HAL_Driver/Src/stm32wlxx_hal_dma_ex.c **** 
 155:Drivers/STM32WLxx_HAL_Driver/Src/stm32wlxx_hal_dma_ex.c ****   assert_param(IS_DMAMUX_REQUEST_GEN_POLARITY(pRequestGeneratorConfig->Polarity));
 139              		.loc 1 155 3 view .LVU36
 156:Drivers/STM32WLxx_HAL_Driver/Src/stm32wlxx_hal_dma_ex.c ****   assert_param(IS_DMAMUX_REQUEST_GEN_REQUEST_NUMBER(pRequestGeneratorConfig->RequestNumber));
 140              		.loc 1 156 3 view .LVU37
 157:Drivers/STM32WLxx_HAL_Driver/Src/stm32wlxx_hal_dma_ex.c **** 
 158:Drivers/STM32WLxx_HAL_Driver/Src/stm32wlxx_hal_dma_ex.c ****   /* check if the DMA state is ready
 159:Drivers/STM32WLxx_HAL_Driver/Src/stm32wlxx_hal_dma_ex.c ****      and DMA is using a DMAMUX request generator block
 160:Drivers/STM32WLxx_HAL_Driver/Src/stm32wlxx_hal_dma_ex.c ****   */
 161:Drivers/STM32WLxx_HAL_Driver/Src/stm32wlxx_hal_dma_ex.c ****   if (hdma->DMAmuxRequestGen == 0U)
 141              		.loc 1 161 3 view .LVU38
 142              		.loc 1 161 11 is_stmt 0 view .LVU39
 143 0004 426D     		ldr	r2, [r0, #84]
 144              		.loc 1 161 6 view .LVU40
 145 0006 62B1     		cbz	r2, .L17
 146:Drivers/STM32WLxx_HAL_Driver/Src/stm32wlxx_hal_dma_ex.c ****   HAL_StatusTypeDef status;
 146              		.loc 1 146 1 view .LVU41
 147 0008 10B4     		push	{r4}
 148              	.LCFI2:
 149              		.cfi_def_cfa_offset 4
 150              		.cfi_offset 4, -4
 151 000a DBB2     		uxtb	r3, r3
 162:Drivers/STM32WLxx_HAL_Driver/Src/stm32wlxx_hal_dma_ex.c ****   {
 163:Drivers/STM32WLxx_HAL_Driver/Src/stm32wlxx_hal_dma_ex.c ****     /* Set the error code to busy */
 164:Drivers/STM32WLxx_HAL_Driver/Src/stm32wlxx_hal_dma_ex.c ****     hdma->ErrorCode = HAL_DMA_ERROR_PARAM;
 165:Drivers/STM32WLxx_HAL_Driver/Src/stm32wlxx_hal_dma_ex.c **** 
 166:Drivers/STM32WLxx_HAL_Driver/Src/stm32wlxx_hal_dma_ex.c ****     /* error status */
 167:Drivers/STM32WLxx_HAL_Driver/Src/stm32wlxx_hal_dma_ex.c ****     status = HAL_ERROR;
 168:Drivers/STM32WLxx_HAL_Driver/Src/stm32wlxx_hal_dma_ex.c ****   }
 169:Drivers/STM32WLxx_HAL_Driver/Src/stm32wlxx_hal_dma_ex.c ****   else if (((hdma->DMAmuxRequestGen->RGCR & DMAMUX_RGxCR_GE) == 0U) && (temp_state == HAL_DMA_STATE
 152              		.loc 1 169 8 is_stmt 1 view .LVU42
 153              		.loc 1 169 36 is_stmt 0 view .LVU43
 154 000c 1468     		ldr	r4, [r2]
 155              		.loc 1 169 11 view .LVU44
 156 000e 14F4803F 		tst	r4, #65536
 157 0012 01D1     		bne	.L12
 158              		.loc 1 169 69 discriminator 1 view .LVU45
 159 0014 012B     		cmp	r3, #1
 160 0016 08D0     		beq	.L18
 161              	.L12:
 170:Drivers/STM32WLxx_HAL_Driver/Src/stm32wlxx_hal_dma_ex.c ****   {
 171:Drivers/STM32WLxx_HAL_Driver/Src/stm32wlxx_hal_dma_ex.c ****     /* RequestGenerator must be disable prior to the configuration i.e GE bit is 0 */
 172:Drivers/STM32WLxx_HAL_Driver/Src/stm32wlxx_hal_dma_ex.c **** 
 173:Drivers/STM32WLxx_HAL_Driver/Src/stm32wlxx_hal_dma_ex.c ****     /* Process Locked */
 174:Drivers/STM32WLxx_HAL_Driver/Src/stm32wlxx_hal_dma_ex.c ****     __HAL_LOCK(hdma);
 175:Drivers/STM32WLxx_HAL_Driver/Src/stm32wlxx_hal_dma_ex.c **** 
 176:Drivers/STM32WLxx_HAL_Driver/Src/stm32wlxx_hal_dma_ex.c ****     /* Set the request generator new parameters*/
ARM GAS  C:\Users\NATHAN~1\AppData\Local\Temp\cceIHm5G.s 			page 7


 177:Drivers/STM32WLxx_HAL_Driver/Src/stm32wlxx_hal_dma_ex.c ****     hdma->DMAmuxRequestGen->RGCR = pRequestGeneratorConfig->SignalID | \
 178:Drivers/STM32WLxx_HAL_Driver/Src/stm32wlxx_hal_dma_ex.c ****                                    ((pRequestGeneratorConfig->RequestNumber - 1U) << DMAMUX_RGxCR_G
 179:Drivers/STM32WLxx_HAL_Driver/Src/stm32wlxx_hal_dma_ex.c ****                                    pRequestGeneratorConfig->Polarity;
 180:Drivers/STM32WLxx_HAL_Driver/Src/stm32wlxx_hal_dma_ex.c ****     /* Process UnLocked */
 181:Drivers/STM32WLxx_HAL_Driver/Src/stm32wlxx_hal_dma_ex.c ****     __HAL_UNLOCK(hdma);
 182:Drivers/STM32WLxx_HAL_Driver/Src/stm32wlxx_hal_dma_ex.c **** 
 183:Drivers/STM32WLxx_HAL_Driver/Src/stm32wlxx_hal_dma_ex.c ****     return HAL_OK;
 184:Drivers/STM32WLxx_HAL_Driver/Src/stm32wlxx_hal_dma_ex.c ****   }
 185:Drivers/STM32WLxx_HAL_Driver/Src/stm32wlxx_hal_dma_ex.c ****   else
 186:Drivers/STM32WLxx_HAL_Driver/Src/stm32wlxx_hal_dma_ex.c ****   {
 187:Drivers/STM32WLxx_HAL_Driver/Src/stm32wlxx_hal_dma_ex.c ****     /* Set the error code to busy */
 188:Drivers/STM32WLxx_HAL_Driver/Src/stm32wlxx_hal_dma_ex.c ****     hdma->ErrorCode = HAL_DMA_ERROR_BUSY;
 162              		.loc 1 188 5 is_stmt 1 view .LVU46
 163              		.loc 1 188 21 is_stmt 0 view .LVU47
 164 0018 8023     		movs	r3, #128
 165              	.LVL9:
 166              		.loc 1 188 21 view .LVU48
 167 001a C363     		str	r3, [r0, #60]
 189:Drivers/STM32WLxx_HAL_Driver/Src/stm32wlxx_hal_dma_ex.c **** 
 190:Drivers/STM32WLxx_HAL_Driver/Src/stm32wlxx_hal_dma_ex.c ****     /* error status */
 191:Drivers/STM32WLxx_HAL_Driver/Src/stm32wlxx_hal_dma_ex.c ****     status = HAL_ERROR;
 168              		.loc 1 191 5 is_stmt 1 view .LVU49
 169              	.LVL10:
 192:Drivers/STM32WLxx_HAL_Driver/Src/stm32wlxx_hal_dma_ex.c ****   }
 193:Drivers/STM32WLxx_HAL_Driver/Src/stm32wlxx_hal_dma_ex.c **** 
 194:Drivers/STM32WLxx_HAL_Driver/Src/stm32wlxx_hal_dma_ex.c ****   return status;
 170              		.loc 1 194 10 is_stmt 0 view .LVU50
 171 001c 0120     		movs	r0, #1
 172              	.LVL11:
 173              	.L11:
 195:Drivers/STM32WLxx_HAL_Driver/Src/stm32wlxx_hal_dma_ex.c **** }
 174              		.loc 1 195 1 view .LVU51
 175 001e 10BC     		pop	{r4}
 176              	.LCFI3:
 177              		.cfi_restore 4
 178              		.cfi_def_cfa_offset 0
 179 0020 7047     		bx	lr
 180              	.LVL12:
 181              	.L17:
 164:Drivers/STM32WLxx_HAL_Driver/Src/stm32wlxx_hal_dma_ex.c **** 
 182              		.loc 1 164 5 is_stmt 1 view .LVU52
 164:Drivers/STM32WLxx_HAL_Driver/Src/stm32wlxx_hal_dma_ex.c **** 
 183              		.loc 1 164 21 is_stmt 0 view .LVU53
 184 0022 4023     		movs	r3, #64
 185              	.LVL13:
 164:Drivers/STM32WLxx_HAL_Driver/Src/stm32wlxx_hal_dma_ex.c **** 
 186              		.loc 1 164 21 view .LVU54
 187 0024 C363     		str	r3, [r0, #60]
 167:Drivers/STM32WLxx_HAL_Driver/Src/stm32wlxx_hal_dma_ex.c ****   }
 188              		.loc 1 167 5 is_stmt 1 view .LVU55
 189              	.LVL14:
 194:Drivers/STM32WLxx_HAL_Driver/Src/stm32wlxx_hal_dma_ex.c **** }
 190              		.loc 1 194 10 is_stmt 0 view .LVU56
 191 0026 0120     		movs	r0, #1
 192              	.LVL15:
 193              		.loc 1 195 1 view .LVU57
 194 0028 7047     		bx	lr
ARM GAS  C:\Users\NATHAN~1\AppData\Local\Temp\cceIHm5G.s 			page 8


 195              	.LVL16:
 196              	.L18:
 197              	.LCFI4:
 198              		.cfi_def_cfa_offset 4
 199              		.cfi_offset 4, -4
 174:Drivers/STM32WLxx_HAL_Driver/Src/stm32wlxx_hal_dma_ex.c **** 
 200              		.loc 1 174 5 is_stmt 1 view .LVU58
 174:Drivers/STM32WLxx_HAL_Driver/Src/stm32wlxx_hal_dma_ex.c **** 
 201              		.loc 1 174 5 view .LVU59
 202 002a 90F82430 		ldrb	r3, [r0, #36]	@ zero_extendqisi2
 203              	.LVL17:
 174:Drivers/STM32WLxx_HAL_Driver/Src/stm32wlxx_hal_dma_ex.c **** 
 204              		.loc 1 174 5 is_stmt 0 view .LVU60
 205 002e 012B     		cmp	r3, #1
 206 0030 0FD0     		beq	.L13
 174:Drivers/STM32WLxx_HAL_Driver/Src/stm32wlxx_hal_dma_ex.c **** 
 207              		.loc 1 174 5 is_stmt 1 discriminator 2 view .LVU61
 208 0032 0123     		movs	r3, #1
 209 0034 80F82430 		strb	r3, [r0, #36]
 174:Drivers/STM32WLxx_HAL_Driver/Src/stm32wlxx_hal_dma_ex.c **** 
 210              		.loc 1 174 5 discriminator 2 view .LVU62
 177:Drivers/STM32WLxx_HAL_Driver/Src/stm32wlxx_hal_dma_ex.c ****                                    ((pRequestGeneratorConfig->RequestNumber - 1U) << DMAMUX_RGxCR_G
 211              		.loc 1 177 5 discriminator 2 view .LVU63
 177:Drivers/STM32WLxx_HAL_Driver/Src/stm32wlxx_hal_dma_ex.c ****                                    ((pRequestGeneratorConfig->RequestNumber - 1U) << DMAMUX_RGxCR_G
 212              		.loc 1 177 59 is_stmt 0 discriminator 2 view .LVU64
 213 0038 0B68     		ldr	r3, [r1]
 178:Drivers/STM32WLxx_HAL_Driver/Src/stm32wlxx_hal_dma_ex.c ****                                    pRequestGeneratorConfig->Polarity;
 214              		.loc 1 178 61 discriminator 2 view .LVU65
 215 003a 8C68     		ldr	r4, [r1, #8]
 178:Drivers/STM32WLxx_HAL_Driver/Src/stm32wlxx_hal_dma_ex.c ****                                    pRequestGeneratorConfig->Polarity;
 216              		.loc 1 178 77 discriminator 2 view .LVU66
 217 003c 013C     		subs	r4, r4, #1
 177:Drivers/STM32WLxx_HAL_Driver/Src/stm32wlxx_hal_dma_ex.c ****                                    ((pRequestGeneratorConfig->RequestNumber - 1U) << DMAMUX_RGxCR_G
 218              		.loc 1 177 70 discriminator 2 view .LVU67
 219 003e 43EAC443 		orr	r3, r3, r4, lsl #19
 179:Drivers/STM32WLxx_HAL_Driver/Src/stm32wlxx_hal_dma_ex.c ****     /* Process UnLocked */
 220              		.loc 1 179 59 discriminator 2 view .LVU68
 221 0042 4968     		ldr	r1, [r1, #4]
 222              	.LVL18:
 178:Drivers/STM32WLxx_HAL_Driver/Src/stm32wlxx_hal_dma_ex.c ****                                    pRequestGeneratorConfig->Polarity;
 223              		.loc 1 178 111 discriminator 2 view .LVU69
 224 0044 0B43     		orrs	r3, r3, r1
 177:Drivers/STM32WLxx_HAL_Driver/Src/stm32wlxx_hal_dma_ex.c ****                                    ((pRequestGeneratorConfig->RequestNumber - 1U) << DMAMUX_RGxCR_G
 225              		.loc 1 177 34 discriminator 2 view .LVU70
 226 0046 1360     		str	r3, [r2]
 181:Drivers/STM32WLxx_HAL_Driver/Src/stm32wlxx_hal_dma_ex.c **** 
 227              		.loc 1 181 5 is_stmt 1 discriminator 2 view .LVU71
 181:Drivers/STM32WLxx_HAL_Driver/Src/stm32wlxx_hal_dma_ex.c **** 
 228              		.loc 1 181 5 discriminator 2 view .LVU72
 229 0048 0023     		movs	r3, #0
 230 004a 80F82430 		strb	r3, [r0, #36]
 181:Drivers/STM32WLxx_HAL_Driver/Src/stm32wlxx_hal_dma_ex.c **** 
 231              		.loc 1 181 5 discriminator 2 view .LVU73
 183:Drivers/STM32WLxx_HAL_Driver/Src/stm32wlxx_hal_dma_ex.c ****   }
 232              		.loc 1 183 5 discriminator 2 view .LVU74
 183:Drivers/STM32WLxx_HAL_Driver/Src/stm32wlxx_hal_dma_ex.c ****   }
 233              		.loc 1 183 12 is_stmt 0 discriminator 2 view .LVU75
ARM GAS  C:\Users\NATHAN~1\AppData\Local\Temp\cceIHm5G.s 			page 9


 234 004e 1846     		mov	r0, r3
 235              	.LVL19:
 183:Drivers/STM32WLxx_HAL_Driver/Src/stm32wlxx_hal_dma_ex.c ****   }
 236              		.loc 1 183 12 discriminator 2 view .LVU76
 237 0050 E5E7     		b	.L11
 238              	.LVL20:
 239              	.L13:
 174:Drivers/STM32WLxx_HAL_Driver/Src/stm32wlxx_hal_dma_ex.c **** 
 240              		.loc 1 174 5 view .LVU77
 241 0052 0220     		movs	r0, #2
 242              	.LVL21:
 174:Drivers/STM32WLxx_HAL_Driver/Src/stm32wlxx_hal_dma_ex.c **** 
 243              		.loc 1 174 5 view .LVU78
 244 0054 E3E7     		b	.L11
 245              		.cfi_endproc
 246              	.LFE969:
 248              		.section	.text.HAL_DMAEx_EnableMuxRequestGenerator,"ax",%progbits
 249              		.align	1
 250              		.global	HAL_DMAEx_EnableMuxRequestGenerator
 251              		.syntax unified
 252              		.thumb
 253              		.thumb_func
 255              	HAL_DMAEx_EnableMuxRequestGenerator:
 256              	.LVL22:
 257              	.LFB970:
 196:Drivers/STM32WLxx_HAL_Driver/Src/stm32wlxx_hal_dma_ex.c **** 
 197:Drivers/STM32WLxx_HAL_Driver/Src/stm32wlxx_hal_dma_ex.c **** /**
 198:Drivers/STM32WLxx_HAL_Driver/Src/stm32wlxx_hal_dma_ex.c ****   * @brief Enable the DMAMUX request generator block used by the given DMA channel (instance).
 199:Drivers/STM32WLxx_HAL_Driver/Src/stm32wlxx_hal_dma_ex.c ****   * @param hdma Pointer to a DMA_HandleTypeDef structure that contains
 200:Drivers/STM32WLxx_HAL_Driver/Src/stm32wlxx_hal_dma_ex.c ****   *             the configuration information for the specified DMA channel.
 201:Drivers/STM32WLxx_HAL_Driver/Src/stm32wlxx_hal_dma_ex.c ****   * @retval HAL status
 202:Drivers/STM32WLxx_HAL_Driver/Src/stm32wlxx_hal_dma_ex.c ****   */
 203:Drivers/STM32WLxx_HAL_Driver/Src/stm32wlxx_hal_dma_ex.c **** HAL_StatusTypeDef HAL_DMAEx_EnableMuxRequestGenerator(DMA_HandleTypeDef *hdma)
 204:Drivers/STM32WLxx_HAL_Driver/Src/stm32wlxx_hal_dma_ex.c **** {
 258              		.loc 1 204 1 is_stmt 1 view -0
 259              		.cfi_startproc
 260              		@ args = 0, pretend = 0, frame = 0
 261              		@ frame_needed = 0, uses_anonymous_args = 0
 262              		@ link register save eliminated.
 205:Drivers/STM32WLxx_HAL_Driver/Src/stm32wlxx_hal_dma_ex.c ****   /* Check the parameters */
 206:Drivers/STM32WLxx_HAL_Driver/Src/stm32wlxx_hal_dma_ex.c ****   assert_param(IS_DMA_ALL_INSTANCE(hdma->Instance));
 263              		.loc 1 206 3 view .LVU80
 207:Drivers/STM32WLxx_HAL_Driver/Src/stm32wlxx_hal_dma_ex.c **** 
 208:Drivers/STM32WLxx_HAL_Driver/Src/stm32wlxx_hal_dma_ex.c ****   /* check if the DMA state is ready
 209:Drivers/STM32WLxx_HAL_Driver/Src/stm32wlxx_hal_dma_ex.c ****      and DMA is using a DMAMUX request generator block
 210:Drivers/STM32WLxx_HAL_Driver/Src/stm32wlxx_hal_dma_ex.c ****   */
 211:Drivers/STM32WLxx_HAL_Driver/Src/stm32wlxx_hal_dma_ex.c ****   if ((hdma->State != HAL_DMA_STATE_RESET) && (hdma->DMAmuxRequestGen != 0))
 264              		.loc 1 211 3 view .LVU81
 265              		.loc 1 211 12 is_stmt 0 view .LVU82
 266 0000 90F82530 		ldrb	r3, [r0, #37]	@ zero_extendqisi2
 267              		.loc 1 211 6 view .LVU83
 268 0004 3BB1     		cbz	r3, .L21
 269              		.loc 1 211 52 discriminator 1 view .LVU84
 270 0006 436D     		ldr	r3, [r0, #84]
 271              		.loc 1 211 44 discriminator 1 view .LVU85
 272 0008 3BB1     		cbz	r3, .L22
 212:Drivers/STM32WLxx_HAL_Driver/Src/stm32wlxx_hal_dma_ex.c ****   {
ARM GAS  C:\Users\NATHAN~1\AppData\Local\Temp\cceIHm5G.s 			page 10


 213:Drivers/STM32WLxx_HAL_Driver/Src/stm32wlxx_hal_dma_ex.c **** 
 214:Drivers/STM32WLxx_HAL_Driver/Src/stm32wlxx_hal_dma_ex.c ****     /* Enable the request generator*/
 215:Drivers/STM32WLxx_HAL_Driver/Src/stm32wlxx_hal_dma_ex.c ****     hdma->DMAmuxRequestGen->RGCR |= DMAMUX_RGxCR_GE;
 273              		.loc 1 215 5 is_stmt 1 view .LVU86
 274              		.loc 1 215 34 is_stmt 0 view .LVU87
 275 000a 1A68     		ldr	r2, [r3]
 276 000c 42F48032 		orr	r2, r2, #65536
 277 0010 1A60     		str	r2, [r3]
 216:Drivers/STM32WLxx_HAL_Driver/Src/stm32wlxx_hal_dma_ex.c **** 
 217:Drivers/STM32WLxx_HAL_Driver/Src/stm32wlxx_hal_dma_ex.c ****     return HAL_OK;
 278              		.loc 1 217 5 is_stmt 1 view .LVU88
 279              		.loc 1 217 12 is_stmt 0 view .LVU89
 280 0012 0020     		movs	r0, #0
 281              	.LVL23:
 282              		.loc 1 217 12 view .LVU90
 283 0014 7047     		bx	lr
 284              	.LVL24:
 285              	.L21:
 218:Drivers/STM32WLxx_HAL_Driver/Src/stm32wlxx_hal_dma_ex.c ****   }
 219:Drivers/STM32WLxx_HAL_Driver/Src/stm32wlxx_hal_dma_ex.c ****   else
 220:Drivers/STM32WLxx_HAL_Driver/Src/stm32wlxx_hal_dma_ex.c ****   {
 221:Drivers/STM32WLxx_HAL_Driver/Src/stm32wlxx_hal_dma_ex.c ****     return HAL_ERROR;
 286              		.loc 1 221 12 view .LVU91
 287 0016 0120     		movs	r0, #1
 288              	.LVL25:
 289              		.loc 1 221 12 view .LVU92
 290 0018 7047     		bx	lr
 291              	.LVL26:
 292              	.L22:
 293              		.loc 1 221 12 view .LVU93
 294 001a 0120     		movs	r0, #1
 295              	.LVL27:
 222:Drivers/STM32WLxx_HAL_Driver/Src/stm32wlxx_hal_dma_ex.c ****   }
 223:Drivers/STM32WLxx_HAL_Driver/Src/stm32wlxx_hal_dma_ex.c **** }
 296              		.loc 1 223 1 view .LVU94
 297 001c 7047     		bx	lr
 298              		.cfi_endproc
 299              	.LFE970:
 301              		.section	.text.HAL_DMAEx_DisableMuxRequestGenerator,"ax",%progbits
 302              		.align	1
 303              		.global	HAL_DMAEx_DisableMuxRequestGenerator
 304              		.syntax unified
 305              		.thumb
 306              		.thumb_func
 308              	HAL_DMAEx_DisableMuxRequestGenerator:
 309              	.LVL28:
 310              	.LFB971:
 224:Drivers/STM32WLxx_HAL_Driver/Src/stm32wlxx_hal_dma_ex.c **** 
 225:Drivers/STM32WLxx_HAL_Driver/Src/stm32wlxx_hal_dma_ex.c **** /**
 226:Drivers/STM32WLxx_HAL_Driver/Src/stm32wlxx_hal_dma_ex.c ****   * @brief Disable the DMAMUX request generator block used by the given DMA channel (instance).
 227:Drivers/STM32WLxx_HAL_Driver/Src/stm32wlxx_hal_dma_ex.c ****   * @param hdma Pointer to a DMA_HandleTypeDef structure that contains
 228:Drivers/STM32WLxx_HAL_Driver/Src/stm32wlxx_hal_dma_ex.c ****   *             the configuration information for the specified DMA channel.
 229:Drivers/STM32WLxx_HAL_Driver/Src/stm32wlxx_hal_dma_ex.c ****   * @retval HAL status
 230:Drivers/STM32WLxx_HAL_Driver/Src/stm32wlxx_hal_dma_ex.c ****   */
 231:Drivers/STM32WLxx_HAL_Driver/Src/stm32wlxx_hal_dma_ex.c **** HAL_StatusTypeDef HAL_DMAEx_DisableMuxRequestGenerator(DMA_HandleTypeDef *hdma)
 232:Drivers/STM32WLxx_HAL_Driver/Src/stm32wlxx_hal_dma_ex.c **** {
 311              		.loc 1 232 1 is_stmt 1 view -0
ARM GAS  C:\Users\NATHAN~1\AppData\Local\Temp\cceIHm5G.s 			page 11


 312              		.cfi_startproc
 313              		@ args = 0, pretend = 0, frame = 0
 314              		@ frame_needed = 0, uses_anonymous_args = 0
 315              		@ link register save eliminated.
 233:Drivers/STM32WLxx_HAL_Driver/Src/stm32wlxx_hal_dma_ex.c ****   /* Check the parameters */
 234:Drivers/STM32WLxx_HAL_Driver/Src/stm32wlxx_hal_dma_ex.c ****   assert_param(IS_DMA_ALL_INSTANCE(hdma->Instance));
 316              		.loc 1 234 3 view .LVU96
 235:Drivers/STM32WLxx_HAL_Driver/Src/stm32wlxx_hal_dma_ex.c **** 
 236:Drivers/STM32WLxx_HAL_Driver/Src/stm32wlxx_hal_dma_ex.c ****   /* check if the DMA state is ready
 237:Drivers/STM32WLxx_HAL_Driver/Src/stm32wlxx_hal_dma_ex.c ****      and DMA is using a DMAMUX request generator block
 238:Drivers/STM32WLxx_HAL_Driver/Src/stm32wlxx_hal_dma_ex.c ****   */
 239:Drivers/STM32WLxx_HAL_Driver/Src/stm32wlxx_hal_dma_ex.c ****   if ((hdma->State != HAL_DMA_STATE_RESET) && (hdma->DMAmuxRequestGen != 0))
 317              		.loc 1 239 3 view .LVU97
 318              		.loc 1 239 12 is_stmt 0 view .LVU98
 319 0000 90F82530 		ldrb	r3, [r0, #37]	@ zero_extendqisi2
 320              		.loc 1 239 6 view .LVU99
 321 0004 3BB1     		cbz	r3, .L25
 322              		.loc 1 239 52 discriminator 1 view .LVU100
 323 0006 436D     		ldr	r3, [r0, #84]
 324              		.loc 1 239 44 discriminator 1 view .LVU101
 325 0008 3BB1     		cbz	r3, .L26
 240:Drivers/STM32WLxx_HAL_Driver/Src/stm32wlxx_hal_dma_ex.c ****   {
 241:Drivers/STM32WLxx_HAL_Driver/Src/stm32wlxx_hal_dma_ex.c **** 
 242:Drivers/STM32WLxx_HAL_Driver/Src/stm32wlxx_hal_dma_ex.c ****     /* Disable the request generator*/
 243:Drivers/STM32WLxx_HAL_Driver/Src/stm32wlxx_hal_dma_ex.c ****     hdma->DMAmuxRequestGen->RGCR &= ~DMAMUX_RGxCR_GE;
 326              		.loc 1 243 5 is_stmt 1 view .LVU102
 327              		.loc 1 243 34 is_stmt 0 view .LVU103
 328 000a 1A68     		ldr	r2, [r3]
 329 000c 22F48032 		bic	r2, r2, #65536
 330 0010 1A60     		str	r2, [r3]
 244:Drivers/STM32WLxx_HAL_Driver/Src/stm32wlxx_hal_dma_ex.c **** 
 245:Drivers/STM32WLxx_HAL_Driver/Src/stm32wlxx_hal_dma_ex.c ****     return HAL_OK;
 331              		.loc 1 245 5 is_stmt 1 view .LVU104
 332              		.loc 1 245 12 is_stmt 0 view .LVU105
 333 0012 0020     		movs	r0, #0
 334              	.LVL29:
 335              		.loc 1 245 12 view .LVU106
 336 0014 7047     		bx	lr
 337              	.LVL30:
 338              	.L25:
 246:Drivers/STM32WLxx_HAL_Driver/Src/stm32wlxx_hal_dma_ex.c ****   }
 247:Drivers/STM32WLxx_HAL_Driver/Src/stm32wlxx_hal_dma_ex.c ****   else
 248:Drivers/STM32WLxx_HAL_Driver/Src/stm32wlxx_hal_dma_ex.c ****   {
 249:Drivers/STM32WLxx_HAL_Driver/Src/stm32wlxx_hal_dma_ex.c ****     return HAL_ERROR;
 339              		.loc 1 249 12 view .LVU107
 340 0016 0120     		movs	r0, #1
 341              	.LVL31:
 342              		.loc 1 249 12 view .LVU108
 343 0018 7047     		bx	lr
 344              	.LVL32:
 345              	.L26:
 346              		.loc 1 249 12 view .LVU109
 347 001a 0120     		movs	r0, #1
 348              	.LVL33:
 250:Drivers/STM32WLxx_HAL_Driver/Src/stm32wlxx_hal_dma_ex.c ****   }
 251:Drivers/STM32WLxx_HAL_Driver/Src/stm32wlxx_hal_dma_ex.c **** }
 349              		.loc 1 251 1 view .LVU110
ARM GAS  C:\Users\NATHAN~1\AppData\Local\Temp\cceIHm5G.s 			page 12


 350 001c 7047     		bx	lr
 351              		.cfi_endproc
 352              	.LFE971:
 354              		.section	.text.HAL_DMAEx_MUX_IRQHandler,"ax",%progbits
 355              		.align	1
 356              		.global	HAL_DMAEx_MUX_IRQHandler
 357              		.syntax unified
 358              		.thumb
 359              		.thumb_func
 361              	HAL_DMAEx_MUX_IRQHandler:
 362              	.LVL34:
 363              	.LFB972:
 252:Drivers/STM32WLxx_HAL_Driver/Src/stm32wlxx_hal_dma_ex.c **** 
 253:Drivers/STM32WLxx_HAL_Driver/Src/stm32wlxx_hal_dma_ex.c **** /**
 254:Drivers/STM32WLxx_HAL_Driver/Src/stm32wlxx_hal_dma_ex.c ****   * @brief Handles DMAMUX interrupt request.
 255:Drivers/STM32WLxx_HAL_Driver/Src/stm32wlxx_hal_dma_ex.c ****   * @param hdma Pointer to a DMA_HandleTypeDef structure that contains
 256:Drivers/STM32WLxx_HAL_Driver/Src/stm32wlxx_hal_dma_ex.c ****   *             the configuration information for the specified DMA channel.
 257:Drivers/STM32WLxx_HAL_Driver/Src/stm32wlxx_hal_dma_ex.c ****   * @retval None
 258:Drivers/STM32WLxx_HAL_Driver/Src/stm32wlxx_hal_dma_ex.c ****   */
 259:Drivers/STM32WLxx_HAL_Driver/Src/stm32wlxx_hal_dma_ex.c **** void HAL_DMAEx_MUX_IRQHandler(DMA_HandleTypeDef *hdma)
 260:Drivers/STM32WLxx_HAL_Driver/Src/stm32wlxx_hal_dma_ex.c **** {
 364              		.loc 1 260 1 is_stmt 1 view -0
 365              		.cfi_startproc
 366              		@ args = 0, pretend = 0, frame = 0
 367              		@ frame_needed = 0, uses_anonymous_args = 0
 368              		.loc 1 260 1 is_stmt 0 view .LVU112
 369 0000 10B5     		push	{r4, lr}
 370              	.LCFI5:
 371              		.cfi_def_cfa_offset 8
 372              		.cfi_offset 4, -8
 373              		.cfi_offset 14, -4
 374 0002 0446     		mov	r4, r0
 261:Drivers/STM32WLxx_HAL_Driver/Src/stm32wlxx_hal_dma_ex.c ****   /* Check for DMAMUX Synchronization overrun */
 262:Drivers/STM32WLxx_HAL_Driver/Src/stm32wlxx_hal_dma_ex.c ****   if ((hdma->DMAmuxChannelStatus->CSR & hdma->DMAmuxChannelStatusMask) != 0U)
 375              		.loc 1 262 3 is_stmt 1 view .LVU113
 376              		.loc 1 262 12 is_stmt 0 view .LVU114
 377 0004 C36C     		ldr	r3, [r0, #76]
 378              		.loc 1 262 33 view .LVU115
 379 0006 1A68     		ldr	r2, [r3]
 380              		.loc 1 262 45 view .LVU116
 381 0008 036D     		ldr	r3, [r0, #80]
 382              		.loc 1 262 6 view .LVU117
 383 000a 1A42     		tst	r2, r3
 384 000c 0ED0     		beq	.L28
 263:Drivers/STM32WLxx_HAL_Driver/Src/stm32wlxx_hal_dma_ex.c ****   {
 264:Drivers/STM32WLxx_HAL_Driver/Src/stm32wlxx_hal_dma_ex.c ****     /* Disable the synchro overrun interrupt */
 265:Drivers/STM32WLxx_HAL_Driver/Src/stm32wlxx_hal_dma_ex.c ****     hdma->DMAmuxChannel->CCR &= ~DMAMUX_CxCR_SOIE;
 385              		.loc 1 265 5 is_stmt 1 view .LVU118
 386              		.loc 1 265 9 is_stmt 0 view .LVU119
 387 000e 826C     		ldr	r2, [r0, #72]
 388              		.loc 1 265 30 view .LVU120
 389 0010 1368     		ldr	r3, [r2]
 390 0012 23F48073 		bic	r3, r3, #256
 391 0016 1360     		str	r3, [r2]
 266:Drivers/STM32WLxx_HAL_Driver/Src/stm32wlxx_hal_dma_ex.c **** 
 267:Drivers/STM32WLxx_HAL_Driver/Src/stm32wlxx_hal_dma_ex.c ****     /* Clear the DMAMUX synchro overrun flag */
 268:Drivers/STM32WLxx_HAL_Driver/Src/stm32wlxx_hal_dma_ex.c ****     hdma->DMAmuxChannelStatus->CFR = hdma->DMAmuxChannelStatusMask;
ARM GAS  C:\Users\NATHAN~1\AppData\Local\Temp\cceIHm5G.s 			page 13


 392              		.loc 1 268 5 is_stmt 1 view .LVU121
 393              		.loc 1 268 9 is_stmt 0 view .LVU122
 394 0018 C36C     		ldr	r3, [r0, #76]
 395              		.loc 1 268 42 view .LVU123
 396 001a 026D     		ldr	r2, [r0, #80]
 397              		.loc 1 268 36 view .LVU124
 398 001c 5A60     		str	r2, [r3, #4]
 269:Drivers/STM32WLxx_HAL_Driver/Src/stm32wlxx_hal_dma_ex.c **** 
 270:Drivers/STM32WLxx_HAL_Driver/Src/stm32wlxx_hal_dma_ex.c ****     /* Update error code */
 271:Drivers/STM32WLxx_HAL_Driver/Src/stm32wlxx_hal_dma_ex.c ****     hdma->ErrorCode |= HAL_DMA_ERROR_SYNC;
 399              		.loc 1 271 5 is_stmt 1 view .LVU125
 400              		.loc 1 271 21 is_stmt 0 view .LVU126
 401 001e C36B     		ldr	r3, [r0, #60]
 402 0020 43F40073 		orr	r3, r3, #512
 403 0024 C363     		str	r3, [r0, #60]
 272:Drivers/STM32WLxx_HAL_Driver/Src/stm32wlxx_hal_dma_ex.c **** 
 273:Drivers/STM32WLxx_HAL_Driver/Src/stm32wlxx_hal_dma_ex.c ****     if (hdma->XferErrorCallback != NULL)
 404              		.loc 1 273 5 is_stmt 1 view .LVU127
 405              		.loc 1 273 13 is_stmt 0 view .LVU128
 406 0026 436B     		ldr	r3, [r0, #52]
 407              		.loc 1 273 8 view .LVU129
 408 0028 03B1     		cbz	r3, .L28
 274:Drivers/STM32WLxx_HAL_Driver/Src/stm32wlxx_hal_dma_ex.c ****     {
 275:Drivers/STM32WLxx_HAL_Driver/Src/stm32wlxx_hal_dma_ex.c ****       /* Transfer error callback */
 276:Drivers/STM32WLxx_HAL_Driver/Src/stm32wlxx_hal_dma_ex.c ****       hdma->XferErrorCallback(hdma);
 409              		.loc 1 276 7 is_stmt 1 view .LVU130
 410 002a 9847     		blx	r3
 411              	.LVL35:
 412              	.L28:
 277:Drivers/STM32WLxx_HAL_Driver/Src/stm32wlxx_hal_dma_ex.c ****     }
 278:Drivers/STM32WLxx_HAL_Driver/Src/stm32wlxx_hal_dma_ex.c ****   }
 279:Drivers/STM32WLxx_HAL_Driver/Src/stm32wlxx_hal_dma_ex.c **** 
 280:Drivers/STM32WLxx_HAL_Driver/Src/stm32wlxx_hal_dma_ex.c ****   if (hdma->DMAmuxRequestGen != 0)
 413              		.loc 1 280 3 view .LVU131
 414              		.loc 1 280 11 is_stmt 0 view .LVU132
 415 002c 636D     		ldr	r3, [r4, #84]
 416              		.loc 1 280 6 view .LVU133
 417 002e 9BB1     		cbz	r3, .L27
 281:Drivers/STM32WLxx_HAL_Driver/Src/stm32wlxx_hal_dma_ex.c ****   {
 282:Drivers/STM32WLxx_HAL_Driver/Src/stm32wlxx_hal_dma_ex.c ****     /* if using a DMAMUX request generator block Check for DMAMUX request generator overrun */
 283:Drivers/STM32WLxx_HAL_Driver/Src/stm32wlxx_hal_dma_ex.c ****     if ((hdma->DMAmuxRequestGenStatus->RGSR & hdma->DMAmuxRequestGenStatusMask) != 0U)
 418              		.loc 1 283 5 is_stmt 1 view .LVU134
 419              		.loc 1 283 14 is_stmt 0 view .LVU135
 420 0030 A26D     		ldr	r2, [r4, #88]
 421              		.loc 1 283 38 view .LVU136
 422 0032 1168     		ldr	r1, [r2]
 423              		.loc 1 283 51 view .LVU137
 424 0034 E26D     		ldr	r2, [r4, #92]
 425              		.loc 1 283 8 view .LVU138
 426 0036 1142     		tst	r1, r2
 427 0038 0ED0     		beq	.L27
 284:Drivers/STM32WLxx_HAL_Driver/Src/stm32wlxx_hal_dma_ex.c ****     {
 285:Drivers/STM32WLxx_HAL_Driver/Src/stm32wlxx_hal_dma_ex.c ****       /* Disable the request gen overrun interrupt */
 286:Drivers/STM32WLxx_HAL_Driver/Src/stm32wlxx_hal_dma_ex.c ****       hdma->DMAmuxRequestGen->RGCR &= ~DMAMUX_RGxCR_OIE;
 428              		.loc 1 286 7 is_stmt 1 view .LVU139
 429              		.loc 1 286 36 is_stmt 0 view .LVU140
 430 003a 1A68     		ldr	r2, [r3]
ARM GAS  C:\Users\NATHAN~1\AppData\Local\Temp\cceIHm5G.s 			page 14


 431 003c 22F48072 		bic	r2, r2, #256
 432 0040 1A60     		str	r2, [r3]
 287:Drivers/STM32WLxx_HAL_Driver/Src/stm32wlxx_hal_dma_ex.c **** 
 288:Drivers/STM32WLxx_HAL_Driver/Src/stm32wlxx_hal_dma_ex.c ****       /* Clear the DMAMUX request generator overrun flag */
 289:Drivers/STM32WLxx_HAL_Driver/Src/stm32wlxx_hal_dma_ex.c ****       hdma->DMAmuxRequestGenStatus->RGCFR = hdma->DMAmuxRequestGenStatusMask;
 433              		.loc 1 289 7 is_stmt 1 view .LVU141
 434              		.loc 1 289 11 is_stmt 0 view .LVU142
 435 0042 A36D     		ldr	r3, [r4, #88]
 436              		.loc 1 289 49 view .LVU143
 437 0044 E26D     		ldr	r2, [r4, #92]
 438              		.loc 1 289 43 view .LVU144
 439 0046 5A60     		str	r2, [r3, #4]
 290:Drivers/STM32WLxx_HAL_Driver/Src/stm32wlxx_hal_dma_ex.c **** 
 291:Drivers/STM32WLxx_HAL_Driver/Src/stm32wlxx_hal_dma_ex.c ****       /* Update error code */
 292:Drivers/STM32WLxx_HAL_Driver/Src/stm32wlxx_hal_dma_ex.c ****       hdma->ErrorCode |= HAL_DMA_ERROR_REQGEN;
 440              		.loc 1 292 7 is_stmt 1 view .LVU145
 441              		.loc 1 292 23 is_stmt 0 view .LVU146
 442 0048 E36B     		ldr	r3, [r4, #60]
 443 004a 43F48063 		orr	r3, r3, #1024
 444 004e E363     		str	r3, [r4, #60]
 293:Drivers/STM32WLxx_HAL_Driver/Src/stm32wlxx_hal_dma_ex.c **** 
 294:Drivers/STM32WLxx_HAL_Driver/Src/stm32wlxx_hal_dma_ex.c ****       if (hdma->XferErrorCallback != NULL)
 445              		.loc 1 294 7 is_stmt 1 view .LVU147
 446              		.loc 1 294 15 is_stmt 0 view .LVU148
 447 0050 636B     		ldr	r3, [r4, #52]
 448              		.loc 1 294 10 view .LVU149
 449 0052 0BB1     		cbz	r3, .L27
 295:Drivers/STM32WLxx_HAL_Driver/Src/stm32wlxx_hal_dma_ex.c ****       {
 296:Drivers/STM32WLxx_HAL_Driver/Src/stm32wlxx_hal_dma_ex.c ****         /* Transfer error callback */
 297:Drivers/STM32WLxx_HAL_Driver/Src/stm32wlxx_hal_dma_ex.c ****         hdma->XferErrorCallback(hdma);
 450              		.loc 1 297 9 is_stmt 1 view .LVU150
 451 0054 2046     		mov	r0, r4
 452 0056 9847     		blx	r3
 453              	.LVL36:
 454              	.L27:
 298:Drivers/STM32WLxx_HAL_Driver/Src/stm32wlxx_hal_dma_ex.c ****       }
 299:Drivers/STM32WLxx_HAL_Driver/Src/stm32wlxx_hal_dma_ex.c ****     }
 300:Drivers/STM32WLxx_HAL_Driver/Src/stm32wlxx_hal_dma_ex.c ****   }
 301:Drivers/STM32WLxx_HAL_Driver/Src/stm32wlxx_hal_dma_ex.c **** }
 455              		.loc 1 301 1 is_stmt 0 view .LVU151
 456 0058 10BD     		pop	{r4, pc}
 457              		.loc 1 301 1 view .LVU152
 458              		.cfi_endproc
 459              	.LFE972:
 461              		.text
 462              	.Letext0:
 463              		.file 2 "c:\\program files (x86)\\gnu arm embedded toolchain\\10 2021.10\\arm-none-eabi\\include\\
 464              		.file 3 "c:\\program files (x86)\\gnu arm embedded toolchain\\10 2021.10\\arm-none-eabi\\include\\
 465              		.file 4 "Drivers/CMSIS/Device/ST/STM32WLxx/Include/stm32wle5xx.h"
 466              		.file 5 "Drivers/CMSIS/Device/ST/STM32WLxx/Include/stm32wlxx.h"
 467              		.file 6 "Drivers/STM32WLxx_HAL_Driver/Inc/stm32wlxx_hal_def.h"
 468              		.file 7 "Drivers/STM32WLxx_HAL_Driver/Inc/stm32wlxx_hal_dma.h"
 469              		.file 8 "Drivers/STM32WLxx_HAL_Driver/Inc/stm32wlxx_hal_dma_ex.h"
 470              		.file 9 "Drivers/STM32WLxx_HAL_Driver/Inc/stm32wlxx_ll_dma.h"
ARM GAS  C:\Users\NATHAN~1\AppData\Local\Temp\cceIHm5G.s 			page 15


DEFINED SYMBOLS
                            *ABS*:00000000 stm32wlxx_hal_dma_ex.c
C:\Users\NATHAN~1\AppData\Local\Temp\cceIHm5G.s:18     .text.HAL_DMAEx_ConfigMuxSync:00000000 $t
C:\Users\NATHAN~1\AppData\Local\Temp\cceIHm5G.s:24     .text.HAL_DMAEx_ConfigMuxSync:00000000 HAL_DMAEx_ConfigMuxSync
C:\Users\NATHAN~1\AppData\Local\Temp\cceIHm5G.s:118    .text.HAL_DMAEx_ConfigMuxRequestGenerator:00000000 $t
C:\Users\NATHAN~1\AppData\Local\Temp\cceIHm5G.s:124    .text.HAL_DMAEx_ConfigMuxRequestGenerator:00000000 HAL_DMAEx_ConfigMuxRequestGenerator
C:\Users\NATHAN~1\AppData\Local\Temp\cceIHm5G.s:249    .text.HAL_DMAEx_EnableMuxRequestGenerator:00000000 $t
C:\Users\NATHAN~1\AppData\Local\Temp\cceIHm5G.s:255    .text.HAL_DMAEx_EnableMuxRequestGenerator:00000000 HAL_DMAEx_EnableMuxRequestGenerator
C:\Users\NATHAN~1\AppData\Local\Temp\cceIHm5G.s:302    .text.HAL_DMAEx_DisableMuxRequestGenerator:00000000 $t
C:\Users\NATHAN~1\AppData\Local\Temp\cceIHm5G.s:308    .text.HAL_DMAEx_DisableMuxRequestGenerator:00000000 HAL_DMAEx_DisableMuxRequestGenerator
C:\Users\NATHAN~1\AppData\Local\Temp\cceIHm5G.s:355    .text.HAL_DMAEx_MUX_IRQHandler:00000000 $t
C:\Users\NATHAN~1\AppData\Local\Temp\cceIHm5G.s:361    .text.HAL_DMAEx_MUX_IRQHandler:00000000 HAL_DMAEx_MUX_IRQHandler

NO UNDEFINED SYMBOLS
