ARM GAS  C:\Users\NATHAN~1\AppData\Local\Temp\cc03aTx5.s 			page 1


   1              		.cpu cortex-m4
   2              		.arch armv7e-m
   3              		.fpu softvfp
   4              		.eabi_attribute 20, 1
   5              		.eabi_attribute 21, 1
   6              		.eabi_attribute 23, 3
   7              		.eabi_attribute 24, 1
   8              		.eabi_attribute 25, 1
   9              		.eabi_attribute 26, 1
  10              		.eabi_attribute 30, 1
  11              		.eabi_attribute 34, 1
  12              		.eabi_attribute 18, 4
  13              		.file	"sys_sensors.c"
  14              		.text
  15              	.Ltext0:
  16              		.cfi_sections	.debug_frame
  17              		.section	.text.EnvSensors_Read,"ax",%progbits
  18              		.align	1
  19              		.global	EnvSensors_Read
  20              		.syntax unified
  21              		.thumb
  22              		.thumb_func
  24              	EnvSensors_Read:
  25              	.LVL0:
  26              	.LFB0:
  27              		.file 1 "Core/Src/sys_sensors.c"
   1:Core/Src/sys_sensors.c **** /* USER CODE BEGIN Header */
   2:Core/Src/sys_sensors.c **** /**
   3:Core/Src/sys_sensors.c ****   ******************************************************************************
   4:Core/Src/sys_sensors.c ****   * @file    sys_sensors.c
   5:Core/Src/sys_sensors.c ****   * @author  MCD Application Team
   6:Core/Src/sys_sensors.c ****   * @brief   Manages the sensors on the application
   7:Core/Src/sys_sensors.c ****   ******************************************************************************
   8:Core/Src/sys_sensors.c ****   * @attention
   9:Core/Src/sys_sensors.c ****   *
  10:Core/Src/sys_sensors.c ****   * Copyright (c) 2022 STMicroelectronics.
  11:Core/Src/sys_sensors.c ****   * All rights reserved.
  12:Core/Src/sys_sensors.c ****   *
  13:Core/Src/sys_sensors.c ****   * This software is licensed under terms that can be found in the LICENSE file
  14:Core/Src/sys_sensors.c ****   * in the root directory of this software component.
  15:Core/Src/sys_sensors.c ****   * If no LICENSE file comes with this software, it is provided AS-IS.
  16:Core/Src/sys_sensors.c ****   *
  17:Core/Src/sys_sensors.c ****   ******************************************************************************
  18:Core/Src/sys_sensors.c ****   */
  19:Core/Src/sys_sensors.c **** /* USER CODE END Header */
  20:Core/Src/sys_sensors.c **** 
  21:Core/Src/sys_sensors.c **** /* Includes ------------------------------------------------------------------*/
  22:Core/Src/sys_sensors.c **** #include "stdint.h"
  23:Core/Src/sys_sensors.c **** #include "sys_conf.h"
  24:Core/Src/sys_sensors.c **** #include "sys_sensors.h"
  25:Core/Src/sys_sensors.c **** 
  26:Core/Src/sys_sensors.c **** /* USER CODE BEGIN Includes */
  27:Core/Src/sys_sensors.c **** #if defined (SENSOR_ENABLED) && (SENSOR_ENABLED == 1)
  28:Core/Src/sys_sensors.c **** #if defined (X_NUCLEO_IKS01A2)
  29:Core/Src/sys_sensors.c **** #warning "IKS drivers are today available for several families but not stm32WL"
  30:Core/Src/sys_sensors.c **** #warning "up to the user adapt IKS low layer to map it on WL board driver"
  31:Core/Src/sys_sensors.c **** #warning "this code would work only if user provide necessary IKS and BSP layers"
ARM GAS  C:\Users\NATHAN~1\AppData\Local\Temp\cc03aTx5.s 			page 2


  32:Core/Src/sys_sensors.c **** #include "iks01a2_env_sensors.h"
  33:Core/Src/sys_sensors.c **** #elif defined (X_NUCLEO_IKS01A3)
  34:Core/Src/sys_sensors.c **** /*
  35:Core/Src/sys_sensors.c **** ## How to add IKS01A3 to CubeWL
  36:Core/Src/sys_sensors.c **** 
  37:Core/Src/sys_sensors.c ****  1. Download STM32CubeExpansion_MEMS1_V8.0.0
  38:Core/Src/sys_sensors.c ****  2. Copy Drivers From `STM32CubeExpansion_MEMS1_V8.0.0\Drivers\BSP\IKS01A3` to CubeWL `Drivers\BSP\
  39:Core/Src/sys_sensors.c ****  3. Copy `STM32CubeExpansion_MEMS1_V8.0.0\Drivers\BSP\IKS01A3\iks01a3_conf_template.h` into `Projec
  40:Core/Src/sys_sensors.c ****  4. Copy files nucleo_l476rg_bus.c/nucleo_l476rg_bus.h  from `STM32L476RG-Nucleo\Applications\IKS01
  41:Core/Src/sys_sensors.c ****  5. Update `nucleo_wl55jc_bus.c`  include files  to
  42:Core/Src/sys_sensors.c ****  ```bash
  43:Core/Src/sys_sensors.c **** #include "nucleo_wl55jc_bus.h"
  44:Core/Src/sys_sensors.c **** #include "stm32wlxx_nucleo_errno.h"
  45:Core/Src/sys_sensors.c **** #include "stm32wlxx_hal.h"
  46:Core/Src/sys_sensors.c **** ```
  47:Core/Src/sys_sensors.c **** 
  48:Core/Src/sys_sensors.c **** 6. Update definitions in `nucleo_wl55jc_bus.h`(to be commented since already defined elsewhere)
  49:Core/Src/sys_sensors.c **** 
  50:Core/Src/sys_sensors.c ****  ```bash
  51:Core/Src/sys_sensors.c **** //#define USE_HAL_SPI_REGISTER_CALLBACKS 0
  52:Core/Src/sys_sensors.c **** //#define USE_HAL_I2C_REGISTER_CALLBACKS 0
  53:Core/Src/sys_sensors.c **** ```
  54:Core/Src/sys_sensors.c **** 
  55:Core/Src/sys_sensors.c **** 7. copy following components and add them (.c and .h) into IDE Project
  56:Core/Src/sys_sensors.c **** 
  57:Core/Src/sys_sensors.c **** ../../../../../../Drivers/BSP/Components/lsm6dso
  58:Core/Src/sys_sensors.c **** ../../../../../../Drivers/BSP/Components/lis2dw12
  59:Core/Src/sys_sensors.c **** ../../../../../../Drivers/BSP/Components/lis2mdl
  60:Core/Src/sys_sensors.c **** ../../../../../../Drivers/BSP/Components/hts221
  61:Core/Src/sys_sensors.c **** ../../../../../../Drivers/BSP/Components/lps22hh
  62:Core/Src/sys_sensors.c **** ../../../../../../Drivers/BSP/Components/stts751
  63:Core/Src/sys_sensors.c **** ../../../../../../Drivers/BSP/Components/Common
  64:Core/Src/sys_sensors.c **** 
  65:Core/Src/sys_sensors.c **** 8. Enable #define HAL_I2C_MODULE_ENABLED in stm32_hal_conf.h
  66:Core/Src/sys_sensors.c **** 9. Add stm32wlxx_hal_i2c.c and stm32wlxx_hal_i2c_ex.c in the IDE Project
  67:Core/Src/sys_sensors.c **** 10. Update hi2c->Instance in `nucleo_wl55jc_bus.c` to
  68:Core/Src/sys_sensors.c **** 
  69:Core/Src/sys_sensors.c **** ```bash
  70:Core/Src/sys_sensors.c ****   hi2c->Instance = I2C2;
  71:Core/Src/sys_sensors.c **** ```
  72:Core/Src/sys_sensors.c **** 
  73:Core/Src/sys_sensors.c **** 11. Update msp function in `nucleo_wl55jc_bus.c`
  74:Core/Src/sys_sensors.c **** 
  75:Core/Src/sys_sensors.c **** ```bash
  76:Core/Src/sys_sensors.c **** static void I2C2_MspInit(I2C_HandleTypeDef *i2cHandle)
  77:Core/Src/sys_sensors.c **** {
  78:Core/Src/sys_sensors.c ****   GPIO_InitTypeDef GPIO_InitStruct;
  79:Core/Src/sys_sensors.c **** 
  80:Core/Src/sys_sensors.c ****   GPIO_InitStruct.Pin = GPIO_PIN_11 | GPIO_PIN_12;
  81:Core/Src/sys_sensors.c ****   GPIO_InitStruct.Mode = GPIO_MODE_AF_OD;
  82:Core/Src/sys_sensors.c ****   GPIO_InitStruct.Pull = GPIO_PULLUP;
  83:Core/Src/sys_sensors.c ****   GPIO_InitStruct.Speed = GPIO_SPEED_FREQ_VERY_HIGH;
  84:Core/Src/sys_sensors.c ****   GPIO_InitStruct.Alternate = GPIO_AF4_I2C2;
  85:Core/Src/sys_sensors.c ****   HAL_GPIO_Init(GPIOA, &GPIO_InitStruct);
  86:Core/Src/sys_sensors.c **** 
  87:Core/Src/sys_sensors.c ****   __HAL_RCC_I2C2_CLK_ENABLE();
  88:Core/Src/sys_sensors.c **** }
ARM GAS  C:\Users\NATHAN~1\AppData\Local\Temp\cc03aTx5.s 			page 3


  89:Core/Src/sys_sensors.c **** 
  90:Core/Src/sys_sensors.c **** static void I2C2_MspDeInit(I2C_HandleTypeDef *i2cHandle)
  91:Core/Src/sys_sensors.c **** {
  92:Core/Src/sys_sensors.c ****   __HAL_RCC_I2C2_CLK_DISABLE();
  93:Core/Src/sys_sensors.c **** 
  94:Core/Src/sys_sensors.c ****   HAL_GPIO_DeInit(GPIOA, GPIO_PIN_11 | GPIO_PIN_12);
  95:Core/Src/sys_sensors.c **** 
  96:Core/Src/sys_sensors.c **** }
  97:Core/Src/sys_sensors.c **** ```
  98:Core/Src/sys_sensors.c **** 12. Replace I2C1xx by MX_I2C2xx and i2c1 by i2c2 in `nucleo_wl55jc_bus.c`
  99:Core/Src/sys_sensors.c **** 13. Replace I2C1xx by MX_I2C2xx in `nucleo_wl55jc_bus.h`
 100:Core/Src/sys_sensors.c **** */
 101:Core/Src/sys_sensors.c **** #warning "IKS drivers are today available for several families but not stm32WL, follow steps define
 102:Core/Src/sys_sensors.c **** #include "iks01a3_env_sensors.h"
 103:Core/Src/sys_sensors.c **** #else  /* not X_IKS01xx */
 104:Core/Src/sys_sensors.c **** #error "user to include its sensor drivers"
 105:Core/Src/sys_sensors.c **** #endif  /* X_NUCLEO_IKS01xx */
 106:Core/Src/sys_sensors.c **** #elif !defined (SENSOR_ENABLED)
 107:Core/Src/sys_sensors.c **** #error SENSOR_ENABLED not defined
 108:Core/Src/sys_sensors.c **** #endif  /* SENSOR_ENABLED */
 109:Core/Src/sys_sensors.c **** /* USER CODE END Includes */
 110:Core/Src/sys_sensors.c **** 
 111:Core/Src/sys_sensors.c **** /* External variables ---------------------------------------------------------*/
 112:Core/Src/sys_sensors.c **** /* USER CODE BEGIN EV */
 113:Core/Src/sys_sensors.c **** 
 114:Core/Src/sys_sensors.c **** /* USER CODE END EV */
 115:Core/Src/sys_sensors.c **** 
 116:Core/Src/sys_sensors.c **** /* Private typedef -----------------------------------------------------------*/
 117:Core/Src/sys_sensors.c **** /* USER CODE BEGIN PTD */
 118:Core/Src/sys_sensors.c **** 
 119:Core/Src/sys_sensors.c **** /* USER CODE END PTD */
 120:Core/Src/sys_sensors.c **** 
 121:Core/Src/sys_sensors.c **** /* Private define ------------------------------------------------------------*/
 122:Core/Src/sys_sensors.c **** 
 123:Core/Src/sys_sensors.c **** /* USER CODE BEGIN PD */
 124:Core/Src/sys_sensors.c **** #define STSOP_LATTITUDE           ((float) 43.618622 )  /*!< default latitude position */
 125:Core/Src/sys_sensors.c **** #define STSOP_LONGITUDE           ((float) 7.051415  )  /*!< default longitude position */
 126:Core/Src/sys_sensors.c **** #define MAX_GPS_POS               ((int32_t) 8388607 )  /*!< 2^23 - 1 */
 127:Core/Src/sys_sensors.c **** #define HUMIDITY_DEFAULT_VAL      50.0f                 /*!< default humidity */
 128:Core/Src/sys_sensors.c **** #define TEMPERATURE_DEFAULT_VAL   18.0f                 /*!< default temperature */
 129:Core/Src/sys_sensors.c **** #define PRESSURE_DEFAULT_VAL      1000.0f               /*!< default pressure */
 130:Core/Src/sys_sensors.c **** /* USER CODE END PD */
 131:Core/Src/sys_sensors.c **** 
 132:Core/Src/sys_sensors.c **** /* Private macro -------------------------------------------------------------*/
 133:Core/Src/sys_sensors.c **** /* USER CODE BEGIN PM */
 134:Core/Src/sys_sensors.c **** 
 135:Core/Src/sys_sensors.c **** /* USER CODE END PM */
 136:Core/Src/sys_sensors.c **** 
 137:Core/Src/sys_sensors.c **** /* Private variables ---------------------------------------------------------*/
 138:Core/Src/sys_sensors.c **** 
 139:Core/Src/sys_sensors.c **** /* USER CODE BEGIN PV */
 140:Core/Src/sys_sensors.c **** #if defined (SENSOR_ENABLED) && (SENSOR_ENABLED == 1)
 141:Core/Src/sys_sensors.c **** #if defined (X_NUCLEO_IKS01A2)
 142:Core/Src/sys_sensors.c **** #warning "IKS drivers are today available for several families but not stm32WL"
 143:Core/Src/sys_sensors.c **** #warning "up to the user adapt IKS low layer to map it on WL board driver"
 144:Core/Src/sys_sensors.c **** #warning "this code would work only if user provide necessary IKS and BSP layers"
 145:Core/Src/sys_sensors.c **** IKS01A2_ENV_SENSOR_Capabilities_t EnvCapabilities;
ARM GAS  C:\Users\NATHAN~1\AppData\Local\Temp\cc03aTx5.s 			page 4


 146:Core/Src/sys_sensors.c **** #elif defined (X_NUCLEO_IKS01A3)
 147:Core/Src/sys_sensors.c **** IKS01A3_ENV_SENSOR_Capabilities_t EnvCapabilities;
 148:Core/Src/sys_sensors.c **** #else  /* not X_IKS01Ax */
 149:Core/Src/sys_sensors.c **** #error "user to include its sensor drivers"
 150:Core/Src/sys_sensors.c **** #endif  /* X_NUCLEO_IKS01 */
 151:Core/Src/sys_sensors.c **** #elif !defined (SENSOR_ENABLED)
 152:Core/Src/sys_sensors.c **** #error SENSOR_ENABLED not defined
 153:Core/Src/sys_sensors.c **** #endif  /* SENSOR_ENABLED */
 154:Core/Src/sys_sensors.c **** /* USER CODE END PV */
 155:Core/Src/sys_sensors.c **** 
 156:Core/Src/sys_sensors.c **** /* Private function prototypes -----------------------------------------------*/
 157:Core/Src/sys_sensors.c **** /* USER CODE BEGIN PFP */
 158:Core/Src/sys_sensors.c **** 
 159:Core/Src/sys_sensors.c **** /* USER CODE END PFP */
 160:Core/Src/sys_sensors.c **** 
 161:Core/Src/sys_sensors.c **** /* Exported functions --------------------------------------------------------*/
 162:Core/Src/sys_sensors.c **** int32_t  EnvSensors_Read(sensor_t *sensor_data)
 163:Core/Src/sys_sensors.c **** {
  28              		.loc 1 163 1 view -0
  29              		.cfi_startproc
  30              		@ args = 0, pretend = 0, frame = 0
  31              		@ frame_needed = 0, uses_anonymous_args = 0
  32              		@ link register save eliminated.
 164:Core/Src/sys_sensors.c ****   /* USER CODE BEGIN EnvSensors_Read */
 165:Core/Src/sys_sensors.c ****   float HUMIDITY_Value = HUMIDITY_DEFAULT_VAL;
  33              		.loc 1 165 3 view .LVU1
 166:Core/Src/sys_sensors.c ****   float TEMPERATURE_Value = TEMPERATURE_DEFAULT_VAL;
  34              		.loc 1 166 3 view .LVU2
 167:Core/Src/sys_sensors.c ****   float PRESSURE_Value = PRESSURE_DEFAULT_VAL;
  35              		.loc 1 167 3 view .LVU3
 168:Core/Src/sys_sensors.c **** 
 169:Core/Src/sys_sensors.c **** #if defined (SENSOR_ENABLED) && (SENSOR_ENABLED == 1)
 170:Core/Src/sys_sensors.c **** #if (USE_IKS01A2_ENV_SENSOR_HTS221_0 == 1)
 171:Core/Src/sys_sensors.c ****   IKS01A2_ENV_SENSOR_GetValue(HTS221_0, ENV_HUMIDITY, &HUMIDITY_Value);
 172:Core/Src/sys_sensors.c ****   IKS01A2_ENV_SENSOR_GetValue(HTS221_0, ENV_TEMPERATURE, &TEMPERATURE_Value);
 173:Core/Src/sys_sensors.c **** #endif /* USE_IKS01A2_ENV_SENSOR_HTS221_0 */
 174:Core/Src/sys_sensors.c **** #if (USE_IKS01A2_ENV_SENSOR_LPS22HB_0 == 1)
 175:Core/Src/sys_sensors.c ****   IKS01A2_ENV_SENSOR_GetValue(LPS22HB_0, ENV_PRESSURE, &PRESSURE_Value);
 176:Core/Src/sys_sensors.c ****   IKS01A2_ENV_SENSOR_GetValue(LPS22HB_0, ENV_TEMPERATURE, &TEMPERATURE_Value);
 177:Core/Src/sys_sensors.c **** #endif /* USE_IKS01A2_ENV_SENSOR_LPS22HB_0 */
 178:Core/Src/sys_sensors.c **** #if (USE_IKS01A3_ENV_SENSOR_HTS221_0 == 1)
 179:Core/Src/sys_sensors.c ****   IKS01A3_ENV_SENSOR_GetValue(IKS01A3_HTS221_0, ENV_HUMIDITY, &HUMIDITY_Value);
 180:Core/Src/sys_sensors.c ****   IKS01A3_ENV_SENSOR_GetValue(IKS01A3_HTS221_0, ENV_TEMPERATURE, &TEMPERATURE_Value);
 181:Core/Src/sys_sensors.c **** #endif /* USE_IKS01A3_ENV_SENSOR_HTS221_0 */
 182:Core/Src/sys_sensors.c **** #if (USE_IKS01A3_ENV_SENSOR_LPS22HH_0 == 1)
 183:Core/Src/sys_sensors.c ****   IKS01A3_ENV_SENSOR_GetValue(IKS01A3_LPS22HH_0, ENV_PRESSURE, &PRESSURE_Value);
 184:Core/Src/sys_sensors.c ****   IKS01A3_ENV_SENSOR_GetValue(IKS01A3_LPS22HH_0, ENV_TEMPERATURE, &TEMPERATURE_Value);
 185:Core/Src/sys_sensors.c **** #endif /* USE_IKS01A3_ENV_SENSOR_LPS22HH_0 */
 186:Core/Src/sys_sensors.c **** #elif !defined (SENSOR_ENABLED)
 187:Core/Src/sys_sensors.c **** #error SENSOR_ENABLED not defined
 188:Core/Src/sys_sensors.c **** #endif  /* SENSOR_ENABLED */
 189:Core/Src/sys_sensors.c **** 
 190:Core/Src/sys_sensors.c ****   sensor_data->humidity    = HUMIDITY_Value;
  36              		.loc 1 190 3 view .LVU4
  37              		.loc 1 190 28 is_stmt 0 view .LVU5
  38 0000 054B     		ldr	r3, .L2
  39 0002 8360     		str	r3, [r0, #8]	@ float
ARM GAS  C:\Users\NATHAN~1\AppData\Local\Temp\cc03aTx5.s 			page 5


 191:Core/Src/sys_sensors.c ****   sensor_data->temperature = TEMPERATURE_Value;
  40              		.loc 1 191 3 is_stmt 1 view .LVU6
  41              		.loc 1 191 28 is_stmt 0 view .LVU7
  42 0004 054B     		ldr	r3, .L2+4
  43 0006 4360     		str	r3, [r0, #4]	@ float
 192:Core/Src/sys_sensors.c ****   sensor_data->pressure    = PRESSURE_Value;
  44              		.loc 1 192 3 is_stmt 1 view .LVU8
  45              		.loc 1 192 28 is_stmt 0 view .LVU9
  46 0008 054B     		ldr	r3, .L2+8
  47 000a 0360     		str	r3, [r0]	@ float
 193:Core/Src/sys_sensors.c **** 
 194:Core/Src/sys_sensors.c ****   sensor_data->latitude  = (int32_t)((STSOP_LATTITUDE  * MAX_GPS_POS) / 90);
  48              		.loc 1 194 3 is_stmt 1 view .LVU10
  49              		.loc 1 194 26 is_stmt 0 view .LVU11
  50 000c 054B     		ldr	r3, .L2+12
  51 000e C360     		str	r3, [r0, #12]
 195:Core/Src/sys_sensors.c ****   sensor_data->longitude = (int32_t)((STSOP_LONGITUDE  * MAX_GPS_POS) / 180);
  52              		.loc 1 195 3 is_stmt 1 view .LVU12
  53              		.loc 1 195 26 is_stmt 0 view .LVU13
  54 0010 054B     		ldr	r3, .L2+16
  55 0012 0361     		str	r3, [r0, #16]
 196:Core/Src/sys_sensors.c **** 
 197:Core/Src/sys_sensors.c ****   return 0;
  56              		.loc 1 197 3 is_stmt 1 view .LVU14
 198:Core/Src/sys_sensors.c ****   /* USER CODE END EnvSensors_Read */
 199:Core/Src/sys_sensors.c **** }
  57              		.loc 1 199 1 is_stmt 0 view .LVU15
  58 0014 0020     		movs	r0, #0
  59              	.LVL1:
  60              		.loc 1 199 1 view .LVU16
  61 0016 7047     		bx	lr
  62              	.L3:
  63              		.align	2
  64              	.L2:
  65 0018 00004842 		.word	1112014848
  66 001c 00009041 		.word	1099956224
  67 0020 00007A44 		.word	1148846080
  68 0024 0D093E00 		.word	4065549
  69 0028 AB030500 		.word	328619
  70              		.cfi_endproc
  71              	.LFE0:
  73              		.section	.text.EnvSensors_Init,"ax",%progbits
  74              		.align	1
  75              		.global	EnvSensors_Init
  76              		.syntax unified
  77              		.thumb
  78              		.thumb_func
  80              	EnvSensors_Init:
  81              	.LFB1:
 200:Core/Src/sys_sensors.c **** 
 201:Core/Src/sys_sensors.c **** int32_t  EnvSensors_Init(void)
 202:Core/Src/sys_sensors.c **** {
  82              		.loc 1 202 1 is_stmt 1 view -0
  83              		.cfi_startproc
  84              		@ args = 0, pretend = 0, frame = 0
  85              		@ frame_needed = 0, uses_anonymous_args = 0
  86              		@ link register save eliminated.
ARM GAS  C:\Users\NATHAN~1\AppData\Local\Temp\cc03aTx5.s 			page 6


 203:Core/Src/sys_sensors.c ****   /* USER CODE BEGIN EnvSensors_Init */
 204:Core/Src/sys_sensors.c **** #if defined (SENSOR_ENABLED) && (SENSOR_ENABLED == 1)
 205:Core/Src/sys_sensors.c ****   /* Init */
 206:Core/Src/sys_sensors.c **** #if (USE_IKS01A2_ENV_SENSOR_HTS221_0 == 1)
 207:Core/Src/sys_sensors.c ****   IKS01A2_ENV_SENSOR_Init(HTS221_0, ENV_TEMPERATURE | ENV_HUMIDITY);
 208:Core/Src/sys_sensors.c **** #endif /* USE_IKS01A2_ENV_SENSOR_HTS221_0 */
 209:Core/Src/sys_sensors.c **** #if (USE_IKS01A2_ENV_SENSOR_LPS22HB_0 == 1)
 210:Core/Src/sys_sensors.c ****   IKS01A2_ENV_SENSOR_Init(LPS22HB_0, ENV_TEMPERATURE | ENV_PRESSURE);
 211:Core/Src/sys_sensors.c **** #endif /* USE_IKS01A2_ENV_SENSOR_LPS22HB_0 */
 212:Core/Src/sys_sensors.c **** #if (USE_IKS01A3_ENV_SENSOR_HTS221_0 == 1)
 213:Core/Src/sys_sensors.c ****   IKS01A3_ENV_SENSOR_Init(IKS01A3_HTS221_0, ENV_TEMPERATURE | ENV_HUMIDITY);
 214:Core/Src/sys_sensors.c **** #endif /* USE_IKS01A3_ENV_SENSOR_HTS221_0 */
 215:Core/Src/sys_sensors.c **** #if (USE_IKS01A3_ENV_SENSOR_LPS22HH_0 == 1)
 216:Core/Src/sys_sensors.c ****   IKS01A3_ENV_SENSOR_Init(IKS01A3_LPS22HH_0, ENV_TEMPERATURE | ENV_PRESSURE);
 217:Core/Src/sys_sensors.c **** #endif /* USE_IKS01A3_ENV_SENSOR_LPS22HH_0 */
 218:Core/Src/sys_sensors.c **** 
 219:Core/Src/sys_sensors.c ****   /* Enable */
 220:Core/Src/sys_sensors.c **** #if (USE_IKS01A2_ENV_SENSOR_HTS221_0 == 1)
 221:Core/Src/sys_sensors.c ****   IKS01A2_ENV_SENSOR_Enable(HTS221_0, ENV_HUMIDITY);
 222:Core/Src/sys_sensors.c ****   IKS01A2_ENV_SENSOR_Enable(HTS221_0, ENV_TEMPERATURE);
 223:Core/Src/sys_sensors.c **** #endif /* USE_IKS01A2_ENV_SENSOR_HTS221_0 */
 224:Core/Src/sys_sensors.c **** #if (USE_IKS01A2_ENV_SENSOR_LPS22HB_0 == 1)
 225:Core/Src/sys_sensors.c ****   IKS01A2_ENV_SENSOR_Enable(LPS22HB_0, ENV_PRESSURE);
 226:Core/Src/sys_sensors.c ****   IKS01A2_ENV_SENSOR_Enable(LPS22HB_0, ENV_TEMPERATURE);
 227:Core/Src/sys_sensors.c **** #endif /* USE_IKS01A2_ENV_SENSOR_LPS22HB_0 */
 228:Core/Src/sys_sensors.c **** #if (USE_IKS01A3_ENV_SENSOR_HTS221_0 == 1)
 229:Core/Src/sys_sensors.c ****   IKS01A3_ENV_SENSOR_Enable(IKS01A3_HTS221_0, ENV_HUMIDITY);
 230:Core/Src/sys_sensors.c ****   IKS01A3_ENV_SENSOR_Enable(IKS01A3_HTS221_0, ENV_TEMPERATURE);
 231:Core/Src/sys_sensors.c **** #endif /* USE_IKS01A3_ENV_SENSOR_HTS221_0 */
 232:Core/Src/sys_sensors.c **** #if (USE_IKS01A3_ENV_SENSOR_LPS22HH_0 == 1)
 233:Core/Src/sys_sensors.c ****   IKS01A3_ENV_SENSOR_Enable(IKS01A3_LPS22HH_0, ENV_PRESSURE);
 234:Core/Src/sys_sensors.c ****   IKS01A3_ENV_SENSOR_Enable(IKS01A3_LPS22HH_0, ENV_TEMPERATURE);
 235:Core/Src/sys_sensors.c **** #endif /* USE_IKS01A3_ENV_SENSOR_LPS22HH_0 */
 236:Core/Src/sys_sensors.c **** 
 237:Core/Src/sys_sensors.c ****   /* Get capabilities */
 238:Core/Src/sys_sensors.c **** #if (USE_IKS01A2_ENV_SENSOR_HTS221_0 == 1)
 239:Core/Src/sys_sensors.c ****   IKS01A2_ENV_SENSOR_GetCapabilities(HTS221_0, &EnvCapabilities);
 240:Core/Src/sys_sensors.c **** #endif /* USE_IKS01A2_ENV_SENSOR_HTS221_0 */
 241:Core/Src/sys_sensors.c **** #if (USE_IKS01A2_ENV_SENSOR_LPS22HB_0 == 1)
 242:Core/Src/sys_sensors.c ****   IKS01A2_ENV_SENSOR_GetCapabilities(LPS22HB_0, &EnvCapabilities);
 243:Core/Src/sys_sensors.c **** #endif /* USE_IKS01A2_ENV_SENSOR_LPS22HB_0 */
 244:Core/Src/sys_sensors.c **** #if (USE_IKS01A3_ENV_SENSOR_HTS221_0 == 1)
 245:Core/Src/sys_sensors.c ****   IKS01A3_ENV_SENSOR_GetCapabilities(IKS01A3_HTS221_0, &EnvCapabilities);
 246:Core/Src/sys_sensors.c **** #endif /* USE_IKS01A3_ENV_SENSOR_HTS221_0 */
 247:Core/Src/sys_sensors.c **** #if (USE_IKS01A3_ENV_SENSOR_LPS22HH_0 == 1)
 248:Core/Src/sys_sensors.c ****   IKS01A3_ENV_SENSOR_GetCapabilities(IKS01A3_LPS22HH_0, &EnvCapabilities);
 249:Core/Src/sys_sensors.c **** #endif /* USE_IKS01A3_ENV_SENSOR_LPS22HH_0 */
 250:Core/Src/sys_sensors.c **** 
 251:Core/Src/sys_sensors.c **** #elif !defined (SENSOR_ENABLED)
 252:Core/Src/sys_sensors.c **** #error SENSOR_ENABLED not defined
 253:Core/Src/sys_sensors.c **** #endif /* SENSOR_ENABLED  */
 254:Core/Src/sys_sensors.c ****   return 0;
  87              		.loc 1 254 3 view .LVU18
 255:Core/Src/sys_sensors.c ****   /* USER CODE END EnvSensors_Init */
 256:Core/Src/sys_sensors.c **** }
  88              		.loc 1 256 1 is_stmt 0 view .LVU19
  89 0000 0020     		movs	r0, #0
ARM GAS  C:\Users\NATHAN~1\AppData\Local\Temp\cc03aTx5.s 			page 7


  90 0002 7047     		bx	lr
  91              		.cfi_endproc
  92              	.LFE1:
  94              		.text
  95              	.Letext0:
  96              		.file 2 "c:\\program files (x86)\\gnu arm embedded toolchain\\10 2021.10\\arm-none-eabi\\include\\
  97              		.file 3 "c:\\program files (x86)\\gnu arm embedded toolchain\\10 2021.10\\arm-none-eabi\\include\\
  98              		.file 4 "Core/Inc/sys_sensors.h"
ARM GAS  C:\Users\NATHAN~1\AppData\Local\Temp\cc03aTx5.s 			page 8


DEFINED SYMBOLS
                            *ABS*:00000000 sys_sensors.c
C:\Users\NATHAN~1\AppData\Local\Temp\cc03aTx5.s:18     .text.EnvSensors_Read:00000000 $t
C:\Users\NATHAN~1\AppData\Local\Temp\cc03aTx5.s:24     .text.EnvSensors_Read:00000000 EnvSensors_Read
C:\Users\NATHAN~1\AppData\Local\Temp\cc03aTx5.s:65     .text.EnvSensors_Read:00000018 $d
C:\Users\NATHAN~1\AppData\Local\Temp\cc03aTx5.s:74     .text.EnvSensors_Init:00000000 $t
C:\Users\NATHAN~1\AppData\Local\Temp\cc03aTx5.s:80     .text.EnvSensors_Init:00000000 EnvSensors_Init

NO UNDEFINED SYMBOLS
